#
# A fatal error has been detected by the Java Runtime Environment:
#
#  SIGSEGV (0xb) at pc=0x00007fd474b00dda, pid=4708, tid=0x00007fd4b1d12700
#
# JRE version: Java(TM) SE Runtime Environment (8.0_101-b13) (build 1.8.0_101-b13)
# Java VM: Java HotSpot(TM) 64-Bit Server VM (25.101-b13 mixed mode linux-amd64 compressed oops)
# Problematic frame:
# C  [i965_dri.so+0x3eedda]
#
# Failed to write core dump. Core dumps have been disabled. To enable core dumping, try "ulimit -c unlimited" before starting Java again
#
# If you would like to submit a bug report, please visit:
#   http://bugreport.java.com/bugreport/crash.jsp
# The crash happened outside the Java Virtual Machine in native code.
# See problematic frame for where to report the bug.
#

---------------  T H R E A D  ---------------

Current thread (0x00007fd47c04c800):  JavaThread "QuantumRenderer-0" daemon [_thread_in_native, id=4730, stack(0x00007fd4b1c12000,0x00007fd4b1d13000)]

siginfo: si_signo: 11 (SIGSEGV), si_code: 1 (SEGV_MAPERR), si_addr: 0x0000000000000210

Registers:
RAX=0x0000000000000000, RBX=0x00007fd4802092e8, RCX=0x0000000000000000, RDX=0x00007fd4747cde40
RSP=0x00007fd4b1d10ee0, RBP=0x00007fd482248f20, RSI=0x0000000000000052, RDI=0x00007fd4b1d10f04
R8 =0x0000000000000000, R9 =0x0000000000000001, R10=0x0000000000000000, R11=0x00007fd4cd81f390
R12=0x00007fd48022dfc4, R13=0x00007fd4b1d10f08, R14=0x0000000000000000, R15=0x00007fd482248f20
RIP=0x00007fd474b00dda, EFLAGS=0x0000000000010246, CSGSFS=0x0000000000000033, ERR=0x0000000000000004
  TRAPNO=0x000000000000000e

Top of Stack: (sp=0x00007fd4b1d10ee0)
0x00007fd4b1d10ee0:   000000000000ffe0 0000000500000ffe
0x00007fd4b1d10ef0:   00007fd4b1d10f04 00007fd400000000
0x00007fd4b1d10f00:   0000000000000ffe 00007fd4cd71b6c0
0x00007fd4b1d10f10:   0000000000000000 00007fd4802092e8
0x00007fd4b1d10f20:   0000000000000001 00007fd48022dfc4
0x00007fd4b1d10f30:   0000000000000001 00007fd48022dfc4
0x00007fd4b1d10f40:   00007fd4819240d0 00007fd474b02225
0x00007fd4b1d10f50:   0000000000000000 00000308000004c9
0x00007fd4b1d10f60:   00007fd48022e570 00007fd4802092e8
0x00007fd4b1d10f70:   00007fd48022e5b8 00007fd474eee560
0x00007fd4b1d10f80:   00007fd48022e840 0000000000000000
0x00007fd4b1d10f90:   00007fd4b1d11110 00007fd474b022c1
0x00007fd4b1d10fa0:   00007fd4802092e8 00007fd474ad721b
0x00007fd4b1d10fb0:   00007f00b1d1107c 00007fd4b1d10fd0
0x00007fd4b1d10fc0:   000000000c414000 00000c4000e28a09
0x00007fd4b1d10fd0:   0000000000000004 00007fd480267ce0
0x00007fd4b1d10fe0:   0000000000000000 00007fd4802092e8
0x00007fd4b1d10ff0:   0000000000000004 00007fd4b1d11110
0x00007fd4b1d11000:   0000000000000003 0000000000000000
0x00007fd4b1d11010:   00007fd4b1d11110 00007fd474a60cb7
0x00007fd4b1d11020:   0000000000000000 0000000000000000
0x00007fd4b1d11030:   0000000000000000 00007fd481f25b48
0x00007fd4b1d11040:   00000000a3619030 0000000000000000
0x00007fd4b1d11050:   00007fd474eee560 0000000100b95ae7
0x00007fd4b1d11060:   00007fd48022cf70 00007fd480267ce0
0x00007fd4b1d11070:   00007fd400000000 0000000074841311
0x00007fd4b1d11080:   00007fd4802092e8 00007fd4802092e8
0x00007fd4b1d11090:   0000000000000006 0000000000000000
0x00007fd4b1d110a0:   00000000ffffffff 00007fd480264a40
0x00007fd4b1d110b0:   0000000000000004 00007fd47489c1db
0x00007fd4b1d110c0:   0000000000000003 0000000000000000
0x00007fd4b1d110d0:   01007fd400000000 0000000000000000 

Instructions: (pc=0x00007fd474b00dda)
0x00007fd474b00dba:   3d 02 00 00 0f 84 1c 02 00 00 48 8d 7c 24 24 48
0x00007fd474b00dca:   8b 85 88 00 00 00 4c 8d 6c 24 28 48 89 7c 24 10
0x00007fd474b00dda:   83 b8 10 02 00 00 03 0f 84 e1 01 00 00 4c 8d 4c
0x00007fd474b00dea:   24 2c 45 31 c0 b9 20 00 00 00 ba 18 00 00 00 be 

Register to memory mapping:

RAX=0x0000000000000000 is an unknown value
RBX=0x00007fd4802092e8 is an unknown value
RCX=0x0000000000000000 is an unknown value
RDX=0x00007fd4747cde40: <offset 0xbbe40> in /usr/lib/x86_64-linux-gnu/dri/i965_dri.so at 0x00007fd474712000
RSP=0x00007fd4b1d10ee0 is pointing into the stack for thread: 0x00007fd47c04c800
RBP=0x00007fd482248f20 is an unknown value
RSI=0x0000000000000052 is an unknown value
RDI=0x00007fd4b1d10f04 is pointing into the stack for thread: 0x00007fd47c04c800
R8 =0x0000000000000000 is an unknown value
R9 =0x0000000000000001 is an unknown value
R10=0x0000000000000000 is an unknown value
R11=0x00007fd4cd81f390: <offset 0x186390> in /lib/x86_64-linux-gnu/libc.so.6 at 0x00007fd4cd699000
R12=0x00007fd48022dfc4 is an unknown value
R13=0x00007fd4b1d10f08 is pointing into the stack for thread: 0x00007fd47c04c800
R14=0x0000000000000000 is an unknown value
R15=0x00007fd482248f20 is an unknown value


Stack: [0x00007fd4b1c12000,0x00007fd4b1d13000],  sp=0x00007fd4b1d10ee0,  free space=1019k
Native frames: (J=compiled Java code, j=interpreted, Vv=VM code, C=native code)
C  [i965_dri.so+0x3eedda]

Java frames: (J=compiled Java code, j=interpreted, Vv=VM code)
J 2179  com.sun.prism.es2.GLContext.nDrawIndexedQuads(JI[F[B)V (0 bytes) @ 0x00007fd4b87b73ec [0x00007fd4b87b7380+0x6c]
J 2177 C1 com.sun.prism.es2.ES2Context.renderQuads([F[BI)V (11 bytes) @ 0x00007fd4b87b7c1c [0x00007fd4b87b7ac0+0x15c]
J 1494 C1 com.sun.prism.impl.BaseContext.flushVertexBuffer()V (8 bytes) @ 0x00007fd4b86313c4 [0x00007fd4b8631020+0x3a4]
j  com.sun.prism.es2.ES2SwapChain.drawTexture(Lcom/sun/prism/es2/ES2Graphics;Lcom/sun/prism/RTTexture;FFFFFFFF)V+68
j  com.sun.prism.es2.ES2SwapChain.prepare(Lcom/sun/javafx/geom/Rectangle;)Z+146
J 4830 C1 com.sun.javafx.tk.quantum.PresentingPainter.run()V (675 bytes) @ 0x00007fd4b8ed3b04 [0x00007fd4b8ed1a80+0x2084]
j  java.util.concurrent.Executors$RunnableAdapter.call()Ljava/lang/Object;+4
j  java.util.concurrent.FutureTask.runAndReset()Z+47
j  com.sun.javafx.tk.RenderJob.run()V+1
j  java.util.concurrent.ThreadPoolExecutor.runWorker(Ljava/util/concurrent/ThreadPoolExecutor$Worker;)V+95
j  java.util.concurrent.ThreadPoolExecutor$Worker.run()V+5
j  com.sun.javafx.tk.quantum.QuantumRenderer$PipelineRunnable.run()V+8
j  java.lang.Thread.run()V+11
v  ~StubRoutines::call_stub

---------------  P R O C E S S  ---------------

Java Threads: ( => current thread )
  0x00007fd482097800 JavaThread "AWT-EventQueue-0" [_thread_blocked, id=4768, stack(0x00007fd46b229000,0x00007fd46b32a000)]
  0x00007fd48208d000 JavaThread "AWT-Shutdown" [_thread_blocked, id=4767, stack(0x00007fd46b128000,0x00007fd46b229000)]
  0x00007fd4819ff000 JavaThread "Prism Font Disposer" daemon [_thread_blocked, id=4749, stack(0x00007fd46a740000,0x00007fd46a841000)]
  0x00007fd48194d000 JavaThread "TimerQueue" daemon [_thread_blocked, id=4746, stack(0x00007fd46b027000,0x00007fd46b128000)]
  0x00007fd481813000 JavaThread "AWT-XAWT" daemon [_thread_in_native, id=4737, stack(0x00007fd46ba2d000,0x00007fd46bb2e000)]
  0x00007fd481805800 JavaThread "Java2D Disposer" daemon [_thread_blocked, id=4736, stack(0x00007fd4700d9000,0x00007fd4701da000)]
  0x00007fd47c0f2800 JavaThread "JavaFX Application Thread" [_thread_blocked, id=4734, stack(0x00007fd470d4f000,0x00007fd470e50000)]
  0x00007fd47c0ef000 JavaThread "Thread-2" daemon [_thread_blocked, id=4732, stack(0x00007fd471651000,0x00007fd471752000)]
=>0x00007fd47c04c800 JavaThread "QuantumRenderer-0" daemon [_thread_in_native, id=4730, stack(0x00007fd4b1c12000,0x00007fd4b1d13000)]
  0x00007fd4c81bb800 JavaThread "JavaFX-Launcher" [_thread_blocked, id=4729, stack(0x00007fd4b1d13000,0x00007fd4b1e14000)]
  0x00007fd4c8156000 JavaThread "Monitor Ctrl-Break" daemon [_thread_in_native, id=4728, stack(0x00007fd4b20f2000,0x00007fd4b21f3000)]
  0x00007fd4c80c5000 JavaThread "Service Thread" daemon [_thread_blocked, id=4726, stack(0x00007fd4b256a000,0x00007fd4b266b000)]
  0x00007fd4c80b8800 JavaThread "C1 CompilerThread1" daemon [_thread_blocked, id=4725, stack(0x00007fd4b266b000,0x00007fd4b276c000)]
  0x00007fd4c80b5800 JavaThread "C2 CompilerThread0" daemon [_thread_in_native, id=4724, stack(0x00007fd4b276c000,0x00007fd4b286d000)]
  0x00007fd4c80b4000 JavaThread "Signal Dispatcher" daemon [_thread_blocked, id=4723, stack(0x00007fd4b286d000,0x00007fd4b296e000)]
  0x00007fd4c8080800 JavaThread "Finalizer" daemon [_thread_blocked, id=4717, stack(0x00007fd4b3050000,0x00007fd4b3151000)]
  0x00007fd4c807b800 JavaThread "Reference Handler" daemon [_thread_blocked, id=4716, stack(0x00007fd4b3151000,0x00007fd4b3252000)]
  0x00007fd4c800a800 JavaThread "main" [_thread_blocked, id=4710, stack(0x00007fd4ce196000,0x00007fd4ce297000)]

Other Threads:
  0x00007fd4c8074000 VMThread [stack: 0x00007fd4b3252000,0x00007fd4b3353000] [id=4715]
  0x00007fd4c80c8000 WatcherThread [stack: 0x00007fd4b2469000,0x00007fd4b256a000] [id=4727]

VM state:not at safepoint (normal execution)

VM Mutex/Monitor currently owned by a thread: None

Heap:
 PSYoungGen      total 38400K, used 28038K [0x00000000e1200000, 0x00000000e7180000, 0x0000000100000000)
  eden space 34816K, 80% used [0x00000000e1200000,0x00000000e2d61bf0,0x00000000e3400000)
  from space 3584K, 0% used [0x00000000e3400000,0x00000000e3400000,0x00000000e3780000)
  to   space 27136K, 0% used [0x00000000e5700000,0x00000000e5700000,0x00000000e7180000)
 ParOldGen       total 114688K, used 33417K [0x00000000a3600000, 0x00000000aa600000, 0x00000000e1200000)
  object space 114688K, 29% used [0x00000000a3600000,0x00000000a56a2788,0x00000000aa600000)
 Metaspace       used 28598K, capacity 29758K, committed 29824K, reserved 1075200K
  class space    used 3703K, capacity 3942K, committed 3968K, reserved 1048576K

Card table byte_map: [0x00007fd4b7ac9000,0x00007fd4b7daf000] byte_map_base: 0x00007fd4b75ae000

Marking Bits: (ParMarkBitMap*) 0x00007fd4cd66c120
 Begin Bits: [0x00007fd4b498a000, 0x00007fd4b60b2000)
 End Bits:   [0x00007fd4b60b2000, 0x00007fd4b77da000)

Polling page: 0x00007fd4ce2b5000

CodeCache: size=245760Kb used=13793Kb max_used=13956Kb free=231966Kb
 bounds [0x00007fd4b816f000, 0x00007fd4b8f1f000, 0x00007fd4c716f000]
 total_blobs=5476 nmethods=4564 adapters=825
 compilation: enabled

Compilation events (10 events):
Event: 97.561 Thread 0x00007fd4c80b8800 nmethod 5074 0x00007fd4b8687590 code [0x00007fd4b8687740, 0x00007fd4b8687cd8]
Event: 97.562 Thread 0x00007fd4c80b8800 5076       1       javafx.scene.layout.CornerRadii::getTopLeftHorizontalRadius (5 bytes)
Event: 97.563 Thread 0x00007fd4c80b8800 nmethod 5076 0x00007fd4b86b6350 code [0x00007fd4b86b64a0, 0x00007fd4b86b65b0]
Event: 97.563 Thread 0x00007fd4c80b8800 5078       3       com.sun.prism.impl.ps.BaseShaderGraphics::setLights (6 bytes)
Event: 97.563 Thread 0x00007fd4c80b8800 nmethod 5078 0x00007fd4b8623e90 code [0x00007fd4b8623fe0, 0x00007fd4b8624150]
Event: 97.564 Thread 0x00007fd4c80b8800 5075       3       javafx.scene.shape.Rectangle::impl_computeGeomBounds (132 bytes)
Event: 97.566 Thread 0x00007fd4c80b5800 5079       4       java.security.AccessControlContext::optimize (318 bytes)
Event: 97.573 Thread 0x00007fd4c80b8800 nmethod 5075 0x00007fd4b8710c10 code [0x00007fd4b8710fc0, 0x00007fd4b8713698]
Event: 97.574 Thread 0x00007fd4c80b8800 5077       1       sun.awt.X11.XBaseWindow::isVisible (5 bytes)
Event: 97.574 Thread 0x00007fd4c80b8800 nmethod 5077 0x00007fd4b86872d0 code [0x00007fd4b8687420, 0x00007fd4b8687530]

GC Heap History (10 events):
Event: 3.752 GC heap before
{Heap before GC invocations=3 (full 1):
 PSYoungGen      total 28160K, used 3557K [0x00000000e1200000, 0x00000000e4900000, 0x0000000100000000)
  eden space 24576K, 0% used [0x00000000e1200000,0x00000000e1200000,0x00000000e2a00000)
  from space 3584K, 99% used [0x00000000e2d80000,0x00000000e30f94e0,0x00000000e3100000)
  to   space 3584K, 0% used [0x00000000e2a00000,0x00000000e2a00000,0x00000000e2d80000)
 ParOldGen       total 64512K, used 2157K [0x00000000a3600000, 0x00000000a7500000, 0x00000000e1200000)
  object space 64512K, 3% used [0x00000000a3600000,0x00000000a381b6d0,0x00000000a7500000)
 Metaspace       used 20474K, capacity 21072K, committed 21248K, reserved 1067008K
  class space    used 2791K, capacity 2967K, committed 3072K, reserved 1048576K
Event: 3.799 GC heap after
Heap after GC invocations=3 (full 1):
 PSYoungGen      total 28160K, used 0K [0x00000000e1200000, 0x00000000e4900000, 0x0000000100000000)
  eden space 24576K, 0% used [0x00000000e1200000,0x00000000e1200000,0x00000000e2a00000)
  from space 3584K, 0% used [0x00000000e2d80000,0x00000000e2d80000,0x00000000e3100000)
  to   space 3584K, 0% used [0x00000000e2a00000,0x00000000e2a00000,0x00000000e2d80000)
 ParOldGen       total 43520K, used 5042K [0x00000000a3600000, 0x00000000a6080000, 0x00000000e1200000)
  object space 43520K, 11% used [0x00000000a3600000,0x00000000a3aec800,0x00000000a6080000)
 Metaspace       used 20474K, capacity 21072K, committed 21248K, reserved 1067008K
  class space    used 2791K, capacity 2967K, committed 3072K, reserved 1048576K
}
Event: 11.818 GC heap before
{Heap before GC invocations=4 (full 1):
 PSYoungGen      total 28160K, used 22646K [0x00000000e1200000, 0x00000000e4900000, 0x0000000100000000)
  eden space 24576K, 92% used [0x00000000e1200000,0x00000000e281dbc0,0x00000000e2a00000)
  from space 3584K, 0% used [0x00000000e2d80000,0x00000000e2d80000,0x00000000e3100000)
  to   space 3584K, 0% used [0x00000000e2a00000,0x00000000e2a00000,0x00000000e2d80000)
 ParOldGen       total 43520K, used 5042K [0x00000000a3600000, 0x00000000a6080000, 0x00000000e1200000)
  object space 43520K, 11% used [0x00000000a3600000,0x00000000a3aec800,0x00000000a6080000)
 Metaspace       used 24801K, capacity 25914K, committed 26112K, reserved 1071104K
  class space    used 3538K, capacity 3764K, committed 3840K, reserved 1048576K
Event: 11.829 GC heap after
Heap after GC invocations=4 (full 1):
 PSYoungGen      total 28160K, used 3581K [0x00000000e1200000, 0x00000000e3b00000, 0x0000000100000000)
  eden space 24576K, 0% used [0x00000000e1200000,0x00000000e1200000,0x00000000e2a00000)
  from space 3584K, 99% used [0x00000000e2a00000,0x00000000e2d7f5a8,0x00000000e2d80000)
  to   space 3584K, 0% used [0x00000000e3780000,0x00000000e3780000,0x00000000e3b00000)
 ParOldGen       total 43520K, used 10607K [0x00000000a3600000, 0x00000000a6080000, 0x00000000e1200000)
  object space 43520K, 24% used [0x00000000a3600000,0x00000000a405bf28,0x00000000a6080000)
 Metaspace       used 24801K, capacity 25914K, committed 26112K, reserved 1071104K
  class space    used 3538K, capacity 3764K, committed 3840K, reserved 1048576K
}
Event: 47.298 GC heap before
{Heap before GC invocations=5 (full 1):
 PSYoungGen      total 28160K, used 28123K [0x00000000e1200000, 0x00000000e3b00000, 0x0000000100000000)
  eden space 24576K, 99% used [0x00000000e1200000,0x00000000e29f77e0,0x00000000e2a00000)
  from space 3584K, 99% used [0x00000000e2a00000,0x00000000e2d7f5a8,0x00000000e2d80000)
  to   space 3584K, 0% used [0x00000000e3780000,0x00000000e3780000,0x00000000e3b00000)
 ParOldGen       total 43520K, used 10607K [0x00000000a3600000, 0x00000000a6080000, 0x00000000e1200000)
  object space 43520K, 24% used [0x00000000a3600000,0x00000000a405bf28,0x00000000a6080000)
 Metaspace       used 27588K, capacity 28710K, committed 28800K, reserved 1075200K
  class space    used 3685K, capacity 3938K, committed 3968K, reserved 1048576K
Event: 47.321 GC heap after
Heap after GC invocations=5 (full 1):
 PSYoungGen      total 36864K, used 3581K [0x00000000e1200000, 0x00000000e3b00000, 0x0000000100000000)
  eden space 33280K, 0% used [0x00000000e1200000,0x00000000e1200000,0x00000000e3280000)
  from space 3584K, 99% used [0x00000000e3780000,0x00000000e3aff5a8,0x00000000e3b00000)
  to   space 3584K, 0% used [0x00000000e3400000,0x00000000e3400000,0x00000000e3780000)
 ParOldGen       total 43520K, used 22425K [0x00000000a3600000, 0x00000000a6080000, 0x00000000e1200000)
  object space 43520K, 51% used [0x00000000a3600000,0x00000000a4be66d8,0x00000000a6080000)
 Metaspace       used 27588K, capacity 28710K, committed 28800K, reserved 1075200K
  class space    used 3685K, capacity 3938K, committed 3968K, reserved 1048576K
}
Event: 64.141 GC heap before
{Heap before GC invocations=6 (full 1):
 PSYoungGen      total 36864K, used 36861K [0x00000000e1200000, 0x00000000e3b00000, 0x0000000100000000)
  eden space 33280K, 100% used [0x00000000e1200000,0x00000000e3280000,0x00000000e3280000)
  from space 3584K, 99% used [0x00000000e3780000,0x00000000e3aff5a8,0x00000000e3b00000)
  to   space 3584K, 0% used [0x00000000e3400000,0x00000000e3400000,0x00000000e3780000)
 ParOldGen       total 43520K, used 22425K [0x00000000a3600000, 0x00000000a6080000, 0x00000000e1200000)
  object space 43520K, 51% used [0x00000000a3600000,0x00000000a4be66d8,0x00000000a6080000)
 Metaspace       used 28237K, capacity 29420K, committed 29568K, reserved 1075200K
  class space    used 3700K, capacity 3939K, committed 3968K, reserved 1048576K
Event: 64.169 GC heap after
Heap after GC invocations=6 (full 1):
 PSYoungGen      total 38400K, used 3581K [0x00000000e1200000, 0x00000000e7180000, 0x0000000100000000)
  eden space 34816K, 0% used [0x00000000e1200000,0x00000000e1200000,0x00000000e3400000)
  from space 3584K, 99% used [0x00000000e3400000,0x00000000e377f5a8,0x00000000e3780000)
  to   space 27136K, 0% used [0x00000000e5700000,0x00000000e5700000,0x00000000e7180000)
 ParOldGen       total 47104K, used 45480K [0x00000000a3600000, 0x00000000a6400000, 0x00000000e1200000)
  object space 47104K, 96% used [0x00000000a3600000,0x00000000a626a2f8,0x00000000a6400000)
 Metaspace       used 28237K, capacity 29420K, committed 29568K, reserved 1075200K
  class space    used 3700K, capacity 3939K, committed 3968K, reserved 1048576K
}
Event: 64.169 GC heap before
{Heap before GC invocations=7 (full 2):
 PSYoungGen      total 38400K, used 3581K [0x00000000e1200000, 0x00000000e7180000, 0x0000000100000000)
  eden space 34816K, 0% used [0x00000000e1200000,0x00000000e1200000,0x00000000e3400000)
  from space 3584K, 99% used [0x00000000e3400000,0x00000000e377f5a8,0x00000000e3780000)
  to   space 27136K, 0% used [0x00000000e5700000,0x00000000e5700000,0x00000000e7180000)
 ParOldGen       total 47104K, used 45480K [0x00000000a3600000, 0x00000000a6400000, 0x00000000e1200000)
  object space 47104K, 96% used [0x00000000a3600000,0x00000000a626a2f8,0x00000000a6400000)
 Metaspace       used 28237K, capacity 29420K, committed 29568K, reserved 1075200K
  class space    used 3700K, capacity 3939K, committed 3968K, reserved 1048576K
Event: 64.251 GC heap after
Heap after GC invocations=7 (full 2):
 PSYoungGen      total 38400K, used 0K [0x00000000e1200000, 0x00000000e7180000, 0x0000000100000000)
  eden space 34816K, 0% used [0x00000000e1200000,0x00000000e1200000,0x00000000e3400000)
  from space 3584K, 0% used [0x00000000e3400000,0x00000000e3400000,0x00000000e3780000)
  to   space 27136K, 0% used [0x00000000e5700000,0x00000000e5700000,0x00000000e7180000)
 ParOldGen       total 114688K, used 33417K [0x00000000a3600000, 0x00000000aa600000, 0x00000000e1200000)
  object space 114688K, 29% used [0x00000000a3600000,0x00000000a56a2788,0x00000000aa600000)
 Metaspace       used 28237K, capacity 29420K, committed 29568K, reserved 1075200K
  class space    used 3700K, capacity 3939K, committed 3968K, reserved 1048576K
}

Deoptimization events (10 events):
Event: 47.488 Thread 0x00007fd482097800 Uncommon trap: reason=unstable_if action=reinterpret pc=0x00007fd4b8b968ec method=sun.java2d.xr.DirtyRegion.setDirtyLineRegion(IIII)V @ 2
Event: 47.488 Thread 0x00007fd482097800 Uncommon trap: reason=unstable_if action=reinterpret pc=0x00007fd4b82a8798 method=sun.java2d.xr.DirtyRegion.setDirtyLineRegion(IIII)V @ 2
Event: 51.172 Thread 0x00007fd47c0f2800 Uncommon trap: reason=unstable_if action=reinterpret pc=0x00007fd4b8653540 method=javafx.scene.Scene.addToDirtyList(Ljavafx/scene/Node;)V @ 43
Event: 51.185 Thread 0x00007fd47c0f2800 Uncommon trap: reason=unstable_if action=reinterpret pc=0x00007fd4b8b5b850 method=javafx.scene.CssStyleHelper.transitionToState(Ljavafx/scene/Node;)V @ 130
Event: 52.045 Thread 0x00007fd482097800 Uncommon trap: reason=unstable_if action=reinterpret pc=0x00007fd4b828c564 method=sun.java2d.xr.GrowableRectArray.pushRectValues(IIII)V @ 25
Event: 54.592 Thread 0x00007fd481813000 Uncommon trap: reason=unstable_if action=reinterpret pc=0x00007fd4b8bd2e28 method=java.util.concurrent.locks.ReentrantLock$Sync.nonfairTryAcquire(I)Z @ 19
Event: 56.397 Thread 0x00007fd481813000 Uncommon trap: reason=unstable_if action=reinterpret pc=0x00007fd4b8a2c74c method=java.util.concurrent.locks.ReentrantLock$Sync.nonfairTryAcquire(I)Z @ 19
Event: 56.397 Thread 0x00007fd482097800 Uncommon trap: reason=unstable_if action=reinterpret pc=0x00007fd4b8c7ec9c method=java.util.concurrent.locks.AbstractQueuedSynchronizer.acquireQueued(Ljava/util/concurrent/locks/AbstractQueuedSynchronizer$Node;I)Z @ 17
Event: 70.809 Thread 0x00007fd47c0f2800 Uncommon trap: reason=bimorphic action=maybe_recompile pc=0x00007fd4b8e4d108 method=javafx.scene.Node.updateBounds()V @ 77
Event: 73.010 Thread 0x00007fd47c0f2800 Uncommon trap: reason=bimorphic action=maybe_recompile pc=0x00007fd4b8e4d108 method=javafx.scene.Node.updateBounds()V @ 77

Internal exceptions (10 events):
Event: 1.457 Thread 0x00007fd4c81bb800 Exception <a 'java/security/PrivilegedActionException'> (0x00000000e1576658) thrown at [/HUDSON3/workspace/8-2-build-linux-amd64/jdk8u101/7261/hotspot/src/share/vm/prims/jvm.cpp, line 1386]
Event: 1.457 Thread 0x00007fd4c81bb800 Exception <a 'java/security/PrivilegedActionException'> (0x00000000e1576868) thrown at [/HUDSON3/workspace/8-2-build-linux-amd64/jdk8u101/7261/hotspot/src/share/vm/prims/jvm.cpp, line 1386]
Event: 1.458 Thread 0x00007fd4c81bb800 Exception <a 'java/lang/NullPointerException'> (0x00000000e1576e40) thrown at [/HUDSON3/workspace/8-2-build-linux-amd64/jdk8u101/7261/hotspot/src/share/vm/interpreter/linkResolver.cpp, line 1178]
Event: 2.101 Thread 0x00007fd47c0f2800 Exception <a 'java/lang/NullPointerException'> (0x00000000e1cc7150) thrown at [/HUDSON3/workspace/8-2-build-linux-amd64/jdk8u101/7261/hotspot/src/share/vm/interpreter/linkResolver.cpp, line 1178]
Event: 2.101 Thread 0x00007fd47c0f2800 Exception <a 'java/lang/NullPointerException'> (0x00000000e1cc7150) thrown at [/HUDSON3/workspace/8-2-build-linux-amd64/jdk8u101/7261/hotspot/src/share/vm/prims/jvm.cpp, line 1390]
Event: 2.835 Thread 0x00007fd47c0f2800 Exception <a 'java/io/FileNotFoundException'> (0x00000000e272c338) thrown at [/HUDSON3/workspace/8-2-build-linux-amd64/jdk8u101/7261/hotspot/src/share/vm/prims/jni.cpp, line 709]
Event: 2.835 Thread 0x00007fd47c0f2800 Exception <a 'java/io/FileNotFoundException'> (0x00000000e272ccd0) thrown at [/HUDSON3/workspace/8-2-build-linux-amd64/jdk8u101/7261/hotspot/src/share/vm/prims/jni.cpp, line 709]
Event: 2.958 Thread 0x00007fd481817000 Exception <a 'java/lang/InterruptedException': sleep interrupted> (0x00000000e284f720) thrown at [/HUDSON3/workspace/8-2-build-linux-amd64/jdk8u101/7261/hotspot/src/share/vm/prims/jvm.cpp, line 3167]
Event: 3.417 Thread 0x00007fd481924800 Implicit null exception at 0x00007fd4b84252f5 to 0x00007fd4b8425655
Event: 3.417 Thread 0x00007fd481924800 Implicit null exception at 0x00007fd4b8396635 to 0x00007fd4b8396989

Events (10 events):
Event: 97.565 Executing VM operation: RevokeBias
Event: 97.565 Executing VM operation: RevokeBias done
Event: 97.565 Executing VM operation: RevokeBias
Event: 97.565 Executing VM operation: RevokeBias done
Event: 97.566 Executing VM operation: RevokeBias
Event: 97.566 Executing VM operation: RevokeBias done
Event: 97.573 Thread 0x00007fd4c80b8800 flushing nmethod 0x00007fd4b86d7990
Event: 97.574 Thread 0x00007fd4c80b8800 flushing nmethod 0x00007fd4b8770790
Event: 97.574 Thread 0x00007fd4c80b8800 flushing nmethod 0x00007fd4b8773c50
Event: 97.574 Thread 0x00007fd4c80b8800 flushing nmethod 0x00007fd4b87ce190


Dynamic libraries:
00400000-00401000 r-xp 00000000 08:01 2369467                            /usr/lib/jvm/java-8-oracle/bin/java
00600000-00601000 rw-p 00000000 08:01 2369467                            /usr/lib/jvm/java-8-oracle/bin/java
01d0e000-01d2f000 rw-p 00000000 00:00 0                                  [heap]
a3600000-aa600000 rw-p 00000000 00:00 0 
aa600000-e1200000 ---p 00000000 00:00 0 
e1200000-e7180000 rw-p 00000000 00:00 0 
e7180000-100000000 ---p 00000000 00:00 0 
100000000-1003e0000 rw-p 00000000 00:00 0 
1003e0000-140000000 ---p 00000000 00:00 0 
7fd466f24000-7fd467424000 rw-s 107f9c000 00:06 450                       /dev/dri/card0
7fd467424000-7fd467924000 rw-s 107a8c000 00:06 450                       /dev/dri/card0
7fd467924000-7fd467e24000 rw-s 10758c000 00:06 450                       /dev/dri/card0
7fd467f5b000-7fd46845b000 rw-s 10624f000 00:06 450                       /dev/dri/card0
7fd4684b1000-7fd4684d9000 rw-s 107099000 00:06 450                       /dev/dri/card0
7fd4688eb000-7fd468a2b000 rw-p 00000000 00:00 0 
7fd468a2b000-7fd468aeb000 ---p 00000000 00:00 0 
7fd468b53000-7fd468b7d000 r-xp 00000000 08:01 2369630                    /usr/lib/jvm/java-8-oracle/jre/lib/amd64/libdcpr.so
7fd468b7d000-7fd468d7d000 ---p 0002a000 08:01 2369630                    /usr/lib/jvm/java-8-oracle/jre/lib/amd64/libdcpr.so
7fd468d7d000-7fd468d80000 rw-p 0002a000 08:01 2369630                    /usr/lib/jvm/java-8-oracle/jre/lib/amd64/libdcpr.so
7fd469100000-7fd469169000 r-xp 00000000 08:01 2369670                    /usr/lib/jvm/java-8-oracle/jre/lib/amd64/libt2k.so
7fd469169000-7fd469369000 ---p 00069000 08:01 2369670                    /usr/lib/jvm/java-8-oracle/jre/lib/amd64/libt2k.so
7fd469369000-7fd469370000 rw-p 00069000 08:01 2369670                    /usr/lib/jvm/java-8-oracle/jre/lib/amd64/libt2k.so
7fd469370000-7fd469380000 rw-p 00000000 00:00 0 
7fd469380000-7fd469391000 r-xp 00000000 08:01 2369661                    /usr/lib/jvm/java-8-oracle/jre/lib/amd64/libnio.so
7fd469391000-7fd469590000 ---p 00011000 08:01 2369661                    /usr/lib/jvm/java-8-oracle/jre/lib/amd64/libnio.so
7fd469590000-7fd469591000 rw-p 00010000 08:01 2369661                    /usr/lib/jvm/java-8-oracle/jre/lib/amd64/libnio.so
7fd469591000-7fd469791000 rw-p 00000000 00:00 0 
7fd469c09000-7fd469c41000 rw-s 1074e7000 00:06 450                       /dev/dri/card0
7fd469c69000-7fd469c91000 rw-s 10745d000 00:06 450                       /dev/dri/card0
7fd469dd9000-7fd469de1000 rw-s 00000000 00:05 81767                      /drm mm object (deleted)
7fd469e8a000-7fd469eba000 rw-s 106a98000 00:06 450                       /dev/dri/card0
7fd469eba000-7fd469eca000 rw-s 106a67000 00:06 450                       /dev/dri/card0
7fd469eca000-7fd469eda000 rw-s 106a57000 00:06 450                       /dev/dri/card0
7fd469eda000-7fd469eea000 rw-s 106a47000 00:06 450                       /dev/dri/card0
7fd469eea000-7fd469efa000 rw-s 106a37000 00:06 450                       /dev/dri/card0
7fd469efa000-7fd469f0a000 rw-s 106a27000 00:06 450                       /dev/dri/card0
7fd469f0a000-7fd469f1a000 rw-s 106a17000 00:06 450                       /dev/dri/card0
7fd469f1a000-7fd469f2a000 rw-s 106a07000 00:06 450                       /dev/dri/card0
7fd469f2a000-7fd469f62000 rw-s 1069bf000 00:06 450                       /dev/dri/card0
7fd469f62000-7fd469f9a000 rw-s 106963000 00:06 450                       /dev/dri/card0
7fd469f9a000-7fd469fc1000 rw-s 00000000 00:05 10584091                   /SYSV00000000 (deleted)
7fd469fc1000-7fd469fd1000 rw-s 1069f7000 00:06 450                       /dev/dri/card0
7fd469fd1000-7fd46a009000 rw-s 10692b000 00:06 450                       /dev/dri/card0
7fd46a009000-7fd46a019000 rw-s 10691b000 00:06 450                       /dev/dri/card0
7fd46a019000-7fd46a029000 rw-s 10690b000 00:06 450                       /dev/dri/card0
7fd46a029000-7fd46a039000 rw-s 1068fb000 00:06 450                       /dev/dri/card0
7fd46a039000-7fd46a049000 rw-s 1068eb000 00:06 450                       /dev/dri/card0
7fd46a049000-7fd46a059000 rw-s 1068db000 00:06 450                       /dev/dri/card0
7fd46a059000-7fd46a069000 rw-s 1068cb000 00:06 450                       /dev/dri/card0
7fd46a069000-7fd46a079000 rw-s 1068bb000 00:06 450                       /dev/dri/card0
7fd46a079000-7fd46a089000 rw-s 1068ab000 00:06 450                       /dev/dri/card0
7fd46a089000-7fd46a099000 rw-s 10689b000 00:06 450                       /dev/dri/card0
7fd46a099000-7fd46a0a9000 rw-s 10688b000 00:06 450                       /dev/dri/card0
7fd46a0a9000-7fd46a0b9000 rw-s 10687b000 00:06 450                       /dev/dri/card0
7fd46a0b9000-7fd46a0c9000 rw-s 10686b000 00:06 450                       /dev/dri/card0
7fd46a0c9000-7fd46a101000 rw-s 10680f000 00:06 450                       /dev/dri/card0
7fd46a101000-7fd46a111000 rw-s 1067ff000 00:06 450                       /dev/dri/card0
7fd46a111000-7fd46a121000 rw-s 1067ef000 00:06 450                       /dev/dri/card0
7fd46a121000-7fd46a131000 rw-s 1067df000 00:06 450                       /dev/dri/card0
7fd46a131000-7fd46a141000 rw-s 1067cf000 00:06 450                       /dev/dri/card0
7fd46a141000-7fd46a151000 rw-s 10677f000 00:06 450                       /dev/dri/card0
7fd46a151000-7fd46a161000 rw-s 1067bf000 00:06 450                       /dev/dri/card0
7fd46a161000-7fd46a171000 rw-s 1067af000 00:06 450                       /dev/dri/card0
7fd46a171000-7fd46a174000 rw-s 106234000 00:06 450                       /dev/dri/card0
7fd46a174000-7fd46a177000 rw-s 106231000 00:06 450                       /dev/dri/card0
7fd46a177000-7fd46a17a000 rw-s 10622e000 00:06 450                       /dev/dri/card0
7fd46a17a000-7fd46a2fa000 rw-s 1060ae000 00:06 450                       /dev/dri/card0
7fd46a2fa000-7fd46a47a000 rw-s 105f2e000 00:06 450                       /dev/dri/card0
7fd46a47e000-7fd46a48e000 rw-s 10679f000 00:06 450                       /dev/dri/card0
7fd46a48e000-7fd46a4ee000 rw-s 105ebe000 00:06 450                       /dev/dri/card0
7fd46a4ee000-7fd46a51e000 rw-s 105e3a000 00:06 450                       /dev/dri/card0
7fd46a524000-7fd46a530000 rw-s 00000000 00:05 80336                      /drm mm object (deleted)
7fd46a530000-7fd46a540000 rw-s 10678f000 00:06 450                       /dev/dri/card0
7fd46a540000-7fd46a740000 rw-p 00000000 00:00 0 
7fd46a740000-7fd46a743000 ---p 00000000 00:00 0 
7fd46a743000-7fd46a841000 rw-p 00000000 00:00 0 
7fd46a841000-7fd46a8f7000 r--p 00000000 08:01 12584079                   /usr/share/fonts/truetype/dejavu/DejaVuSans.ttf
7fd46a8f7000-7fd46aaf7000 rw-p 00000000 00:00 0 
7fd46aaf7000-7fd46acf7000 rw-p 00000000 00:00 0 
7fd46acf7000-7fd46ad0a000 r--p 00000000 08:01 2369813                    /usr/lib/jvm/java-8-oracle/jre/lib/fonts/LucidaBrightDemiBold.ttf
7fd46ad0a000-7fd46ad46000 r--p 00000000 08:01 2369812                    /usr/lib/jvm/java-8-oracle/jre/lib/fonts/LucidaTypewriterRegular.ttf
7fd46ad46000-7fd46ad94000 r--p 00000000 08:01 2369811                    /usr/lib/jvm/java-8-oracle/jre/lib/fonts/LucidaSansDemiBold.ttf
7fd46ad94000-7fd46ade9000 r--p 00000000 08:01 2369810                    /usr/lib/jvm/java-8-oracle/jre/lib/fonts/LucidaBrightRegular.ttf
7fd46ade9000-7fd46ae23000 r--p 00000000 08:01 2369809                    /usr/lib/jvm/java-8-oracle/jre/lib/fonts/LucidaTypewriterBold.ttf
7fd46ae23000-7fd46ae27000 r-xp 00000000 08:01 2369626                    /usr/lib/jvm/java-8-oracle/jre/lib/amd64/libjavafx_font_pango.so
7fd46ae27000-7fd46b026000 ---p 00004000 08:01 2369626                    /usr/lib/jvm/java-8-oracle/jre/lib/amd64/libjavafx_font_pango.so
7fd46b026000-7fd46b027000 rw-p 00003000 08:01 2369626                    /usr/lib/jvm/java-8-oracle/jre/lib/amd64/libjavafx_font_pango.so
7fd46b027000-7fd46b02a000 ---p 00000000 00:00 0 
7fd46b02a000-7fd46b128000 rw-p 00000000 00:00 0 
7fd46b128000-7fd46b12b000 ---p 00000000 00:00 0 
7fd46b12b000-7fd46b229000 rw-p 00000000 00:00 0 
7fd46b229000-7fd46b22c000 ---p 00000000 00:00 0 
7fd46b22c000-7fd46b52a000 rw-p 00000000 00:00 0 
7fd46b52a000-7fd46b52d000 ---p 00000000 00:00 0 
7fd46b52d000-7fd46b62b000 rw-p 00000000 00:00 0 
7fd46b62b000-7fd46b62e000 ---p 00000000 00:00 0 
7fd46b62e000-7fd46b72c000 rw-p 00000000 00:00 0 
7fd46b72c000-7fd46b72f000 ---p 00000000 00:00 0 
7fd46b72f000-7fd46ba2d000 rw-p 00000000 00:00 0 
7fd46ba2d000-7fd46ba30000 ---p 00000000 00:00 0 
7fd46ba30000-7fd46bb2e000 rw-p 00000000 00:00 0 
7fd46bb2e000-7fd46bb93000 r-xp 00000000 08:01 2369632                    /usr/lib/jvm/java-8-oracle/jre/lib/amd64/libfontmanager.so
7fd46bb93000-7fd46bd92000 ---p 00065000 08:01 2369632                    /usr/lib/jvm/java-8-oracle/jre/lib/amd64/libfontmanager.so
7fd46bd92000-7fd46bd97000 rw-p 00064000 08:01 2369632                    /usr/lib/jvm/java-8-oracle/jre/lib/amd64/libfontmanager.so
7fd46bd97000-7fd46bda7000 rw-p 00000000 00:00 0 
7fd46bda7000-7fd46bdfb000 r-xp 00000000 08:01 2369668                    /usr/lib/jvm/java-8-oracle/jre/lib/amd64/libawt_xawt.so
7fd46bdfb000-7fd46bffb000 ---p 00054000 08:01 2369668                    /usr/lib/jvm/java-8-oracle/jre/lib/amd64/libawt_xawt.so
7fd46bffb000-7fd46bfff000 rw-p 00054000 08:01 2369668                    /usr/lib/jvm/java-8-oracle/jre/lib/amd64/libawt_xawt.so
7fd46bfff000-7fd46c000000 rw-p 00000000 00:00 0 
7fd46c000000-7fd46c021000 rw-p 00000000 00:00 0 
7fd46c021000-7fd470000000 ---p 00000000 00:00 0 
7fd470000000-7fd470001000 rw-s 00000000 00:05 80585                      /drm mm object (deleted)
7fd470001000-7fd470002000 rw-p 00000000 00:00 0 
7fd470002000-7fd470007000 r--s 00084000 08:01 2369736                    /usr/lib/jvm/java-8-oracle/jre/lib/jfr.jar
7fd470007000-7fd47001b000 r--p 00000000 08:01 2369807                    /usr/lib/jvm/java-8-oracle/jre/lib/fonts/LucidaBrightItalic.ttf
7fd47001b000-7fd4700c6000 r--p 00000000 08:01 2369806                    /usr/lib/jvm/java-8-oracle/jre/lib/fonts/LucidaSansRegular.ttf
7fd4700c6000-7fd4700d9000 r--p 00000000 08:01 2369805                    /usr/lib/jvm/java-8-oracle/jre/lib/fonts/LucidaBrightDemiItalic.ttf
7fd4700d9000-7fd4700dc000 ---p 00000000 00:00 0 
7fd4700dc000-7fd4701da000 rw-p 00000000 00:00 0 
7fd4701da000-7fd47027c000 r-xp 00000000 08:01 2369651                    /usr/lib/jvm/java-8-oracle/jre/lib/amd64/libawt.so
7fd47027c000-7fd47047c000 ---p 000a2000 08:01 2369651                    /usr/lib/jvm/java-8-oracle/jre/lib/amd64/libawt.so
7fd47047c000-7fd470488000 rw-p 000a2000 08:01 2369651                    /usr/lib/jvm/java-8-oracle/jre/lib/amd64/libawt.so
7fd470488000-7fd4706ac000 rw-p 00000000 00:00 0 
7fd4706ac000-7fd4706ad000 r--s 00000000 08:01 11010143                   /var/cache/fontconfig/c05880de57d1f5e948fdfacc138775d9-le64.cache-4
7fd4706ad000-7fd4706b8000 r--s 00000000 08:01 11010137                   /var/cache/fontconfig/945677eb7aeaf62f1d50efc3fb3ec7d8-le64.cache-4
7fd4706b8000-7fd4706be000 r--s 00000000 08:01 11010123                   /var/cache/fontconfig/2cd17615ca594fa2959ae173292e504c-le64.cache-4
7fd4706be000-7fd4706bf000 r--s 00000000 08:01 11010153                   /var/cache/fontconfig/e7071f4a29fa870f4323321c154eba04-le64.cache-4
7fd4706bf000-7fd4706c0000 r--s 00000000 08:01 11010120                   /var/cache/fontconfig/0d8c3b2ac0904cb8a57a757ad11a4a08-le64.cache-4
7fd4706c0000-7fd4706c7000 r--s 00000000 08:01 11010140                   /var/cache/fontconfig/a755afe4a08bf5b97852ceb7400b47bc-le64.cache-4
7fd4706c7000-7fd4706cb000 r--s 00000000 08:01 11029983                   /var/cache/fontconfig/de156ccd2eddbdc19d37a45b8b2aac9c-le64.cache-4
7fd4706cb000-7fd4706df000 r--s 00000000 08:01 11010118                   /var/cache/fontconfig/04aabc0a78ac019cf9454389977116d2-le64.cache-4
7fd4706df000-7fd4706e0000 r--s 00000000 08:01 11010122                   /var/cache/fontconfig/1ac9eb803944fde146138c791f5cc56a-le64.cache-4
7fd4706e0000-7fd4706e4000 r--s 00000000 08:01 11010126                   /var/cache/fontconfig/385c0604a188198f04d133e54aba7fe7-le64.cache-4
7fd4706e4000-7fd4706e5000 r--s 00000000 08:01 11010150                   /var/cache/fontconfig/dc05db6664285cc2f12bf69c139ae4c3-le64.cache-4
7fd4706e5000-7fd4706e7000 r--s 00000000 08:01 11010134                   /var/cache/fontconfig/767a8244fc0220cfb567a839d0392e0b-le64.cache-4
7fd4706e7000-7fd4706ec000 r--s 00000000 08:01 11010136                   /var/cache/fontconfig/8801497958630a81b71ace7c5f9b32a8-le64.cache-4
7fd4706ec000-7fd470727000 r--s 00000000 08:01 11020638                   /var/cache/fontconfig/365b55f210c0a22e9a19e35191240f32-le64.cache-4
7fd470727000-7fd47072e000 r--s 00000000 08:01 11010124                   /var/cache/fontconfig/3047814df9a2f067bd2d96a2b9c36e5a-le64.cache-4
7fd47072e000-7fd470734000 r--s 00000000 08:01 11010141                   /var/cache/fontconfig/b47c4e1ecd0709278f4910c18777a504-le64.cache-4
7fd470734000-7fd470747000 r--s 00000000 08:01 11010147                   /var/cache/fontconfig/d52a8644073d54c13679302ca1180695-le64.cache-4
7fd470747000-7fd47074c000 r-xp 00000000 08:01 2369616                    /usr/lib/jvm/java-8-oracle/jre/lib/amd64/libjavafx_font_freetype.so
7fd47074c000-7fd47094b000 ---p 00005000 08:01 2369616                    /usr/lib/jvm/java-8-oracle/jre/lib/amd64/libjavafx_font_freetype.so
7fd47094b000-7fd47094c000 rw-p 00004000 08:01 2369616                    /usr/lib/jvm/java-8-oracle/jre/lib/amd64/libjavafx_font_freetype.so
7fd47094c000-7fd47094f000 r-xp 00000000 08:01 2369625                    /usr/lib/jvm/java-8-oracle/jre/lib/amd64/libjavafx_font.so
7fd47094f000-7fd470b4e000 ---p 00003000 08:01 2369625                    /usr/lib/jvm/java-8-oracle/jre/lib/amd64/libjavafx_font.so
7fd470b4e000-7fd470b4f000 rw-p 00002000 08:01 2369625                    /usr/lib/jvm/java-8-oracle/jre/lib/amd64/libjavafx_font.so
7fd470b4f000-7fd470d4f000 rw-p 00000000 00:00 0 
7fd470d4f000-7fd470d52000 ---p 00000000 00:00 0 
7fd470d52000-7fd470e50000 rw-p 00000000 00:00 0 
7fd470e50000-7fd470e51000 ---p 00000000 00:00 0 
7fd470e51000-7fd471651000 rw-p 00000000 00:00 0 
7fd471651000-7fd471654000 ---p 00000000 00:00 0 
7fd471654000-7fd471752000 rw-p 00000000 00:00 0 
7fd471752000-7fd471753000 ---p 00000000 00:00 0 
7fd471753000-7fd471f53000 rw-p 00000000 00:00 0 
7fd471f53000-7fd471f5e000 r-xp 00000000 08:01 11928628                   /usr/lib/x86_64-linux-gnu/gio/modules/libdconfsettings.so
7fd471f5e000-7fd47215e000 ---p 0000b000 08:01 11928628                   /usr/lib/x86_64-linux-gnu/gio/modules/libdconfsettings.so
7fd47215e000-7fd47215f000 r--p 0000b000 08:01 11928628                   /usr/lib/x86_64-linux-gnu/gio/modules/libdconfsettings.so
7fd47215f000-7fd472160000 rw-p 0000c000 08:01 11928628                   /usr/lib/x86_64-linux-gnu/gio/modules/libdconfsettings.so
7fd472160000-7fd4721a1000 r--p 00000000 08:01 12585080                   /usr/share/glib-2.0/schemas/gschemas.compiled
7fd4721a1000-7fd4721a8000 r-xp 00000000 08:01 11543059                   /usr/lib/x86_64-linux-gnu/libogg.so.0.8.1
7fd4721a8000-7fd4723a8000 ---p 00007000 08:01 11543059                   /usr/lib/x86_64-linux-gnu/libogg.so.0.8.1
7fd4723a8000-7fd4723a9000 r--p 00007000 08:01 11543059                   /usr/lib/x86_64-linux-gnu/libogg.so.0.8.1
7fd4723a9000-7fd4723aa000 rw-p 00008000 08:01 11543059                   /usr/lib/x86_64-linux-gnu/libogg.so.0.8.1
7fd4723aa000-7fd4723d6000 r-xp 00000000 08:01 11543331                   /usr/lib/x86_64-linux-gnu/libvorbis.so.0.4.5
7fd4723d6000-7fd4725d5000 ---p 0002c000 08:01 11543331                   /usr/lib/x86_64-linux-gnu/libvorbis.so.0.4.5
7fd4725d5000-7fd4725d6000 r--p 0002b000 08:01 11543331                   /usr/lib/x86_64-linux-gnu/libvorbis.so.0.4.5
7fd4725d6000-7fd4725d7000 rw-p 0002c000 08:01 11543331                   /usr/lib/x86_64-linux-gnu/libvorbis.so.0.4.5
7fd4725d7000-7fd4725e0000 r-xp 00000000 08:01 11542965                   /usr/lib/x86_64-linux-gnu/libltdl.so.7.3.0
7fd4725e0000-7fd4727df000 ---p 00009000 08:01 11542965                   /usr/lib/x86_64-linux-gnu/libltdl.so.7.3.0
7fd4727df000-7fd4727e0000 r--p 00008000 08:01 11542965                   /usr/lib/x86_64-linux-gnu/libltdl.so.7.3.0
7fd4727e0000-7fd4727e1000 rw-p 00009000 08:01 11542965                   /usr/lib/x86_64-linux-gnu/libltdl.so.7.3.0
7fd4727e1000-7fd4727f5000 r-xp 00000000 08:01 11535504                   /usr/lib/x86_64-linux-gnu/libtdb.so.1.3.8
7fd4727f5000-7fd4729f4000 ---p 00014000 08:01 11535504                   /usr/lib/x86_64-linux-gnu/libtdb.so.1.3.8
7fd4729f4000-7fd4729f5000 r--p 00013000 08:01 11535504                   /usr/lib/x86_64-linux-gnu/libtdb.so.1.3.8
7fd4729f5000-7fd4729f6000 rw-p 00014000 08:01 11535504                   /usr/lib/x86_64-linux-gnu/libtdb.so.1.3.8
7fd4729f6000-7fd4729fd000 r-xp 00000000 08:01 11543335                   /usr/lib/x86_64-linux-gnu/libvorbisfile.so.3.3.4
7fd4729fd000-7fd472bfc000 ---p 00007000 08:01 11543335                   /usr/lib/x86_64-linux-gnu/libvorbisfile.so.3.3.4
7fd472bfc000-7fd472bfd000 r--p 00006000 08:01 11543335                   /usr/lib/x86_64-linux-gnu/libvorbisfile.so.3.3.4
7fd472bfd000-7fd472bfe000 rw-p 00007000 08:01 11543335                   /usr/lib/x86_64-linux-gnu/libvorbisfile.so.3.3.4
7fd472bfe000-7fd472c0d000 r-xp 00000000 08:01 11542477                   /usr/lib/x86_64-linux-gnu/libcanberra.so.0.2.5
7fd472c0d000-7fd472e0c000 ---p 0000f000 08:01 11542477                   /usr/lib/x86_64-linux-gnu/libcanberra.so.0.2.5
7fd472e0c000-7fd472e0d000 r--p 0000e000 08:01 11542477                   /usr/lib/x86_64-linux-gnu/libcanberra.so.0.2.5
7fd472e0d000-7fd472e0e000 rw-p 0000f000 08:01 11542477                   /usr/lib/x86_64-linux-gnu/libcanberra.so.0.2.5
7fd472e0e000-7fd472e12000 r-xp 00000000 08:01 11542473                   /usr/lib/x86_64-linux-gnu/libcanberra-gtk.so.0.1.9
7fd472e12000-7fd473011000 ---p 00004000 08:01 11542473                   /usr/lib/x86_64-linux-gnu/libcanberra-gtk.so.0.1.9
7fd473011000-7fd473012000 r--p 00003000 08:01 11542473                   /usr/lib/x86_64-linux-gnu/libcanberra-gtk.so.0.1.9
7fd473012000-7fd473013000 rw-p 00004000 08:01 11542473                   /usr/lib/x86_64-linux-gnu/libcanberra-gtk.so.0.1.9
7fd473013000-7fd473018000 r-xp 00000000 08:01 11928883                   /usr/lib/x86_64-linux-gnu/gtk-2.0/modules/libcanberra-gtk-module.so
7fd473018000-7fd473217000 ---p 00005000 08:01 11928883                   /usr/lib/x86_64-linux-gnu/gtk-2.0/modules/libcanberra-gtk-module.so
7fd473217000-7fd473218000 r--p 00004000 08:01 11928883                   /usr/lib/x86_64-linux-gnu/gtk-2.0/modules/libcanberra-gtk-module.so
7fd473218000-7fd473219000 rw-p 00005000 08:01 11928883                   /usr/lib/x86_64-linux-gnu/gtk-2.0/modules/libcanberra-gtk-module.so
7fd473219000-7fd473248000 r-xp 00000000 08:01 11928865                   /usr/lib/x86_64-linux-gnu/gtk-2.0/2.10.0/engines/libmurrine.so
7fd473248000-7fd473448000 ---p 0002f000 08:01 11928865                   /usr/lib/x86_64-linux-gnu/gtk-2.0/2.10.0/engines/libmurrine.so
7fd473448000-7fd473449000 r--p 0002f000 08:01 11928865                   /usr/lib/x86_64-linux-gnu/gtk-2.0/2.10.0/engines/libmurrine.so
7fd473449000-7fd47344a000 rw-p 00030000 08:01 11928865                   /usr/lib/x86_64-linux-gnu/gtk-2.0/2.10.0/engines/libmurrine.so
7fd47344a000-7fd47345a000 r-xp 00000000 08:01 11543301                   /usr/lib/x86_64-linux-gnu/libunity-gtk2-parser.so.0.0.0
7fd47345a000-7fd473659000 ---p 00010000 08:01 11543301                   /usr/lib/x86_64-linux-gnu/libunity-gtk2-parser.so.0.0.0
7fd473659000-7fd47365a000 r--p 0000f000 08:01 11543301                   /usr/lib/x86_64-linux-gnu/libunity-gtk2-parser.so.0.0.0
7fd47365a000-7fd47365b000 rw-p 00010000 08:01 11543301                   /usr/lib/x86_64-linux-gnu/libunity-gtk2-parser.so.0.0.0
7fd47365b000-7fd473660000 r-xp 00000000 08:01 11928887                   /usr/lib/x86_64-linux-gnu/gtk-2.0/modules/libunity-gtk-module.so
7fd473660000-7fd47385f000 ---p 00005000 08:01 11928887                   /usr/lib/x86_64-linux-gnu/gtk-2.0/modules/libunity-gtk-module.so
7fd47385f000-7fd473860000 r--p 00004000 08:01 11928887                   /usr/lib/x86_64-linux-gnu/gtk-2.0/modules/libunity-gtk-module.so
7fd473860000-7fd473861000 rw-p 00005000 08:01 11928887                   /usr/lib/x86_64-linux-gnu/gtk-2.0/modules/libunity-gtk-module.so
7fd473861000-7fd473872000 r-xp 00000000 08:01 11928886                   /usr/lib/x86_64-linux-gnu/gtk-2.0/modules/liboverlay-scrollbar.so
7fd473872000-7fd473a71000 ---p 00011000 08:01 11928886                   /usr/lib/x86_64-linux-gnu/gtk-2.0/modules/liboverlay-scrollbar.so
7fd473a71000-7fd473a72000 r--p 00010000 08:01 11928886                   /usr/lib/x86_64-linux-gnu/gtk-2.0/modules/liboverlay-scrollbar.so
7fd473a72000-7fd473a73000 rw-p 00011000 08:01 11928886                   /usr/lib/x86_64-linux-gnu/gtk-2.0/modules/liboverlay-scrollbar.so
7fd473a73000-7fd473a9c000 r-xp 00000000 08:01 2369629                    /usr/lib/jvm/java-8-oracle/jre/lib/amd64/libglass.so
7fd473a9c000-7fd473c9b000 ---p 00029000 08:01 2369629                    /usr/lib/jvm/java-8-oracle/jre/lib/amd64/libglass.so
7fd473c9b000-7fd473c9e000 rw-p 00028000 08:01 2369629                    /usr/lib/jvm/java-8-oracle/jre/lib/amd64/libglass.so
7fd473c9e000-7fd473cd5000 r-xp 00000000 08:01 11543286                   /usr/lib/x86_64-linux-gnu/libtxc_dxtn_s2tc.so.0.0.0
7fd473cd5000-7fd473ed4000 ---p 00037000 08:01 11543286                   /usr/lib/x86_64-linux-gnu/libtxc_dxtn_s2tc.so.0.0.0
7fd473ed4000-7fd473ed5000 r--p 00036000 08:01 11543286                   /usr/lib/x86_64-linux-gnu/libtxc_dxtn_s2tc.so.0.0.0
7fd473ed5000-7fd473ed6000 rw-p 00037000 08:01 11543286                   /usr/lib/x86_64-linux-gnu/libtxc_dxtn_s2tc.so.0.0.0
7fd473ed6000-7fd473ede000 r-xp 00000000 08:01 11543091                   /usr/lib/x86_64-linux-gnu/libpciaccess.so.0.11.1
7fd473ede000-7fd4740dd000 ---p 00008000 08:01 11543091                   /usr/lib/x86_64-linux-gnu/libpciaccess.so.0.11.1
7fd4740dd000-7fd4740de000 r--p 00007000 08:01 11543091                   /usr/lib/x86_64-linux-gnu/libpciaccess.so.0.11.1
7fd4740de000-7fd4740df000 rw-p 00008000 08:01 11543091                   /usr/lib/x86_64-linux-gnu/libpciaccess.so.0.11.1
7fd4740df000-7fd4740ea000 r-xp 00000000 08:01 11542588                   /usr/lib/x86_64-linux-gnu/libdrm_radeon.so.1.0.1
7fd4740ea000-7fd4742e9000 ---p 0000b000 08:01 11542588                   /usr/lib/x86_64-linux-gnu/libdrm_radeon.so.1.0.1
7fd4742e9000-7fd4742ea000 r--p 0000a000 08:01 11542588                   /usr/lib/x86_64-linux-gnu/libdrm_radeon.so.1.0.1
7fd4742ea000-7fd4742eb000 rw-p 0000b000 08:01 11542588                   /usr/lib/x86_64-linux-gnu/libdrm_radeon.so.1.0.1
7fd4742eb000-7fd4742f1000 r-xp 00000000 08:01 11542586                   /usr/lib/x86_64-linux-gnu/libdrm_nouveau.so.2.0.0
7fd4742f1000-7fd4744f0000 ---p 00006000 08:01 11542586                   /usr/lib/x86_64-linux-gnu/libdrm_nouveau.so.2.0.0
7fd4744f0000-7fd4744f1000 r--p 00005000 08:01 11542586                   /usr/lib/x86_64-linux-gnu/libdrm_nouveau.so.2.0.0
7fd4744f1000-7fd4744f2000 rw-p 00006000 08:01 11542586                   /usr/lib/x86_64-linux-gnu/libdrm_nouveau.so.2.0.0
7fd4744f2000-7fd474511000 r-xp 00000000 08:01 11542584                   /usr/lib/x86_64-linux-gnu/libdrm_intel.so.1.0.0
7fd474511000-7fd474710000 ---p 0001f000 08:01 11542584                   /usr/lib/x86_64-linux-gnu/libdrm_intel.so.1.0.0
7fd474710000-7fd474711000 r--p 0001e000 08:01 11542584                   /usr/lib/x86_64-linux-gnu/libdrm_intel.so.1.0.0
7fd474711000-7fd474712000 rw-p 0001f000 08:01 11542584                   /usr/lib/x86_64-linux-gnu/libdrm_intel.so.1.0.0
7fd474712000-7fd474cb6000 r-xp 00000000 08:01 11927968                   /usr/lib/x86_64-linux-gnu/dri/i965_dri.so
7fd474cb6000-7fd474eb6000 ---p 005a4000 08:01 11927968                   /usr/lib/x86_64-linux-gnu/dri/i965_dri.so
7fd474eb6000-7fd474ee3000 r--p 005a4000 08:01 11927968                   /usr/lib/x86_64-linux-gnu/dri/i965_dri.so
7fd474ee3000-7fd474eea000 rw-p 005d1000 08:01 11927968                   /usr/lib/x86_64-linux-gnu/dri/i965_dri.so
7fd474eea000-7fd474ef1000 rw-p 00000000 00:00 0 
7fd474ef1000-7fd474f35000 r-xp 00000000 08:01 659690                     /lib/x86_64-linux-gnu/libdbus-1.so.3.7.6
7fd474f35000-7fd475134000 ---p 00044000 08:01 659690                     /lib/x86_64-linux-gnu/libdbus-1.so.3.7.6
7fd475134000-7fd475135000 r--p 00043000 08:01 659690                     /lib/x86_64-linux-gnu/libdbus-1.so.3.7.6
7fd475135000-7fd475136000 rw-p 00044000 08:01 659690                     /lib/x86_64-linux-gnu/libdbus-1.so.3.7.6
7fd475136000-7fd47513e000 r-xp 00000000 08:01 659738                     /lib/x86_64-linux-gnu/libnih-dbus.so.1.0.0
7fd47513e000-7fd47533e000 ---p 00008000 08:01 659738                     /lib/x86_64-linux-gnu/libnih-dbus.so.1.0.0
7fd47533e000-7fd47533f000 r--p 00008000 08:01 659738                     /lib/x86_64-linux-gnu/libnih-dbus.so.1.0.0
7fd47533f000-7fd475340000 rw-p 00009000 08:01 659738                     /lib/x86_64-linux-gnu/libnih-dbus.so.1.0.0
7fd475340000-7fd475357000 r-xp 00000000 08:01 659740                     /lib/x86_64-linux-gnu/libnih.so.1.0.0
7fd475357000-7fd475556000 ---p 00017000 08:01 659740                     /lib/x86_64-linux-gnu/libnih.so.1.0.0
7fd475556000-7fd475557000 r--p 00016000 08:01 659740                     /lib/x86_64-linux-gnu/libnih.so.1.0.0
7fd475557000-7fd475558000 rw-p 00017000 08:01 659740                     /lib/x86_64-linux-gnu/libnih.so.1.0.0
7fd475558000-7fd475571000 r-xp 00000000 08:01 659681                     /lib/x86_64-linux-gnu/libcgmanager.so.0.0.0
7fd475571000-7fd475770000 ---p 00019000 08:01 659681                     /lib/x86_64-linux-gnu/libcgmanager.so.0.0.0
7fd475770000-7fd475772000 r--p 00018000 08:01 659681                     /lib/x86_64-linux-gnu/libcgmanager.so.0.0.0
7fd475772000-7fd475773000 rw-p 0001a000 08:01 659681                     /lib/x86_64-linux-gnu/libcgmanager.so.0.0.0
7fd475773000-7fd475783000 r-xp 00000000 08:01 655464                     /lib/x86_64-linux-gnu/libudev.so.1.3.5
7fd475783000-7fd475982000 ---p 00010000 08:01 655464                     /lib/x86_64-linux-gnu/libudev.so.1.3.5
7fd475982000-7fd475983000 r--p 0000f000 08:01 655464                     /lib/x86_64-linux-gnu/libudev.so.1.3.5
7fd475983000-7fd475984000 rw-p 00010000 08:01 655464                     /lib/x86_64-linux-gnu/libudev.so.1.3.5
7fd475984000-7fd47598a000 r-xp 00000000 08:01 11542541                   /usr/lib/x86_64-linux-gnu/libdatrie.so.1.3.1
7fd47598a000-7fd475b89000 ---p 00006000 08:01 11542541                   /usr/lib/x86_64-linux-gnu/libdatrie.so.1.3.1
7fd475b89000-7fd475b8a000 r--p 00005000 08:01 11542541                   /usr/lib/x86_64-linux-gnu/libdatrie.so.1.3.1
7fd475b8a000-7fd475b8b000 rw-p 00006000 08:01 11542541                   /usr/lib/x86_64-linux-gnu/libdatrie.so.1.3.1
7fd475b8b000-7fd475b90000 r-xp 00000000 08:01 11542347                   /usr/lib/x86_64-linux-gnu/libXdmcp.so.6.0.0
7fd475b90000-7fd475d8f000 ---p 00005000 08:01 11542347                   /usr/lib/x86_64-linux-gnu/libXdmcp.so.6.0.0
7fd475d8f000-7fd475d90000 r--p 00004000 08:01 11542347                   /usr/lib/x86_64-linux-gnu/libXdmcp.so.6.0.0
7fd475d90000-7fd475d91000 rw-p 00005000 08:01 11542347                   /usr/lib/x86_64-linux-gnu/libXdmcp.so.6.0.0
7fd475d91000-7fd475d93000 r-xp 00000000 08:01 11542336                   /usr/lib/x86_64-linux-gnu/libXau.so.6.0.0
7fd475d93000-7fd475f93000 ---p 00002000 08:01 11542336                   /usr/lib/x86_64-linux-gnu/libXau.so.6.0.0
7fd475f93000-7fd475f94000 r--p 00002000 08:01 11542336                   /usr/lib/x86_64-linux-gnu/libXau.so.6.0.0
7fd475f94000-7fd475f95000 rw-p 00003000 08:01 11542336                   /usr/lib/x86_64-linux-gnu/libXau.so.6.0.0
7fd475f95000-7fd475fb9000 r-xp 00000000 08:01 11535398                   /usr/lib/x86_64-linux-gnu/libgraphite2.so.3.0.1
7fd475fb9000-7fd4761b8000 ---p 00024000 08:01 11535398                   /usr/lib/x86_64-linux-gnu/libgraphite2.so.3.0.1
7fd4761b8000-7fd4761ba000 r--p 00023000 08:01 11535398                   /usr/lib/x86_64-linux-gnu/libgraphite2.so.3.0.1
7fd4761ba000-7fd4761bb000 rw-p 00025000 08:01 11535398                   /usr/lib/x86_64-linux-gnu/libgraphite2.so.3.0.1
7fd4761bb000-7fd4761c7000 r-xp 00000000 08:01 11542580                   /usr/lib/x86_64-linux-gnu/libdrm.so.2.4.0
7fd4761c7000-7fd4763c6000 ---p 0000c000 08:01 11542580                   /usr/lib/x86_64-linux-gnu/libdrm.so.2.4.0
7fd4763c6000-7fd4763c7000 r--p 0000b000 08:01 11542580                   /usr/lib/x86_64-linux-gnu/libdrm.so.2.4.0
7fd4763c7000-7fd4763c8000 rw-p 0000c000 08:01 11542580                   /usr/lib/x86_64-linux-gnu/libdrm.so.2.4.0
7fd4763c8000-7fd4763c9000 r-xp 00000000 08:01 11543414                   /usr/lib/x86_64-linux-gnu/libxshmfence.so.1.0.0
7fd4763c9000-7fd4765c8000 ---p 00001000 08:01 11543414                   /usr/lib/x86_64-linux-gnu/libxshmfence.so.1.0.0
7fd4765c8000-7fd4765c9000 r--p 00000000 08:01 11543414                   /usr/lib/x86_64-linux-gnu/libxshmfence.so.1.0.0
7fd4765c9000-7fd4765ca000 rw-p 00001000 08:01 11543414                   /usr/lib/x86_64-linux-gnu/libxshmfence.so.1.0.0
7fd4765ca000-7fd4765cf000 r-xp 00000000 08:01 11543396                   /usr/lib/x86_64-linux-gnu/libxcb-sync.so.1.0.0
7fd4765cf000-7fd4767ce000 ---p 00005000 08:01 11543396                   /usr/lib/x86_64-linux-gnu/libxcb-sync.so.1.0.0
7fd4767ce000-7fd4767cf000 r--p 00004000 08:01 11543396                   /usr/lib/x86_64-linux-gnu/libxcb-sync.so.1.0.0
7fd4767cf000-7fd4767d0000 rw-p 00005000 08:01 11543396                   /usr/lib/x86_64-linux-gnu/libxcb-sync.so.1.0.0
7fd4767d0000-7fd4767d2000 r-xp 00000000 08:01 11543384                   /usr/lib/x86_64-linux-gnu/libxcb-present.so.0.0.0
7fd4767d2000-7fd4769d1000 ---p 00002000 08:01 11543384                   /usr/lib/x86_64-linux-gnu/libxcb-present.so.0.0.0
7fd4769d1000-7fd4769d2000 r--p 00001000 08:01 11543384                   /usr/lib/x86_64-linux-gnu/libxcb-present.so.0.0.0
7fd4769d2000-7fd4769d3000 rw-p 00002000 08:01 11543384                   /usr/lib/x86_64-linux-gnu/libxcb-present.so.0.0.0
7fd4769d3000-7fd4769d5000 r-xp 00000000 08:01 11543374                   /usr/lib/x86_64-linux-gnu/libxcb-dri3.so.0.0.0
7fd4769d5000-7fd476bd4000 ---p 00002000 08:01 11543374                   /usr/lib/x86_64-linux-gnu/libxcb-dri3.so.0.0.0
7fd476bd4000-7fd476bd5000 r--p 00001000 08:01 11543374                   /usr/lib/x86_64-linux-gnu/libxcb-dri3.so.0.0.0
7fd476bd5000-7fd476bd6000 rw-p 00002000 08:01 11543374                   /usr/lib/x86_64-linux-gnu/libxcb-dri3.so.0.0.0
7fd476bd6000-7fd476bd9000 r-xp 00000000 08:01 11543372                   /usr/lib/x86_64-linux-gnu/libxcb-dri2.so.0.0.0
7fd476bd9000-7fd476dd9000 ---p 00003000 08:01 11543372                   /usr/lib/x86_64-linux-gnu/libxcb-dri2.so.0.0.0
7fd476dd9000-7fd476dda000 r--p 00003000 08:01 11543372                   /usr/lib/x86_64-linux-gnu/libxcb-dri2.so.0.0.0
7fd476dda000-7fd476ddb000 rw-p 00004000 08:01 11543372                   /usr/lib/x86_64-linux-gnu/libxcb-dri2.so.0.0.0
7fd476ddb000-7fd476df0000 r-xp 00000000 08:01 11543376                   /usr/lib/x86_64-linux-gnu/libxcb-glx.so.0.0.0
7fd476df0000-7fd476fef000 ---p 00015000 08:01 11543376                   /usr/lib/x86_64-linux-gnu/libxcb-glx.so.0.0.0
7fd476fef000-7fd476ff1000 r--p 00014000 08:01 11543376                   /usr/lib/x86_64-linux-gnu/libxcb-glx.so.0.0.0
7fd476ff1000-7fd476ff2000 rw-p 00016000 08:01 11543376                   /usr/lib/x86_64-linux-gnu/libxcb-glx.so.0.0.0
7fd476ff2000-7fd476ff3000 r-xp 00000000 08:01 11542330                   /usr/lib/x86_64-linux-gnu/libX11-xcb.so.1.0.0
7fd476ff3000-7fd4771f2000 ---p 00001000 08:01 11542330                   /usr/lib/x86_64-linux-gnu/libX11-xcb.so.1.0.0
7fd4771f2000-7fd4771f3000 r--p 00000000 08:01 11542330                   /usr/lib/x86_64-linux-gnu/libX11-xcb.so.1.0.0
7fd4771f3000-7fd4771f4000 rw-p 00001000 08:01 11542330                   /usr/lib/x86_64-linux-gnu/libX11-xcb.so.1.0.0
7fd4771f4000-7fd47721d000 r-xp 00000000 08:01 11542727                   /usr/lib/x86_64-linux-gnu/libglapi.so.0.0.0
7fd47721d000-7fd47741c000 ---p 00029000 08:01 11542727                   /usr/lib/x86_64-linux-gnu/libglapi.so.0.0.0
7fd47741c000-7fd477420000 r--p 00028000 08:01 11542727                   /usr/lib/x86_64-linux-gnu/libglapi.so.0.0.0
7fd477420000-7fd477421000 rw-p 0002c000 08:01 11542727                   /usr/lib/x86_64-linux-gnu/libglapi.so.0.0.0
7fd477421000-7fd477422000 rw-p 00000000 00:00 0 
7fd477422000-7fd47745f000 r-xp 00000000 08:01 655389                     /lib/x86_64-linux-gnu/libpcre.so.3.13.1
7fd47745f000-7fd47765e000 ---p 0003d000 08:01 655389                     /lib/x86_64-linux-gnu/libpcre.so.3.13.1
7fd47765e000-7fd47765f000 r--p 0003c000 08:01 655389                     /lib/x86_64-linux-gnu/libpcre.so.3.13.1
7fd47765f000-7fd477660000 rw-p 0003d000 08:01 655389                     /lib/x86_64-linux-gnu/libpcre.so.3.13.1
7fd477660000-7fd477667000 r-xp 00000000 08:01 11542622                   /usr/lib/x86_64-linux-gnu/libffi.so.6.0.1
7fd477667000-7fd477866000 ---p 00007000 08:01 11542622                   /usr/lib/x86_64-linux-gnu/libffi.so.6.0.1
7fd477866000-7fd477867000 r--p 00006000 08:01 11542622                   /usr/lib/x86_64-linux-gnu/libffi.so.6.0.1
7fd477867000-7fd477868000 rw-p 00007000 08:01 11542622                   /usr/lib/x86_64-linux-gnu/libffi.so.6.0.1
7fd477868000-7fd47788f000 r-xp 00000000 08:01 655755                     /lib/x86_64-linux-gnu/libexpat.so.1.6.0
7fd47788f000-7fd477a8f000 ---p 00027000 08:01 655755                     /lib/x86_64-linux-gnu/libexpat.so.1.6.0
7fd477a8f000-7fd477a91000 r--p 00027000 08:01 655755                     /lib/x86_64-linux-gnu/libexpat.so.1.6.0
7fd477a91000-7fd477a92000 rw-p 00029000 08:01 655755                     /lib/x86_64-linux-gnu/libexpat.so.1.6.0
7fd477a92000-7fd477a9a000 r-xp 00000000 08:01 11543266                   /usr/lib/x86_64-linux-gnu/libthai.so.0.2.0
7fd477a9a000-7fd477c99000 ---p 00008000 08:01 11543266                   /usr/lib/x86_64-linux-gnu/libthai.so.0.2.0
7fd477c99000-7fd477c9a000 r--p 00007000 08:01 11543266                   /usr/lib/x86_64-linux-gnu/libthai.so.0.2.0
7fd477c9a000-7fd477c9b000 rw-p 00008000 08:01 11543266                   /usr/lib/x86_64-linux-gnu/libthai.so.0.2.0
7fd477c9b000-7fd477cb8000 r-xp 00000000 08:01 11543404                   /usr/lib/x86_64-linux-gnu/libxcb.so.1.1.0
7fd477cb8000-7fd477eb8000 ---p 0001d000 08:01 11543404                   /usr/lib/x86_64-linux-gnu/libxcb.so.1.1.0
7fd477eb8000-7fd477eb9000 r--p 0001d000 08:01 11543404                   /usr/lib/x86_64-linux-gnu/libxcb.so.1.1.0
7fd477eb9000-7fd477eba000 rw-p 0001e000 08:01 11543404                   /usr/lib/x86_64-linux-gnu/libxcb.so.1.1.0
7fd477eba000-7fd477ec2000 r-xp 00000000 08:01 11543390                   /usr/lib/x86_64-linux-gnu/libxcb-render.so.0.0.0
7fd477ec2000-7fd4780c1000 ---p 00008000 08:01 11543390                   /usr/lib/x86_64-linux-gnu/libxcb-render.so.0.0.0
7fd4780c1000-7fd4780c2000 r--p 00007000 08:01 11543390                   /usr/lib/x86_64-linux-gnu/libxcb-render.so.0.0.0
7fd4780c2000-7fd4780c3000 rw-p 00008000 08:01 11543390                   /usr/lib/x86_64-linux-gnu/libxcb-render.so.0.0.0
7fd4780c3000-7fd4780c5000 r-xp 00000000 08:01 11543394                   /usr/lib/x86_64-linux-gnu/libxcb-shm.so.0.0.0
7fd4780c5000-7fd4782c4000 ---p 00002000 08:01 11543394                   /usr/lib/x86_64-linux-gnu/libxcb-shm.so.0.0.0
7fd4782c4000-7fd4782c5000 r--p 00001000 08:01 11543394                   /usr/lib/x86_64-linux-gnu/libxcb-shm.so.0.0.0
7fd4782c5000-7fd4782c6000 rw-p 00002000 08:01 11543394                   /usr/lib/x86_64-linux-gnu/libxcb-shm.so.0.0.0
7fd4782c6000-7fd4782eb000 r-xp 00000000 08:01 659791                     /lib/x86_64-linux-gnu/libpng12.so.0.50.0
7fd4782eb000-7fd4784ea000 ---p 00025000 08:01 659791                     /lib/x86_64-linux-gnu/libpng12.so.0.50.0
7fd4784ea000-7fd4784eb000 r--p 00024000 08:01 659791                     /lib/x86_64-linux-gnu/libpng12.so.0.50.0
7fd4784eb000-7fd4784ec000 rw-p 00025000 08:01 659791                     /lib/x86_64-linux-gnu/libpng12.so.0.50.0
7fd4784ec000-7fd47858c000 r-xp 00000000 08:01 11542407                   /usr/lib/x86_64-linux-gnu/libpixman-1.so.0.30.2
7fd47858c000-7fd47878c000 ---p 000a0000 08:01 11542407                   /usr/lib/x86_64-linux-gnu/libpixman-1.so.0.30.2
7fd47878c000-7fd478793000 r--p 000a0000 08:01 11542407                   /usr/lib/x86_64-linux-gnu/libpixman-1.so.0.30.2
7fd478793000-7fd478794000 rw-p 000a7000 08:01 11542407                   /usr/lib/x86_64-linux-gnu/libpixman-1.so.0.30.2
7fd478794000-7fd4787e7000 r-xp 00000000 08:01 11542882                   /usr/lib/x86_64-linux-gnu/libharfbuzz.so.0.927.0
7fd4787e7000-7fd4789e7000 ---p 00053000 08:01 11542882                   /usr/lib/x86_64-linux-gnu/libharfbuzz.so.0.927.0
7fd4789e7000-7fd4789e8000 r--p 00053000 08:01 11542882                   /usr/lib/x86_64-linux-gnu/libharfbuzz.so.0.927.0
7fd4789e8000-7fd4789e9000 rw-p 00054000 08:01 11542882                   /usr/lib/x86_64-linux-gnu/libharfbuzz.so.0.927.0
7fd4789e9000-7fd478a00000 r-xp 00000000 08:01 655750                     /lib/x86_64-linux-gnu/libresolv-2.19.so
7fd478a00000-7fd478c00000 ---p 00017000 08:01 655750                     /lib/x86_64-linux-gnu/libresolv-2.19.so
7fd478c00000-7fd478c01000 r--p 00017000 08:01 655750                     /lib/x86_64-linux-gnu/libresolv-2.19.so
7fd478c01000-7fd478c02000 rw-p 00018000 08:01 655750                     /lib/x86_64-linux-gnu/libresolv-2.19.so
7fd478c02000-7fd478c04000 rw-p 00000000 00:00 0 
7fd478c04000-7fd478c24000 r-xp 00000000 08:01 659806                     /lib/x86_64-linux-gnu/libselinux.so.1
7fd478c24000-7fd478e23000 ---p 00020000 08:01 659806                     /lib/x86_64-linux-gnu/libselinux.so.1
7fd478e23000-7fd478e24000 r--p 0001f000 08:01 659806                     /lib/x86_64-linux-gnu/libselinux.so.1
7fd478e24000-7fd478e25000 rw-p 00020000 08:01 659806                     /lib/x86_64-linux-gnu/libselinux.so.1
7fd478e25000-7fd478e27000 rw-p 00000000 00:00 0 
7fd478e27000-7fd478e3f000 r-xp 00000000 08:01 659839                     /lib/x86_64-linux-gnu/libz.so.1.2.8
7fd478e3f000-7fd47903e000 ---p 00018000 08:01 659839                     /lib/x86_64-linux-gnu/libz.so.1.2.8
7fd47903e000-7fd47903f000 r--p 00017000 08:01 659839                     /lib/x86_64-linux-gnu/libz.so.1.2.8
7fd47903f000-7fd479040000 rw-p 00018000 08:01 659839                     /lib/x86_64-linux-gnu/libz.so.1.2.8
7fd479040000-7fd479051000 r-xp 00000000 08:01 11542349                   /usr/lib/x86_64-linux-gnu/libXext.so.6.4.0
7fd479051000-7fd479250000 ---p 00011000 08:01 11542349                   /usr/lib/x86_64-linux-gnu/libXext.so.6.4.0
7fd479250000-7fd479251000 r--p 00010000 08:01 11542349                   /usr/lib/x86_64-linux-gnu/libXext.so.6.4.0
7fd479251000-7fd479252000 rw-p 00011000 08:01 11542349                   /usr/lib/x86_64-linux-gnu/libXext.so.6.4.0
7fd479252000-7fd479254000 r-xp 00000000 08:01 11542345                   /usr/lib/x86_64-linux-gnu/libXdamage.so.1.1.0
7fd479254000-7fd479453000 ---p 00002000 08:01 11542345                   /usr/lib/x86_64-linux-gnu/libXdamage.so.1.1.0
7fd479453000-7fd479454000 r--p 00001000 08:01 11542345                   /usr/lib/x86_64-linux-gnu/libXdamage.so.1.1.0
7fd479454000-7fd479455000 rw-p 00002000 08:01 11542345                   /usr/lib/x86_64-linux-gnu/libXdamage.so.1.1.0
7fd479455000-7fd479457000 r-xp 00000000 08:01 11542341                   /usr/lib/x86_64-linux-gnu/libXcomposite.so.1.0.0
7fd479457000-7fd479656000 ---p 00002000 08:01 11542341                   /usr/lib/x86_64-linux-gnu/libXcomposite.so.1.0.0
7fd479656000-7fd479657000 r--p 00001000 08:01 11542341                   /usr/lib/x86_64-linux-gnu/libXcomposite.so.1.0.0
7fd479657000-7fd479658000 rw-p 00002000 08:01 11542341                   /usr/lib/x86_64-linux-gnu/libXcomposite.so.1.0.0
7fd479658000-7fd479661000 r-xp 00000000 08:01 11542343                   /usr/lib/x86_64-linux-gnu/libXcursor.so.1.0.2
7fd479661000-7fd479860000 ---p 00009000 08:01 11542343                   /usr/lib/x86_64-linux-gnu/libXcursor.so.1.0.2
7fd479860000-7fd479861000 r--p 00008000 08:01 11542343                   /usr/lib/x86_64-linux-gnu/libXcursor.so.1.0.2
7fd479861000-7fd479862000 rw-p 00009000 08:01 11542343                   /usr/lib/x86_64-linux-gnu/libXcursor.so.1.0.2
7fd479862000-7fd47986b000 r-xp 00000000 08:01 11542369                   /usr/lib/x86_64-linux-gnu/libXrandr.so.2.2.0
7fd47986b000-7fd479a6a000 ---p 00009000 08:01 11542369                   /usr/lib/x86_64-linux-gnu/libXrandr.so.2.2.0
7fd479a6a000-7fd479a6b000 r--p 00008000 08:01 11542369                   /usr/lib/x86_64-linux-gnu/libXrandr.so.2.2.0
7fd479a6b000-7fd479a6c000 rw-p 00009000 08:01 11542369                   /usr/lib/x86_64-linux-gnu/libXrandr.so.2.2.0
7fd479a6c000-7fd479a7b000 r-xp 00000000 08:01 11542357                   /usr/lib/x86_64-linux-gnu/libXi.so.6.1.0
7fd479a7b000-7fd479c7a000 ---p 0000f000 08:01 11542357                   /usr/lib/x86_64-linux-gnu/libXi.so.6.1.0
7fd479c7a000-7fd479c7b000 r--p 0000e000 08:01 11542357                   /usr/lib/x86_64-linux-gnu/libXi.so.6.1.0
7fd479c7b000-7fd479c7c000 rw-p 0000f000 08:01 11542357                   /usr/lib/x86_64-linux-gnu/libXi.so.6.1.0
7fd479c7c000-7fd479c7e000 r-xp 00000000 08:01 11542359                   /usr/lib/x86_64-linux-gnu/libXinerama.so.1.0.0
7fd479c7e000-7fd479e7d000 ---p 00002000 08:01 11542359                   /usr/lib/x86_64-linux-gnu/libXinerama.so.1.0.0
7fd479e7d000-7fd479e7e000 r--p 00001000 08:01 11542359                   /usr/lib/x86_64-linux-gnu/libXinerama.so.1.0.0
7fd479e7e000-7fd479e7f000 rw-p 00002000 08:01 11542359                   /usr/lib/x86_64-linux-gnu/libXinerama.so.1.0.0
7fd479e7f000-7fd479e88000 r-xp 00000000 08:01 11542371                   /usr/lib/x86_64-linux-gnu/libXrender.so.1.3.0
7fd479e88000-7fd47a087000 ---p 00009000 08:01 11542371                   /usr/lib/x86_64-linux-gnu/libXrender.so.1.3.0
7fd47a087000-7fd47a088000 r--p 00008000 08:01 11542371                   /usr/lib/x86_64-linux-gnu/libXrender.so.1.3.0
7fd47a088000-7fd47a089000 rw-p 00009000 08:01 11542371                   /usr/lib/x86_64-linux-gnu/libXrender.so.1.3.0
7fd47a089000-7fd47a08e000 r-xp 00000000 08:01 11542351                   /usr/lib/x86_64-linux-gnu/libXfixes.so.3.1.0
7fd47a08e000-7fd47a28d000 ---p 00005000 08:01 11542351                   /usr/lib/x86_64-linux-gnu/libXfixes.so.3.1.0
7fd47a28d000-7fd47a28e000 r--p 00004000 08:01 11542351                   /usr/lib/x86_64-linux-gnu/libXfixes.so.3.1.0
7fd47a28e000-7fd47a28f000 rw-p 00005000 08:01 11542351                   /usr/lib/x86_64-linux-gnu/libXfixes.so.3.1.0
7fd47a28f000-7fd47a2a5000 r-xp 00000000 08:01 659703                     /lib/x86_64-linux-gnu/libgcc_s.so.1
7fd47a2a5000-7fd47a4a4000 ---p 00016000 08:01 659703                     /lib/x86_64-linux-gnu/libgcc_s.so.1
7fd47a4a4000-7fd47a4a5000 rw-p 00015000 08:01 659703                     /lib/x86_64-linux-gnu/libgcc_s.so.1
7fd47a4a5000-7fd47a58b000 r-xp 00000000 08:01 11538585                   /usr/lib/x86_64-linux-gnu/libstdc++.so.6.0.19
7fd47a58b000-7fd47a78a000 ---p 000e6000 08:01 11538585                   /usr/lib/x86_64-linux-gnu/libstdc++.so.6.0.19
7fd47a78a000-7fd47a792000 r--p 000e5000 08:01 11538585                   /usr/lib/x86_64-linux-gnu/libstdc++.so.6.0.19
7fd47a792000-7fd47a794000 rw-p 000ed000 08:01 11538585                   /usr/lib/x86_64-linux-gnu/libstdc++.so.6.0.19
7fd47a794000-7fd47a7a9000 rw-p 00000000 00:00 0 
7fd47a7a9000-7fd47a833000 r-xp 00000000 08:01 11929074                   /usr/lib/x86_64-linux-gnu/mesa/libGL.so.1.2.0
7fd47a833000-7fd47aa33000 ---p 0008a000 08:01 11929074                   /usr/lib/x86_64-linux-gnu/mesa/libGL.so.1.2.0
7fd47aa33000-7fd47aa36000 r--p 0008a000 08:01 11929074                   /usr/lib/x86_64-linux-gnu/mesa/libGL.so.1.2.0
7fd47aa36000-7fd47aa37000 rw-p 0008d000 08:01 11929074                   /usr/lib/x86_64-linux-gnu/mesa/libGL.so.1.2.0
7fd47aa37000-7fd47aa38000 rw-p 00000000 00:00 0 
7fd47aa38000-7fd47aa3c000 r-xp 00000000 08:01 11542387                   /usr/lib/x86_64-linux-gnu/libXxf86vm.so.1.0.0
7fd47aa3c000-7fd47ac3c000 ---p 00004000 08:01 11542387                   /usr/lib/x86_64-linux-gnu/libXxf86vm.so.1.0.0
7fd47ac3c000-7fd47ac3d000 r--p 00004000 08:01 11542387                   /usr/lib/x86_64-linux-gnu/libXxf86vm.so.1.0.0
7fd47ac3d000-7fd47ac3e000 rw-p 00005000 08:01 11542387                   /usr/lib/x86_64-linux-gnu/libXxf86vm.so.1.0.0
7fd47ac3e000-7fd47ad6e000 r-xp 00000000 08:01 11542332                   /usr/lib/x86_64-linux-gnu/libX11.so.6.3.0
7fd47ad6e000-7fd47af6e000 ---p 00130000 08:01 11542332                   /usr/lib/x86_64-linux-gnu/libX11.so.6.3.0
7fd47af6e000-7fd47af6f000 r--p 00130000 08:01 11542332                   /usr/lib/x86_64-linux-gnu/libX11.so.6.3.0
7fd47af6f000-7fd47af73000 rw-p 00131000 08:01 11542332                   /usr/lib/x86_64-linux-gnu/libX11.so.6.3.0
7fd47af73000-7fd47af78000 r-xp 00000000 08:01 11542377                   /usr/lib/x86_64-linux-gnu/libXtst.so.6.1.0
7fd47af78000-7fd47b177000 ---p 00005000 08:01 11542377                   /usr/lib/x86_64-linux-gnu/libXtst.so.6.1.0
7fd47b177000-7fd47b178000 r--p 00004000 08:01 11542377                   /usr/lib/x86_64-linux-gnu/libXtst.so.6.1.0
7fd47b178000-7fd47b179000 rw-p 00005000 08:01 11542377                   /usr/lib/x86_64-linux-gnu/libXtst.so.6.1.0
7fd47b179000-7fd47b27f000 r-xp 00000000 08:01 659707                     /lib/x86_64-linux-gnu/libglib-2.0.so.0.4002.0
7fd47b27f000-7fd47b47e000 ---p 00106000 08:01 659707                     /lib/x86_64-linux-gnu/libglib-2.0.so.0.4002.0
7fd47b47e000-7fd47b47f000 r--p 00105000 08:01 659707                     /lib/x86_64-linux-gnu/libglib-2.0.so.0.4002.0
7fd47b47f000-7fd47b480000 rw-p 00106000 08:01 659707                     /lib/x86_64-linux-gnu/libglib-2.0.so.0.4002.0
7fd47b480000-7fd47b481000 rw-p 00000000 00:00 0 
7fd47b481000-7fd47b482000 r-xp 00000000 08:01 11542858                   /usr/lib/x86_64-linux-gnu/libgthread-2.0.so.0.4002.0
7fd47b482000-7fd47b681000 ---p 00001000 08:01 11542858                   /usr/lib/x86_64-linux-gnu/libgthread-2.0.so.0.4002.0
7fd47b681000-7fd47b682000 r--p 00000000 08:01 11542858                   /usr/lib/x86_64-linux-gnu/libgthread-2.0.so.0.4002.0
7fd47b682000-7fd47b683000 rw-p 00001000 08:01 11542858                   /usr/lib/x86_64-linux-gnu/libgthread-2.0.so.0.4002.0
7fd47b683000-7fd47b6d2000 r-xp 00000000 08:01 11542751                   /usr/lib/x86_64-linux-gnu/libgobject-2.0.so.0.4002.0
7fd47b6d2000-7fd47b8d2000 ---p 0004f000 08:01 11542751                   /usr/lib/x86_64-linux-gnu/libgobject-2.0.so.0.4002.0
7fd47b8d2000-7fd47b8d3000 r--p 0004f000 08:01 11542751                   /usr/lib/x86_64-linux-gnu/libgobject-2.0.so.0.4002.0
7fd47b8d3000-7fd47b8d4000 rw-p 00050000 08:01 11542751                   /usr/lib/x86_64-linux-gnu/libgobject-2.0.so.0.4002.0
7fd47b8d4000-7fd47b90e000 r-xp 00000000 08:01 11542636                   /usr/lib/x86_64-linux-gnu/libfontconfig.so.1.8.0
7fd47b90e000-7fd47bb0d000 ---p 0003a000 08:01 11542636                   /usr/lib/x86_64-linux-gnu/libfontconfig.so.1.8.0
7fd47bb0d000-7fd47bb0f000 r--p 00039000 08:01 11542636                   /usr/lib/x86_64-linux-gnu/libfontconfig.so.1.8.0
7fd47bb0f000-7fd47bb10000 rw-p 0003b000 08:01 11542636                   /usr/lib/x86_64-linux-gnu/libfontconfig.so.1.8.0
7fd47bb10000-7fd47bbad000 r-xp 00000000 08:01 11542664                   /usr/lib/x86_64-linux-gnu/libfreetype.so.6.11.1
7fd47bbad000-7fd47bdac000 ---p 0009d000 08:01 11542664                   /usr/lib/x86_64-linux-gnu/libfreetype.so.6.11.1
7fd47bdac000-7fd47bdb2000 r--p 0009c000 08:01 11542664                   /usr/lib/x86_64-linux-gnu/libfreetype.so.6.11.1
7fd47bdb2000-7fd47bdb3000 rw-p 000a2000 08:01 11542664                   /usr/lib/x86_64-linux-gnu/libfreetype.so.6.11.1
7fd47bdb3000-7fd47bdfd000 r-xp 00000000 08:01 11543075                   /usr/lib/x86_64-linux-gnu/libpango-1.0.so.0.3600.3
7fd47bdfd000-7fd47bffd000 ---p 0004a000 08:01 11543075                   /usr/lib/x86_64-linux-gnu/libpango-1.0.so.0.3600.3
7fd47bffd000-7fd47bfff000 r--p 0004a000 08:01 11543075                   /usr/lib/x86_64-linux-gnu/libpango-1.0.so.0.3600.3
7fd47bfff000-7fd47c000000 rw-p 0004c000 08:01 11543075                   /usr/lib/x86_64-linux-gnu/libpango-1.0.so.0.3600.3
7fd47c000000-7fd47c0f7000 rw-p 00000000 00:00 0 
7fd47c0f7000-7fd480000000 ---p 00000000 00:00 0 
7fd480000000-7fd4822f1000 rw-p 00000000 00:00 0 
7fd4822f1000-7fd484000000 ---p 00000000 00:00 0 
7fd484000000-7fd484021000 rw-p 00000000 00:00 0 
7fd484021000-7fd488000000 ---p 00000000 00:00 0 
7fd488000000-7fd48802b000 rw-p 00000000 00:00 0 
7fd48802b000-7fd48c000000 ---p 00000000 00:00 0 
7fd48c000000-7fd48c703000 rw-p 00000000 00:00 0 
7fd48c703000-7fd490000000 ---p 00000000 00:00 0 
7fd490000000-7fd490021000 rw-p 00000000 00:00 0 
7fd490021000-7fd494000000 ---p 00000000 00:00 0 
7fd494000000-7fd49407b000 rw-p 00000000 00:00 0 
7fd49407b000-7fd498000000 ---p 00000000 00:00 0 
7fd498000000-7fd49a293000 rw-p 00000000 00:00 0 
7fd49a293000-7fd49c000000 ---p 00000000 00:00 0 
7fd49c000000-7fd49c021000 rw-p 00000000 00:00 0 
7fd49c021000-7fd4a0000000 ---p 00000000 00:00 0 
7fd4a0000000-7fd4a0021000 rw-p 00000000 00:00 0 
7fd4a0021000-7fd4a4000000 ---p 00000000 00:00 0 
7fd4a4000000-7fd4a4021000 rw-p 00000000 00:00 0 
7fd4a4021000-7fd4a8000000 ---p 00000000 00:00 0 
7fd4a8000000-7fd4a806a000 rw-p 00000000 00:00 0 
7fd4a806a000-7fd4ac000000 ---p 00000000 00:00 0 
7fd4ac000000-7fd4ac02b000 rw-p 00000000 00:00 0 
7fd4ac02b000-7fd4b0000000 ---p 00000000 00:00 0 
7fd4b0000000-7fd4b0009000 r--s 00000000 08:01 11010127                   /var/cache/fontconfig/3f7329c5293ffd510edef78f73874cfd-le64.cache-4
7fd4b0009000-7fd4b0014000 r--s 00000000 08:01 11011129                   /var/cache/fontconfig/d589a48862398ed80a3d6066f4f56f4c-le64.cache-4
7fd4b0014000-7fd4b0017000 r-xp 00000000 08:01 11542735                   /usr/lib/x86_64-linux-gnu/libgmodule-2.0.so.0.4002.0
7fd4b0017000-7fd4b0216000 ---p 00003000 08:01 11542735                   /usr/lib/x86_64-linux-gnu/libgmodule-2.0.so.0.4002.0
7fd4b0216000-7fd4b0217000 r--p 00002000 08:01 11542735                   /usr/lib/x86_64-linux-gnu/libgmodule-2.0.so.0.4002.0
7fd4b0217000-7fd4b0218000 rw-p 00003000 08:01 11542735                   /usr/lib/x86_64-linux-gnu/libgmodule-2.0.so.0.4002.0
7fd4b0218000-7fd4b031e000 r-xp 00000000 08:01 11542469                   /usr/lib/x86_64-linux-gnu/libcairo.so.2.11301.0
7fd4b031e000-7fd4b051d000 ---p 00106000 08:01 11542469                   /usr/lib/x86_64-linux-gnu/libcairo.so.2.11301.0
7fd4b051d000-7fd4b0520000 r--p 00105000 08:01 11542469                   /usr/lib/x86_64-linux-gnu/libcairo.so.2.11301.0
7fd4b0520000-7fd4b0521000 rw-p 00108000 08:01 11542469                   /usr/lib/x86_64-linux-gnu/libcairo.so.2.11301.0
7fd4b0521000-7fd4b0523000 rw-p 00000000 00:00 0 
7fd4b0523000-7fd4b052e000 r-xp 00000000 08:01 11543077                   /usr/lib/x86_64-linux-gnu/libpangocairo-1.0.so.0.3600.3
7fd4b052e000-7fd4b072e000 ---p 0000b000 08:01 11543077                   /usr/lib/x86_64-linux-gnu/libpangocairo-1.0.so.0.3600.3
7fd4b072e000-7fd4b072f000 r--p 0000b000 08:01 11543077                   /usr/lib/x86_64-linux-gnu/libpangocairo-1.0.so.0.3600.3
7fd4b072f000-7fd4b0730000 rw-p 0000c000 08:01 11543077                   /usr/lib/x86_64-linux-gnu/libpangocairo-1.0.so.0.3600.3
7fd4b0730000-7fd4b0750000 r-xp 00000000 08:01 11542699                   /usr/lib/x86_64-linux-gnu/libgdk_pixbuf-2.0.so.0.3000.7
7fd4b0750000-7fd4b094f000 ---p 00020000 08:01 11542699                   /usr/lib/x86_64-linux-gnu/libgdk_pixbuf-2.0.so.0.3000.7
7fd4b094f000-7fd4b0950000 r--p 0001f000 08:01 11542699                   /usr/lib/x86_64-linux-gnu/libgdk_pixbuf-2.0.so.0.3000.7
7fd4b0950000-7fd4b0951000 rw-p 00020000 08:01 11542699                   /usr/lib/x86_64-linux-gnu/libgdk_pixbuf-2.0.so.0.3000.7
7fd4b0951000-7fd4b0965000 r-xp 00000000 08:01 11543079                   /usr/lib/x86_64-linux-gnu/libpangoft2-1.0.so.0.3600.3
7fd4b0965000-7fd4b0b64000 ---p 00014000 08:01 11543079                   /usr/lib/x86_64-linux-gnu/libpangoft2-1.0.so.0.3600.3
7fd4b0b64000-7fd4b0b65000 r--p 00013000 08:01 11543079                   /usr/lib/x86_64-linux-gnu/libpangoft2-1.0.so.0.3600.3
7fd4b0b65000-7fd4b0b66000 rw-p 00014000 08:01 11543079                   /usr/lib/x86_64-linux-gnu/libpangoft2-1.0.so.0.3600.3
7fd4b0b66000-7fd4b0cd2000 r-xp 00000000 08:01 11542723                   /usr/lib/x86_64-linux-gnu/libgio-2.0.so.0.4002.0
7fd4b0cd2000-7fd4b0ed1000 ---p 0016c000 08:01 11542723                   /usr/lib/x86_64-linux-gnu/libgio-2.0.so.0.4002.0
7fd4b0ed1000-7fd4b0ed5000 r--p 0016b000 08:01 11542723                   /usr/lib/x86_64-linux-gnu/libgio-2.0.so.0.4002.0
7fd4b0ed5000-7fd4b0ed7000 rw-p 0016f000 08:01 11542723                   /usr/lib/x86_64-linux-gnu/libgio-2.0.so.0.4002.0
7fd4b0ed7000-7fd4b0ed9000 rw-p 00000000 00:00 0 
7fd4b0ed9000-7fd4b0ef8000 r-xp 00000000 08:01 11542430                   /usr/lib/x86_64-linux-gnu/libatk-1.0.so.0.21009.1
7fd4b0ef8000-7fd4b10f8000 ---p 0001f000 08:01 11542430                   /usr/lib/x86_64-linux-gnu/libatk-1.0.so.0.21009.1
7fd4b10f8000-7fd4b10fa000 r--p 0001f000 08:01 11542430                   /usr/lib/x86_64-linux-gnu/libatk-1.0.so.0.21009.1
7fd4b10fa000-7fd4b10fb000 rw-p 00021000 08:01 11542430                   /usr/lib/x86_64-linux-gnu/libatk-1.0.so.0.21009.1
7fd4b10fb000-7fd4b11a8000 r-xp 00000000 08:01 11542697                   /usr/lib/x86_64-linux-gnu/libgdk-x11-2.0.so.0.2400.23
7fd4b11a8000-7fd4b13a8000 ---p 000ad000 08:01 11542697                   /usr/lib/x86_64-linux-gnu/libgdk-x11-2.0.so.0.2400.23
7fd4b13a8000-7fd4b13ac000 r--p 000ad000 08:01 11542697                   /usr/lib/x86_64-linux-gnu/libgdk-x11-2.0.so.0.2400.23
7fd4b13ac000-7fd4b13ae000 rw-p 000b1000 08:01 11542697                   /usr/lib/x86_64-linux-gnu/libgdk-x11-2.0.so.0.2400.23
7fd4b13ae000-7fd4b17de000 r-xp 00000000 08:01 11542862                   /usr/lib/x86_64-linux-gnu/libgtk-x11-2.0.so.0.2400.23
7fd4b17de000-7fd4b19dd000 ---p 00430000 08:01 11542862                   /usr/lib/x86_64-linux-gnu/libgtk-x11-2.0.so.0.2400.23
7fd4b19dd000-7fd4b19e4000 r--p 0042f000 08:01 11542862                   /usr/lib/x86_64-linux-gnu/libgtk-x11-2.0.so.0.2400.23
7fd4b19e4000-7fd4b19e8000 rw-p 00436000 08:01 11542862                   /usr/lib/x86_64-linux-gnu/libgtk-x11-2.0.so.0.2400.23
7fd4b19e8000-7fd4b19eb000 rw-p 00000000 00:00 0 
7fd4b19eb000-7fd4b19ec000 r--s 00000000 08:01 11010128                   /var/cache/fontconfig/4794a0821666d79190d59a36cb4f44b5-le64.cache-4
7fd4b19ec000-7fd4b19ed000 r--s 00000000 08:01 11010130                   /var/cache/fontconfig/56cf4f4769d0f4abc89a4895d7bd3ae1-le64.cache-4
7fd4b19ed000-7fd4b19ee000 r--s 00000000 08:01 11010142                   /var/cache/fontconfig/b9d506c9ac06c20b433354fa67a72993-le64.cache-4
7fd4b19ee000-7fd4b19ef000 r--s 00000000 08:01 11010119                   /var/cache/fontconfig/0c9eb80ebd1c36541ebe2852d3bb0c49-le64.cache-4
7fd4b19ef000-7fd4b19fc000 r--s 00000000 08:01 11010507                   /var/cache/fontconfig/e13b20fdb08344e0e664864cc2ede53d-le64.cache-4
7fd4b19fc000-7fd4b1a00000 r--s 00000000 08:01 11029982                   /var/cache/fontconfig/7ef2298fde41cc6eeb7af42e48b7d293-le64.cache-4
7fd4b1a00000-7fd4b1a05000 r--p 00000000 08:01 10234385                   /home/lex/.config/dconf/user
7fd4b1a05000-7fd4b1a06000 r--s 00000000 00:17 25                         /run/user/1000/dconf/user
7fd4b1a06000-7fd4b1a12000 r-xp 00000000 08:01 2369628                    /usr/lib/jvm/java-8-oracle/jre/lib/amd64/libprism_es2.so
7fd4b1a12000-7fd4b1c11000 ---p 0000c000 08:01 2369628                    /usr/lib/jvm/java-8-oracle/jre/lib/amd64/libprism_es2.so
7fd4b1c11000-7fd4b1c12000 rw-p 0000b000 08:01 2369628                    /usr/lib/jvm/java-8-oracle/jre/lib/amd64/libprism_es2.so
7fd4b1c12000-7fd4b1c15000 ---p 00000000 00:00 0 
7fd4b1c15000-7fd4b1d13000 rw-p 00000000 00:00 0 
7fd4b1d13000-7fd4b1d16000 ---p 00000000 00:00 0 
7fd4b1d16000-7fd4b1e14000 rw-p 00000000 00:00 0 
7fd4b1e14000-7fd4b1eaa000 r--s 01102000 08:01 2369927                    /usr/lib/jvm/java-8-oracle/jre/lib/ext/jfxrt.jar
7fd4b1eaa000-7fd4b1edb000 rw-p 00000000 00:00 0 
7fd4b1edb000-7fd4b1ef1000 r-xp 00000000 08:01 2369631                    /usr/lib/jvm/java-8-oracle/jre/lib/amd64/libnet.so
7fd4b1ef1000-7fd4b20f1000 ---p 00016000 08:01 2369631                    /usr/lib/jvm/java-8-oracle/jre/lib/amd64/libnet.so
7fd4b20f1000-7fd4b20f2000 rw-p 00016000 08:01 2369631                    /usr/lib/jvm/java-8-oracle/jre/lib/amd64/libnet.so
7fd4b20f2000-7fd4b20f5000 ---p 00000000 00:00 0 
7fd4b20f5000-7fd4b21f3000 rw-p 00000000 00:00 0 
7fd4b21f3000-7fd4b21f4000 r-xp 00000000 08:01 10363186                   /usr/local/share/idea/bin/libbreakgen64.so
7fd4b21f4000-7fd4b23f3000 ---p 00001000 08:01 10363186                   /usr/local/share/idea/bin/libbreakgen64.so
7fd4b23f3000-7fd4b23f4000 r--p 00000000 08:01 10363186                   /usr/local/share/idea/bin/libbreakgen64.so
7fd4b23f4000-7fd4b23f5000 rw-p 00001000 08:01 10363186                   /usr/local/share/idea/bin/libbreakgen64.so
7fd4b23f5000-7fd4b2400000 r--s 000b6000 08:01 13255872                   /home/lex/Documents/TeoriaDeComputadoras/Automatas/lib/jgraphx-3.4.1.3.jar
7fd4b2400000-7fd4b242e000 r--s 00207000 08:01 11295286                   /home/lex/.IdeaIC2016.1/config/plugins/Kotlin/kotlinc/lib/kotlin-reflect.jar
7fd4b242e000-7fd4b243a000 r--s 000ac000 08:01 11295289                   /home/lex/.IdeaIC2016.1/config/plugins/Kotlin/kotlinc/lib/kotlin-runtime.jar
7fd4b243a000-7fd4b244d000 r--s 00345000 08:01 2369747                    /usr/lib/jvm/java-8-oracle/jre/lib/resources.jar
7fd4b244d000-7fd4b2460000 r--s 000d6000 08:01 2369734                    /usr/lib/jvm/java-8-oracle/jre/lib/plugin.jar
7fd4b2460000-7fd4b2464000 r--s 00097000 08:01 2369918                    /usr/lib/jvm/java-8-oracle/jre/lib/jsse.jar
7fd4b2464000-7fd4b2469000 r--s 00084000 08:01 2369736                    /usr/lib/jvm/java-8-oracle/jre/lib/jfr.jar
7fd4b2469000-7fd4b246a000 ---p 00000000 00:00 0 
7fd4b246a000-7fd4b256a000 rw-p 00000000 00:00 0 
7fd4b256a000-7fd4b256d000 ---p 00000000 00:00 0 
7fd4b256d000-7fd4b266b000 rw-p 00000000 00:00 0 
7fd4b266b000-7fd4b266e000 ---p 00000000 00:00 0 
7fd4b266e000-7fd4b276c000 rw-p 00000000 00:00 0 
7fd4b276c000-7fd4b276f000 ---p 00000000 00:00 0 
7fd4b276f000-7fd4b286d000 rw-p 00000000 00:00 0 
7fd4b286d000-7fd4b2870000 ---p 00000000 00:00 0 
7fd4b2870000-7fd4b296e000 rw-p 00000000 00:00 0 
7fd4b296e000-7fd4b3050000 r--p 00000000 08:01 11541334                   /usr/lib/locale/locale-archive
7fd4b3050000-7fd4b3053000 ---p 00000000 00:00 0 
7fd4b3053000-7fd4b3151000 rw-p 00000000 00:00 0 
7fd4b3151000-7fd4b3154000 ---p 00000000 00:00 0 
7fd4b3154000-7fd4b3252000 rw-p 00000000 00:00 0 
7fd4b3252000-7fd4b3253000 ---p 00000000 00:00 0 
7fd4b3253000-7fd4b3ccc000 rw-p 00000000 00:00 0 
7fd4b3ccc000-7fd4b3ea5000 r--s 03d29000 08:01 2369906                    /usr/lib/jvm/java-8-oracle/jre/lib/rt.jar
7fd4b3ea5000-7fd4b77da000 rw-p 00000000 00:00 0 
7fd4b77da000-7fd4b77db000 ---p 00000000 00:00 0 
7fd4b77db000-7fd4b7913000 rw-p 00000000 00:00 0 
7fd4b7913000-7fd4b7ac9000 ---p 00000000 00:00 0 
7fd4b7ac9000-7fd4b7b01000 rw-p 00000000 00:00 0 
7fd4b7b01000-7fd4b7cb7000 ---p 00000000 00:00 0 
7fd4b7cb7000-7fd4b7ce7000 rw-p 00000000 00:00 0 
7fd4b7ce7000-7fd4b7dae000 ---p 00000000 00:00 0 
7fd4b7dae000-7fd4b7de6000 rw-p 00000000 00:00 0 
7fd4b7de6000-7fd4b816f000 ---p 00000000 00:00 0 
7fd4b816f000-7fd4b8f1f000 rwxp 00000000 00:00 0 
7fd4b8f1f000-7fd4c716f000 ---p 00000000 00:00 0 
7fd4c716f000-7fd4c7189000 r-xp 00000000 08:01 2369659                    /usr/lib/jvm/java-8-oracle/jre/lib/amd64/libzip.so
7fd4c7189000-7fd4c7389000 ---p 0001a000 08:01 2369659                    /usr/lib/jvm/java-8-oracle/jre/lib/amd64/libzip.so
7fd4c7389000-7fd4c738a000 rw-p 0001a000 08:01 2369659                    /usr/lib/jvm/java-8-oracle/jre/lib/amd64/libzip.so
7fd4c738a000-7fd4c7394000 r-xp 00000000 08:01 655807                     /lib/x86_64-linux-gnu/libnss_files-2.19.so
7fd4c7394000-7fd4c7593000 ---p 0000a000 08:01 655807                     /lib/x86_64-linux-gnu/libnss_files-2.19.so
7fd4c7593000-7fd4c7594000 r--p 00009000 08:01 655807                     /lib/x86_64-linux-gnu/libnss_files-2.19.so
7fd4c7594000-7fd4c7595000 rw-p 0000a000 08:01 655807                     /lib/x86_64-linux-gnu/libnss_files-2.19.so
7fd4c7595000-7fd4c75a0000 r-xp 00000000 08:01 655792                     /lib/x86_64-linux-gnu/libnss_nis-2.19.so
7fd4c75a0000-7fd4c779f000 ---p 0000b000 08:01 655792                     /lib/x86_64-linux-gnu/libnss_nis-2.19.so
7fd4c779f000-7fd4c77a0000 r--p 0000a000 08:01 655792                     /lib/x86_64-linux-gnu/libnss_nis-2.19.so
7fd4c77a0000-7fd4c77a1000 rw-p 0000b000 08:01 655792                     /lib/x86_64-linux-gnu/libnss_nis-2.19.so
7fd4c77a1000-7fd4c77b8000 r-xp 00000000 08:01 655788                     /lib/x86_64-linux-gnu/libnsl-2.19.so
7fd4c77b8000-7fd4c79b7000 ---p 00017000 08:01 655788                     /lib/x86_64-linux-gnu/libnsl-2.19.so
7fd4c79b7000-7fd4c79b8000 r--p 00016000 08:01 655788                     /lib/x86_64-linux-gnu/libnsl-2.19.so
7fd4c79b8000-7fd4c79b9000 rw-p 00017000 08:01 655788                     /lib/x86_64-linux-gnu/libnsl-2.19.so
7fd4c79b9000-7fd4c79bb000 rw-p 00000000 00:00 0 
7fd4c79bb000-7fd4c79c4000 r-xp 00000000 08:01 655787                     /lib/x86_64-linux-gnu/libnss_compat-2.19.so
7fd4c79c4000-7fd4c7bc3000 ---p 00009000 08:01 655787                     /lib/x86_64-linux-gnu/libnss_compat-2.19.so
7fd4c7bc3000-7fd4c7bc4000 r--p 00008000 08:01 655787                     /lib/x86_64-linux-gnu/libnss_compat-2.19.so
7fd4c7bc4000-7fd4c7bc5000 rw-p 00009000 08:01 655787                     /lib/x86_64-linux-gnu/libnss_compat-2.19.so
7fd4c7bc5000-7fd4c7bef000 r-xp 00000000 08:01 2369653                    /usr/lib/jvm/java-8-oracle/jre/lib/amd64/libjava.so
7fd4c7bef000-7fd4c7def000 ---p 0002a000 08:01 2369653                    /usr/lib/jvm/java-8-oracle/jre/lib/amd64/libjava.so
7fd4c7def000-7fd4c7df1000 rw-p 0002a000 08:01 2369653                    /usr/lib/jvm/java-8-oracle/jre/lib/amd64/libjava.so
7fd4c7df1000-7fd4c7dfe000 r-xp 00000000 08:01 2369613                    /usr/lib/jvm/java-8-oracle/jre/lib/amd64/libverify.so
7fd4c7dfe000-7fd4c7ffe000 ---p 0000d000 08:01 2369613                    /usr/lib/jvm/java-8-oracle/jre/lib/amd64/libverify.so
7fd4c7ffe000-7fd4c8000000 rw-p 0000d000 08:01 2369613                    /usr/lib/jvm/java-8-oracle/jre/lib/amd64/libverify.so
7fd4c8000000-7fd4c8418000 rw-p 00000000 00:00 0 
7fd4c8418000-7fd4cc000000 ---p 00000000 00:00 0 
7fd4cc000000-7fd4cc002000 r--s 0001e000 08:01 10363109                   /usr/local/share/idea/lib/idea_rt.jar
7fd4cc002000-7fd4cc005000 r--s 0001a000 08:01 2369737                    /usr/lib/jvm/java-8-oracle/jre/lib/jce.jar
7fd4cc005000-7fd4cc09c000 rw-p 00000000 00:00 0 
7fd4cc09c000-7fd4cc09d000 ---p 00000000 00:00 0 
7fd4cc09d000-7fd4cc19d000 rw-p 00000000 00:00 0 
7fd4cc19d000-7fd4cc1a4000 r-xp 00000000 08:01 655803                     /lib/x86_64-linux-gnu/librt-2.19.so
7fd4cc1a4000-7fd4cc3a3000 ---p 00007000 08:01 655803                     /lib/x86_64-linux-gnu/librt-2.19.so
7fd4cc3a3000-7fd4cc3a4000 r--p 00006000 08:01 655803                     /lib/x86_64-linux-gnu/librt-2.19.so
7fd4cc3a4000-7fd4cc3a5000 rw-p 00007000 08:01 655803                     /lib/x86_64-linux-gnu/librt-2.19.so
7fd4cc3a5000-7fd4cc4aa000 r-xp 00000000 08:01 655782                     /lib/x86_64-linux-gnu/libm-2.19.so
7fd4cc4aa000-7fd4cc6a9000 ---p 00105000 08:01 655782                     /lib/x86_64-linux-gnu/libm-2.19.so
7fd4cc6a9000-7fd4cc6aa000 r--p 00104000 08:01 655782                     /lib/x86_64-linux-gnu/libm-2.19.so
7fd4cc6aa000-7fd4cc6ab000 rw-p 00105000 08:01 655782                     /lib/x86_64-linux-gnu/libm-2.19.so
7fd4cc6ab000-7fd4cd376000 r-xp 00000000 08:01 2369646                    /usr/lib/jvm/java-8-oracle/jre/lib/amd64/server/libjvm.so
7fd4cd376000-7fd4cd575000 ---p 00ccb000 08:01 2369646                    /usr/lib/jvm/java-8-oracle/jre/lib/amd64/server/libjvm.so
7fd4cd575000-7fd4cd64e000 rw-p 00cca000 08:01 2369646                    /usr/lib/jvm/java-8-oracle/jre/lib/amd64/server/libjvm.so
7fd4cd64e000-7fd4cd699000 rw-p 00000000 00:00 0 
7fd4cd699000-7fd4cd853000 r-xp 00000000 08:01 655804                     /lib/x86_64-linux-gnu/libc-2.19.so
7fd4cd853000-7fd4cda53000 ---p 001ba000 08:01 655804                     /lib/x86_64-linux-gnu/libc-2.19.so
7fd4cda53000-7fd4cda57000 r--p 001ba000 08:01 655804                     /lib/x86_64-linux-gnu/libc-2.19.so
7fd4cda57000-7fd4cda59000 rw-p 001be000 08:01 655804                     /lib/x86_64-linux-gnu/libc-2.19.so
7fd4cda59000-7fd4cda5e000 rw-p 00000000 00:00 0 
7fd4cda5e000-7fd4cda61000 r-xp 00000000 08:01 655784                     /lib/x86_64-linux-gnu/libdl-2.19.so
7fd4cda61000-7fd4cdc60000 ---p 00003000 08:01 655784                     /lib/x86_64-linux-gnu/libdl-2.19.so
7fd4cdc60000-7fd4cdc61000 r--p 00002000 08:01 655784                     /lib/x86_64-linux-gnu/libdl-2.19.so
7fd4cdc61000-7fd4cdc62000 rw-p 00003000 08:01 655784                     /lib/x86_64-linux-gnu/libdl-2.19.so
7fd4cdc62000-7fd4cdc77000 r-xp 00000000 08:01 2369936                    /usr/lib/jvm/java-8-oracle/lib/amd64/jli/libjli.so
7fd4cdc77000-7fd4cde77000 ---p 00015000 08:01 2369936                    /usr/lib/jvm/java-8-oracle/lib/amd64/jli/libjli.so
7fd4cde77000-7fd4cde78000 rw-p 00015000 08:01 2369936                    /usr/lib/jvm/java-8-oracle/lib/amd64/jli/libjli.so
7fd4cde78000-7fd4cde91000 r-xp 00000000 08:01 655789                     /lib/x86_64-linux-gnu/libpthread-2.19.so
7fd4cde91000-7fd4ce090000 ---p 00019000 08:01 655789                     /lib/x86_64-linux-gnu/libpthread-2.19.so
7fd4ce090000-7fd4ce091000 r--p 00018000 08:01 655789                     /lib/x86_64-linux-gnu/libpthread-2.19.so
7fd4ce091000-7fd4ce092000 rw-p 00019000 08:01 655789                     /lib/x86_64-linux-gnu/libpthread-2.19.so
7fd4ce092000-7fd4ce096000 rw-p 00000000 00:00 0 
7fd4ce096000-7fd4ce0b9000 r-xp 00000000 08:01 655790                     /lib/x86_64-linux-gnu/ld-2.19.so
7fd4ce0b9000-7fd4ce0ba000 r--s 00000000 08:01 2369815                    /usr/lib/jvm/java-8-oracle/jre/lib/management-agent.jar
7fd4ce0ba000-7fd4ce0d5000 r--s 00208000 08:01 2369732                    /usr/lib/jvm/java-8-oracle/jre/lib/deploy.jar
7fd4ce0d5000-7fd4ce196000 rw-p 00000000 00:00 0 
7fd4ce196000-7fd4ce199000 ---p 00000000 00:00 0 
7fd4ce199000-7fd4ce29b000 rw-p 00000000 00:00 0 
7fd4ce29b000-7fd4ce29d000 r--s 00007000 08:01 2369674                    /usr/lib/jvm/java-8-oracle/jre/lib/jfxswt.jar
7fd4ce29d000-7fd4ce2a7000 r--s 0006c000 08:01 2369741                    /usr/lib/jvm/java-8-oracle/jre/lib/javaws.jar
7fd4ce2a7000-7fd4ce2ac000 r--s 002f9000 08:01 2369905                    /usr/lib/jvm/java-8-oracle/jre/lib/charsets.jar
7fd4ce2ac000-7fd4ce2b4000 rw-s 00000000 08:01 4195052                    /tmp/hsperfdata_lex/4708
7fd4ce2b4000-7fd4ce2b5000 rw-p 00000000 00:00 0 
7fd4ce2b5000-7fd4ce2b6000 r--p 00000000 00:00 0 
7fd4ce2b6000-7fd4ce2b8000 rw-p 00000000 00:00 0 
7fd4ce2b8000-7fd4ce2b9000 r--p 00022000 08:01 655790                     /lib/x86_64-linux-gnu/ld-2.19.so
7fd4ce2b9000-7fd4ce2ba000 rw-p 00023000 08:01 655790                     /lib/x86_64-linux-gnu/ld-2.19.so
7fd4ce2ba000-7fd4ce2bb000 rw-p 00000000 00:00 0 
7ffd3a17f000-7ffd3a1a0000 rw-p 00000000 00:00 0                          [stack]
7ffd3a1f9000-7ffd3a1fb000 r--p 00000000 00:00 0                          [vvar]
7ffd3a1fb000-7ffd3a1fd000 r-xp 00000000 00:00 0                          [vdso]
ffffffffff600000-ffffffffff601000 r-xp 00000000 00:00 0                  [vsyscall]

VM Arguments:
jvm_args: -Didea.launcher.port=7532 -Didea.launcher.bin.path=/usr/local/share/idea/bin -Dfile.encoding=UTF-8 
java_command: com.intellij.rt.execution.application.AppMain GUIKt
java_class_path (initial): /usr/lib/jvm/java-8-oracle/jre/lib/charsets.jar:/usr/lib/jvm/java-8-oracle/jre/lib/deploy.jar:/usr/lib/jvm/java-8-oracle/jre/lib/ext/cldrdata.jar:/usr/lib/jvm/java-8-oracle/jre/lib/ext/dnsns.jar:/usr/lib/jvm/java-8-oracle/jre/lib/ext/jaccess.jar:/usr/lib/jvm/java-8-oracle/jre/lib/ext/jfxrt.jar:/usr/lib/jvm/java-8-oracle/jre/lib/ext/localedata.jar:/usr/lib/jvm/java-8-oracle/jre/lib/ext/nashorn.jar:/usr/lib/jvm/java-8-oracle/jre/lib/ext/sunec.jar:/usr/lib/jvm/java-8-oracle/jre/lib/ext/sunjce_provider.jar:/usr/lib/jvm/java-8-oracle/jre/lib/ext/sunpkcs11.jar:/usr/lib/jvm/java-8-oracle/jre/lib/ext/zipfs.jar:/usr/lib/jvm/java-8-oracle/jre/lib/javaws.jar:/usr/lib/jvm/java-8-oracle/jre/lib/jce.jar:/usr/lib/jvm/java-8-oracle/jre/lib/jfr.jar:/usr/lib/jvm/java-8-oracle/jre/lib/jfxswt.jar:/usr/lib/jvm/java-8-oracle/jre/lib/jsse.jar:/usr/lib/jvm/java-8-oracle/jre/lib/management-agent.jar:/usr/lib/jvm/java-8-oracle/jre/lib/plugin.jar:/usr/lib/jvm/java-8-oracle/jre/lib/resources.jar:/usr/lib/jvm/java-8-oracle/jre/lib/rt.jar:/home/lex/Documents/TeoriaDeComputadoras/Automatas/out/production/Automatas:/home/lex/.IdeaIC2016.1/config/plugins/Kotlin/kotlinc/lib/kotlin-runtime.jar:/home/lex/.IdeaIC2016.1/config/plugins/Kotlin/kotlinc/lib/kotlin-reflect.jar:/home/lex/Documents/TeoriaDeComputadoras/Automatas/lib/jgraphx-3.4.1.3.jar:/usr/local/share/idea/lib/idea_rt.jar
Launcher Type: SUN_STANDARD

Environment Variables:
PATH=/usr/local/sbin:/usr/local/bin:/usr/sbin:/usr/bin:/sbin:/bin:/usr/games:/usr/local/games
LD_LIBRARY_PATH=/usr/local/share/idea/bin:
SHELL=/bin/bash
DISPLAY=:0

Signal Handlers:
SIGSEGV: [libjvm.so+0xac4790], sa_mask[0]=11111111011111111101111111111110, sa_flags=SA_RESTART|SA_SIGINFO
SIGBUS: [libjvm.so+0xac4790], sa_mask[0]=11111111011111111101111111111110, sa_flags=SA_RESTART|SA_SIGINFO
SIGFPE: [libjvm.so+0x91f140], sa_mask[0]=11111111011111111101111111111110, sa_flags=SA_RESTART|SA_SIGINFO
SIGPIPE: SIG_IGN, sa_mask[0]=00000000000010000000000000000000, sa_flags=SA_RESTART
SIGXFSZ: [libjvm.so+0x91f140], sa_mask[0]=11111111011111111101111111111110, sa_flags=SA_RESTART|SA_SIGINFO
SIGILL: [libjvm.so+0x91f140], sa_mask[0]=11111111011111111101111111111110, sa_flags=SA_RESTART|SA_SIGINFO
SIGUSR1: SIG_DFL, sa_mask[0]=00000000000000000000000000000000, sa_flags=none
SIGUSR2: [libjvm.so+0x920770], sa_mask[0]=00100000000000000000000000000000, sa_flags=SA_RESTART|SA_SIGINFO
SIGHUP: [libjvm.so+0x921b70], sa_mask[0]=11111111011111111101111111111110, sa_flags=SA_RESTART|SA_SIGINFO
SIGINT: [libjvm.so+0x921b70], sa_mask[0]=11111111011111111101111111111110, sa_flags=SA_RESTART|SA_SIGINFO
SIGTERM: [libjvm.so+0x921b70], sa_mask[0]=11111111011111111101111111111110, sa_flags=SA_RESTART|SA_SIGINFO
SIGQUIT: [libjvm.so+0x921b70], sa_mask[0]=11111111011111111101111111111110, sa_flags=SA_RESTART|SA_SIGINFO


---------------  S Y S T E M  ---------------

OS:DISTRIB_ID=Ubuntu
DISTRIB_RELEASE=14.04
DISTRIB_CODENAME=trusty
DISTRIB_DESCRIPTION="Ubuntu 14.04.4 LTS"

uname:Linux 4.2.0-42-generic #49~14.04.1-Ubuntu SMP Wed Jun 29 20:22:11 UTC 2016 x86_64
libc:glibc 2.19 NPTL 2.19 
rlimit: STACK 8192k, CORE 0k, NPROC 23595, NOFILE 4096, AS infinity
load average:0.99 1.25 0.82

/proc/meminfo:
MemTotal:        6062832 kB
MemFree:         1504772 kB
MemAvailable:    2614072 kB
Buffers:          146400 kB
Cached:          1443340 kB
SwapCached:            0 kB
Active:          3367016 kB
Inactive:         988712 kB
Active(anon):    2771224 kB
Inactive(anon):   347908 kB
Active(file):     595792 kB
Inactive(file):   640804 kB
Unevictable:          16 kB
Mlocked:              16 kB
SwapTotal:       6241276 kB
SwapFree:        6241276 kB
Dirty:                80 kB
Writeback:             0 kB
AnonPages:       2766036 kB
Mapped:           310152 kB
Shmem:            353148 kB
Slab:             112648 kB
SReclaimable:      83280 kB
SUnreclaim:        29368 kB
KernelStack:       10208 kB
PageTables:        34308 kB
NFS_Unstable:          0 kB
Bounce:                0 kB
WritebackTmp:          0 kB
CommitLimit:     9272692 kB
Committed_AS:    6426748 kB
VmallocTotal:   34359738367 kB
VmallocUsed:      355192 kB
VmallocChunk:   34358947836 kB
HardwareCorrupted:     0 kB
AnonHugePages:   1120256 kB
CmaTotal:              0 kB
CmaFree:               0 kB
HugePages_Total:       0
HugePages_Free:        0
HugePages_Rsvd:        0
HugePages_Surp:        0
Hugepagesize:       2048 kB
DirectMap4k:      102708 kB
DirectMap2M:     6139904 kB


CPU:total 2 (2 cores per cpu, 1 threads per core) family 6 model 23 stepping 10, cmov, cx8, fxsr, mmx, sse, sse2, sse3, ssse3, sse4.1, tsc

/proc/cpuinfo:
processor	: 0
vendor_id	: GenuineIntel
cpu family	: 6
model		: 23
model name	: Intel(R) Core(TM)2 Duo CPU     P9600  @ 2.53GHz
stepping	: 10
microcode	: 0xa07
cpu MHz		: 2535.000
cache size	: 6144 KB
physical id	: 0
siblings	: 2
core id		: 0
cpu cores	: 2
apicid		: 0
initial apicid	: 0
fpu		: yes
fpu_exception	: yes
cpuid level	: 13
wp		: yes
flags		: fpu vme de pse tsc msr pae mce cx8 apic sep mtrr pge mca cmov pat pse36 clflush dts acpi mmx fxsr sse sse2 ss ht tm pbe syscall nx lm constant_tsc arch_perfmon pebs bts rep_good nopl aperfmperf pni dtes64 monitor ds_cpl vmx smx est tm2 ssse3 cx16 xtpr pdcm sse4_1 xsave lahf_lm ida dtherm tpr_shadow vnmi flexpriority
bugs		:
bogomips	: 5053.92
clflush size	: 64
cache_alignment	: 64
address sizes	: 36 bits physical, 48 bits virtual
power management:

processor	: 1
vendor_id	: GenuineIntel
cpu family	: 6
model		: 23
model name	: Intel(R) Core(TM)2 Duo CPU     P9600  @ 2.53GHz
stepping	: 10
microcode	: 0xa07
cpu MHz		: 2535.000
cache size	: 6144 KB
physical id	: 0
siblings	: 2
core id		: 1
cpu cores	: 2
apicid		: 1
initial apicid	: 1
fpu		: yes
fpu_exception	: yes
cpuid level	: 13
wp		: yes
flags		: fpu vme de pse tsc msr pae mce cx8 apic sep mtrr pge mca cmov pat pse36 clflush dts acpi mmx fxsr sse sse2 ss ht tm pbe syscall nx lm constant_tsc arch_perfmon pebs bts rep_good nopl aperfmperf pni dtes64 monitor ds_cpl vmx smx est tm2 ssse3 cx16 xtpr pdcm sse4_1 xsave lahf_lm ida dtherm tpr_shadow vnmi flexpriority
bugs		:
bogomips	: 5053.92
clflush size	: 64
cache_alignment	: 64
address sizes	: 36 bits physical, 48 bits virtual
power management:



Memory: 4k page, physical 6062832k(1504772k free), swap 6241276k(6241276k free)

vm_info: Java HotSpot(TM) 64-Bit Server VM (25.101-b13) for linux-amd64 JRE (1.8.0_101-b13), built on Jun 22 2016 02:59:44 by "java_re" with gcc 4.3.0 20080428 (Red Hat 4.3.0-8)

time: Thu Aug 25 18:16:10 2016
elapsed time: 97 seconds (0d 0h 1m 37s)

