#
# A fatal error has been detected by the Java Runtime Environment:
#
#  SIGSEGV (0xb) at pc=0x00007fb12c461d94, pid=21064, tid=0x00007fb1144f2700
#
# JRE version: Java(TM) SE Runtime Environment (8.0_101-b13) (build 1.8.0_101-b13)
# Java VM: Java HotSpot(TM) 64-Bit Server VM (25.101-b13 mixed mode linux-amd64 compressed oops)
# Problematic frame:
# V  [libjvm.so+0x8acd94]  Method::checked_resolve_jmethod_id(_jmethodID*)+0x34
#
# Failed to write core dump. Core dumps have been disabled. To enable core dumping, try "ulimit -c unlimited" before starting Java again
#
# If you would like to submit a bug report, please visit:
#   http://bugreport.java.com/bugreport/crash.jsp
#

---------------  T H R E A D  ---------------

Current thread (0x00007fb1240c2000):  JavaThread "JDWP Transport Listener: dt_socket" daemon [_thread_in_vm, id=21085, stack(0x00007fb1143f2000,0x00007fb1144f3000)]

siginfo: si_signo: 11 (SIGSEGV), si_code: 1 (SEGV_MAPERR), si_addr: 0x0000000000000021

Registers:
RAX=0x0000000000000011, RBX=0x00000000a3819648, RCX=0x00007fb12d59b320, RDX=0x00007fb12cb76e80
RSP=0x00007fb1144f1710, RBP=0x00007fb1144f1720, RSI=0x00007fb1240c2000, RDI=0x00000000a3819648
R8 =0x0000000000000000, R9 =0x00007fb0f003f0e0, R10=0x0000000000000010, R11=0x00007fb12cd29990
R12=0x0000000000000017, R13=0x00007fb0e034c708, R14=0x00007fb1240c2000, R15=0x00007fb1144f1827
RIP=0x00007fb12c461d94, EFLAGS=0x0000000000010206, CSGSFS=0x0000000000000033, ERR=0x0000000000000004
  TRAPNO=0x000000000000000e

Top of Stack: (sp=0x00007fb1144f1710)
0x00007fb1144f1710:   0000000000000074 00007fb124003ef0
0x00007fb1144f1720:   00007fb1144f1790 00007fb12c2eeefe
0x00007fb1144f1730:   0000000000000073 00007fb1144f1740
0x00007fb1144f1740:   00007fb1240c2000 0000000000000000
0x00007fb1144f1750:   00007fb100000000 0000000000000000
0x00007fb1144f1760:   00007fb1144f1780 00007fb12b26be40
0x00007fb1144f1770:   00007fb0e034c708 00007fb1144f1827
0x00007fb1144f1780:   000000000000002a 00007fb1144f1827
0x00007fb1144f1790:   00007fb1144f17c0 00007fb12b0578c2
0x00007fb1144f17a0:   00007fb1144f17c0 00007fb0e034c708
0x00007fb1144f17b0:   00007fb1144f1890 0000000000000150
0x00007fb1144f17c0:   00007fb1144f1850 00007fb12b038aa0
0x00007fb1144f17d0:   00007fb1144f1808 00007fb1144f1800
0x00007fb1144f17e0:   00007fb1144f17f8 00007fb1144f181c
0x00007fb1144f17f0:   00000001f00116a0 0000000000000000
0x00007fb1144f1800:   0000000000000000 0000000000000000
0x00007fb1144f1810:   00007fb0f002ffa0 00000001144f1890
0x00007fb1144f1820:   000000000000002b 0000000000000002
0x00007fb1144f1830:   000000000000000f 0000000000000002
0x00007fb1144f1840:   00000000000f0200 000000000000000f
0x00007fb1144f1850:   00007fb1144f1aa0 00007fb12b0439c6
0x00007fb1144f1860:   0000405200000013 00007fb12c0f0200
0x00007fb1144f1870:   00007fb0e800d9c0 0000000000000000
0x00007fb1144f1880:   00007fb1144f1890 00007fb1144f1a20
0x00007fb1144f1890:   00007fb0f0050832 00007fb10000071e
0x00007fb1144f18a0:   00007fb0f000ff00 000000000000012c
0x00007fb1144f18b0:   00007fb1144f18e0 00007fb0f0024d20
0x00007fb1144f18c0:   00007f0000000000 000040520000000f
0x00007fb1144f18d0:   00007fb100001a80 00007fb1144f18e0
0x00007fb1144f18e0:   b07f00002b000000 0c000000c8fe00f0
0x00007fb1144f18f0:   7373616c43746567 14000000656d614e
0x00007fb1144f1900:   2f6176616a4c2928 7274532f676e616c 

Instructions: (pc=0x00007fb12c461d94)
0x00007fb12c461d74:   83 c4 08 5b c9 c3 66 0f 1f 44 00 00 48 8b 1f 48
0x00007fb12c461d84:   85 db 74 e6 48 83 fb 37 74 e0 48 8b 03 48 89 df
0x00007fb12c461d94:   ff 50 10 84 c0 0f 1f 80 00 00 00 00 75 ce 66 0f
0x00007fb12c461da4:   1f 44 00 00 eb c4 66 0f 1f 44 00 00 55 48 89 e5 

Register to memory mapping:

RAX=0x0000000000000011 is an unknown value
RBX=0x00000000a3819648 is an oop
java.lang.Object 
 - klass: 'java/lang/Object'
RCX=0x00007fb12d59b320: <offset 0x219320> in /lib/x86_64-linux-gnu/libpthread.so.0 at 0x00007fb12d382000
RDX=0x00007fb12cb76e80: <offset 0xfc1e80> in /usr/lib/jvm/java-8-oracle/jre/lib/amd64/server/libjvm.so at 0x00007fb12bbb5000
RSP=0x00007fb1144f1710 is pointing into the stack for thread: 0x00007fb1240c2000
RBP=0x00007fb1144f1720 is pointing into the stack for thread: 0x00007fb1240c2000
RSI=0x00007fb1240c2000 is a thread
RDI=0x00000000a3819648 is an oop
java.lang.Object 
 - klass: 'java/lang/Object'
R8 =0x0000000000000000 is an unknown value
R9 =0x00007fb0f003f0e0 is an unknown value
R10=0x0000000000000010 is an unknown value
R11=0x00007fb12cd29990: <offset 0x186990> in /lib/x86_64-linux-gnu/libc.so.6 at 0x00007fb12cba3000
R12=0x0000000000000017 is an unknown value
R13=0x00007fb0e034c708 is a global jni handle
R14=0x00007fb1240c2000 is a thread
R15=0x00007fb1144f1827 is pointing into the stack for thread: 0x00007fb1240c2000


Stack: [0x00007fb1143f2000,0x00007fb1144f3000],  sp=0x00007fb1144f1710,  free space=1021k
Native frames: (J=compiled Java code, j=interpreted, Vv=VM code, C=native code)
V  [libjvm.so+0x8acd94]  Method::checked_resolve_jmethod_id(_jmethodID*)+0x34
V  [libjvm.so+0x739efe]  jvmti_IsMethodSynthetic+0x2be
C  [libjdwp.so+0x258c2]  isMethodSynthetic+0x42
C  [libjdwp.so+0x6aa0]  methods1+0x1b0
C  [libjdwp.so+0x119c6]  debugLoop_run+0x2b6
C  [libjdwp.so+0x247ff]  attachThread+0x2f
V  [libjvm.so+0x7a63e2]  JvmtiAgentThread::call_start_function()+0xc2
V  [libjvm.so+0xa7343f]  JavaThread::thread_main_inner()+0xdf
V  [libjvm.so+0xa7356c]  JavaThread::run()+0x11c
V  [libjvm.so+0x924698]  java_start(Thread*)+0x108
C  [libpthread.so.0+0x8184]  start_thread+0xc4


---------------  P R O C E S S  ---------------

Java Threads: ( => current thread )
  0x00007fb12400d800 JavaThread "DestroyJavaVM" [_thread_blocked, id=21068, stack(0x00007fb12d6a0000,0x00007fb12d7a1000)]
  0x00007fb0e0836000 JavaThread "AWT-EventQueue-0" [_thread_blocked, id=22184, stack(0x00007fb0ca8c0000,0x00007fb0ca9c1000)]
  0x00007fb0e0835800 JavaThread "AWT-Shutdown" [_thread_blocked, id=22183, stack(0x00007fb0ca3bd000,0x00007fb0ca4be000)]
  0x00007fb0e06d7000 JavaThread "Prism Font Disposer" daemon [_thread_blocked, id=21114, stack(0x00007fb0c906e000,0x00007fb0c916f000)]
  0x00007fb0e055b800 JavaThread "TimerQueue" daemon [_thread_blocked, id=21113, stack(0x00007fb0c9a14000,0x00007fb0c9b15000)]
  0x00007fb0e0417000 JavaThread "AWT-XAWT" daemon [_thread_in_native, id=21108, stack(0x00007fb0ca9c1000,0x00007fb0caac2000)]
  0x00007fb0e0409000 JavaThread "Java2D Disposer" daemon [_thread_blocked, id=21107, stack(0x00007fb0caac2000,0x00007fb0cabc3000)]
  0x00007fb0dc105800 JavaThread "Thread-2" daemon [_thread_blocked, id=21105, stack(0x00007fb10c0ae000,0x00007fb10c1af000)]
  0x00007fb1240cd800 JavaThread "Service Thread" daemon [_thread_blocked, id=21098, stack(0x00007fb10cfae000,0x00007fb10d0af000)]
  0x00007fb1240ca800 JavaThread "C1 CompilerThread1" daemon [_thread_blocked, id=21097, stack(0x00007fb10d0af000,0x00007fb10d1b0000)]
  0x00007fb1240c7800 JavaThread "C2 CompilerThread0" daemon [_thread_blocked, id=21096, stack(0x00007fb1140ef000,0x00007fb1141f0000)]
  0x00007fb0f0001000 JavaThread "JDWP Command Reader" daemon [_thread_in_native, id=21087, stack(0x00007fb1141f0000,0x00007fb1142f1000)]
  0x00007fb1240c5800 JavaThread "JDWP Event Helper Thread" daemon [_thread_blocked, id=21086, stack(0x00007fb1142f1000,0x00007fb1143f2000)]
=>0x00007fb1240c2000 JavaThread "JDWP Transport Listener: dt_socket" daemon [_thread_in_vm, id=21085, stack(0x00007fb1143f2000,0x00007fb1144f3000)]
  0x00007fb1240b5800 JavaThread "Signal Dispatcher" daemon [_thread_blocked, id=21083, stack(0x00007fb1146f7000,0x00007fb1147f8000)]
  0x00007fb124083800 JavaThread "Finalizer" daemon [_thread_blocked, id=21078, stack(0x00007fb1147f8000,0x00007fb1148f9000)]
  0x00007fb12407f000 JavaThread "Reference Handler" daemon [_thread_blocked, id=21075, stack(0x00007fb1148f9000,0x00007fb1149fa000)]

Other Threads:
  0x00007fb124077800 VMThread [stack: 0x00007fb1149fa000,0x00007fb114afb000] [id=21074]
  0x00007fb1240d1000 WatcherThread [stack: 0x00007fb10cead000,0x00007fb10cfae000] [id=21099]

VM state:not at safepoint (normal execution)

VM Mutex/Monitor currently owned by a thread: None

Heap:
 PSYoungGen      total 41472K, used 11128K [0x00000000e1200000, 0x00000000e4b00000, 0x0000000100000000)
  eden space 37888K, 19% used [0x00000000e1200000,0x00000000e195ebc8,0x00000000e3700000)
  from space 3584K, 99% used [0x00000000e3a00000,0x00000000e3d7f5a8,0x00000000e3d80000)
  to   space 10240K, 0% used [0x00000000e4100000,0x00000000e4100000,0x00000000e4b00000)
 ParOldGen       total 39424K, used 19112K [0x00000000a3600000, 0x00000000a5c80000, 0x00000000e1200000)
  object space 39424K, 48% used [0x00000000a3600000,0x00000000a48aa1e0,0x00000000a5c80000)
 Metaspace       used 32509K, capacity 33776K, committed 33840K, reserved 1079296K
  class space    used 4137K, capacity 4399K, committed 4400K, reserved 1048576K

Card table byte_map: [0x00007fb129651000,0x00007fb129937000] byte_map_base: 0x00007fb129136000

Marking Bits: (ParMarkBitMap*) 0x00007fb12cb76120
 Begin Bits: [0x00007fb10d1b0000, 0x00007fb10e8d8000)
 End Bits:   [0x00007fb10e8d8000, 0x00007fb110000000)

Polling page: 0x00007fb12d7bf000

CodeCache: size=245760Kb used=16523Kb max_used=16633Kb free=229237Kb
 bounds [0x00007fb115000000, 0x00007fb116060000, 0x00007fb124000000]
 total_blobs=6139 nmethods=5188 adapters=871
 compilation: enabled

Compilation events (10 events):
Event: 4209.430 Thread 0x00007fb1240ca800 5833   !   3       sun.awt.X11.XToolkit$1::dispatchEvent (34 bytes)
Event: 4209.471 Thread 0x00007fb1240ca800 nmethod 5833 0x00007fb1159fe910 code [0x00007fb1159feb60, 0x00007fb1159ff998]
Event: 4214.548 Thread 0x00007fb1240ca800 5834       3       java.util.Vector::<init> (53 bytes)
Event: 4214.554 Thread 0x00007fb1240ca800 nmethod 5834 0x00007fb115fbe5d0 code [0x00007fb115fbe780, 0x00007fb115fbec38]
Event: 4516.065 Thread 0x00007fb1240ca800 5835       3       sun.awt.X11.XClientMessageEvent::get_message_type (20 bytes)
Event: 4516.119 Thread 0x00007fb1240ca800 nmethod 5835 0x00007fb1159fe110 code [0x00007fb1159fe2a0, 0x00007fb1159fe668]
Event: 5277.897 Thread 0x00007fb1240ca800 5836       3       sun.awt.X11.XMSelection$1::dispatchEvent (10 bytes)
Event: 5277.929 Thread 0x00007fb1240ca800 nmethod 5836 0x00007fb115fbdc90 code [0x00007fb115fbde40, 0x00007fb115fbe298]
Event: 5277.958 Thread 0x00007fb1240ca800 5837       3       sun.awt.X11.XMSelection::processRootEvent (32 bytes)
Event: 5277.959 Thread 0x00007fb1240ca800 nmethod 5837 0x00007fb115fbd490 code [0x00007fb115fbd640, 0x00007fb115fbda18]

GC Heap History (10 events):
Event: 8.760 GC heap before
{Heap before GC invocations=2 (full 0):
 PSYoungGen      total 28160K, used 13537K [0x00000000e1200000, 0x00000000e3100000, 0x0000000100000000)
  eden space 24576K, 40% used [0x00000000e1200000,0x00000000e1bbfbd8,0x00000000e2a00000)
  from space 3584K, 99% used [0x00000000e2a00000,0x00000000e2d78988,0x00000000e2d80000)
  to   space 3584K, 0% used [0x00000000e2d80000,0x00000000e2d80000,0x00000000e3100000)
 ParOldGen       total 64512K, used 423K [0x00000000a3600000, 0x00000000a7500000, 0x00000000e1200000)
  object space 64512K, 0% used [0x00000000a3600000,0x00000000a3669dc0,0x00000000a7500000)
 Metaspace       used 20653K, capacity 21192K, committed 21296K, reserved 1067008K
  class space    used 2685K, capacity 2821K, committed 2864K, reserved 1048576K
Event: 8.791 GC heap after
Heap after GC invocations=2 (full 0):
 PSYoungGen      total 28160K, used 3568K [0x00000000e1200000, 0x00000000e4900000, 0x0000000100000000)
  eden space 24576K, 0% used [0x00000000e1200000,0x00000000e1200000,0x00000000e2a00000)
  from space 3584K, 99% used [0x00000000e2d80000,0x00000000e30fc030,0x00000000e3100000)
  to   space 3584K, 0% used [0x00000000e2a00000,0x00000000e2a00000,0x00000000e2d80000)
 ParOldGen       total 64512K, used 2203K [0x00000000a3600000, 0x00000000a7500000, 0x00000000e1200000)
  object space 64512K, 3% used [0x00000000a3600000,0x00000000a3826ef0,0x00000000a7500000)
 Metaspace       used 20653K, capacity 21192K, committed 21296K, reserved 1067008K
  class space    used 2685K, capacity 2821K, committed 2864K, reserved 1048576K
}
Event: 8.791 GC heap before
{Heap before GC invocations=3 (full 1):
 PSYoungGen      total 28160K, used 3568K [0x00000000e1200000, 0x00000000e4900000, 0x0000000100000000)
  eden space 24576K, 0% used [0x00000000e1200000,0x00000000e1200000,0x00000000e2a00000)
  from space 3584K, 99% used [0x00000000e2d80000,0x00000000e30fc030,0x00000000e3100000)
  to   space 3584K, 0% used [0x00000000e2a00000,0x00000000e2a00000,0x00000000e2d80000)
 ParOldGen       total 64512K, used 2203K [0x00000000a3600000, 0x00000000a7500000, 0x00000000e1200000)
  object space 64512K, 3% used [0x00000000a3600000,0x00000000a3826ef0,0x00000000a7500000)
 Metaspace       used 20653K, capacity 21192K, committed 21296K, reserved 1067008K
  class space    used 2685K, capacity 2821K, committed 2864K, reserved 1048576K
Event: 8.868 GC heap after
Heap after GC invocations=3 (full 1):
 PSYoungGen      total 28160K, used 0K [0x00000000e1200000, 0x00000000e4900000, 0x0000000100000000)
  eden space 24576K, 0% used [0x00000000e1200000,0x00000000e1200000,0x00000000e2a00000)
  from space 3584K, 0% used [0x00000000e2d80000,0x00000000e2d80000,0x00000000e3100000)
  to   space 3584K, 0% used [0x00000000e2a00000,0x00000000e2a00000,0x00000000e2d80000)
 ParOldGen       total 39424K, used 5289K [0x00000000a3600000, 0x00000000a5c80000, 0x00000000e1200000)
  object space 39424K, 13% used [0x00000000a3600000,0x00000000a3b2a450,0x00000000a5c80000)
 Metaspace       used 20651K, capacity 21186K, committed 21296K, reserved 1067008K
  class space    used 2685K, capacity 2820K, committed 2864K, reserved 1048576K
}
Event: 21.590 GC heap before
{Heap before GC invocations=4 (full 1):
 PSYoungGen      total 28160K, used 24576K [0x00000000e1200000, 0x00000000e4900000, 0x0000000100000000)
  eden space 24576K, 100% used [0x00000000e1200000,0x00000000e2a00000,0x00000000e2a00000)
  from space 3584K, 0% used [0x00000000e2d80000,0x00000000e2d80000,0x00000000e3100000)
  to   space 3584K, 0% used [0x00000000e2a00000,0x00000000e2a00000,0x00000000e2d80000)
 ParOldGen       total 39424K, used 5289K [0x00000000a3600000, 0x00000000a5c80000, 0x00000000e1200000)
  object space 39424K, 13% used [0x00000000a3600000,0x00000000a3b2a450,0x00000000a5c80000)
 Metaspace       used 27180K, capacity 28450K, committed 28592K, reserved 1073152K
  class space    used 3748K, capacity 3990K, committed 4016K, reserved 1048576K
Event: 21.605 GC heap after
Heap after GC invocations=4 (full 1):
 PSYoungGen      total 28160K, used 3282K [0x00000000e1200000, 0x00000000e4100000, 0x0000000100000000)
  eden space 24576K, 0% used [0x00000000e1200000,0x00000000e1200000,0x00000000e2a00000)
  from space 3584K, 91% used [0x00000000e2a00000,0x00000000e2d34aa8,0x00000000e2d80000)
  to   space 3584K, 0% used [0x00000000e3d80000,0x00000000e3d80000,0x00000000e4100000)
 ParOldGen       total 39424K, used 9515K [0x00000000a3600000, 0x00000000a5c80000, 0x00000000e1200000)
  object space 39424K, 24% used [0x00000000a3600000,0x00000000a3f4af70,0x00000000a5c80000)
 Metaspace       used 27180K, capacity 28450K, committed 28592K, reserved 1073152K
  class space    used 3748K, capacity 3990K, committed 4016K, reserved 1048576K
}
Event: 98.357 GC heap before
{Heap before GC invocations=5 (full 1):
 PSYoungGen      total 28160K, used 27858K [0x00000000e1200000, 0x00000000e4100000, 0x0000000100000000)
  eden space 24576K, 100% used [0x00000000e1200000,0x00000000e2a00000,0x00000000e2a00000)
  from space 3584K, 91% used [0x00000000e2a00000,0x00000000e2d34aa8,0x00000000e2d80000)
  to   space 3584K, 0% used [0x00000000e3d80000,0x00000000e3d80000,0x00000000e4100000)
 ParOldGen       total 39424K, used 9515K [0x00000000a3600000, 0x00000000a5c80000, 0x00000000e1200000)
  object space 39424K, 24% used [0x00000000a3600000,0x00000000a3f4af70,0x00000000a5c80000)
 Metaspace       used 31441K, capacity 32678K, committed 32816K, reserved 1077248K
  class space    used 4079K, capacity 4318K, committed 4400K, reserved 1048576K
Event: 98.383 GC heap after
Heap after GC invocations=5 (full 1):
 PSYoungGen      total 42496K, used 3581K [0x00000000e1200000, 0x00000000e4100000, 0x0000000100000000)
  eden space 38912K, 0% used [0x00000000e1200000,0x00000000e1200000,0x00000000e3800000)
  from space 3584K, 99% used [0x00000000e3d80000,0x00000000e40ff5a8,0x00000000e4100000)
  to   space 3584K, 0% used [0x00000000e3a00000,0x00000000e3a00000,0x00000000e3d80000)
 ParOldGen       total 39424K, used 14344K [0x00000000a3600000, 0x00000000a5c80000, 0x00000000e1200000)
  object space 39424K, 36% used [0x00000000a3600000,0x00000000a44021f0,0x00000000a5c80000)
 Metaspace       used 31441K, capacity 32678K, committed 32816K, reserved 1077248K
  class space    used 4079K, capacity 4318K, committed 4400K, reserved 1048576K
}
Event: 3494.802 GC heap before
{Heap before GC invocations=6 (full 1):
 PSYoungGen      total 42496K, used 40451K [0x00000000e1200000, 0x00000000e4100000, 0x0000000100000000)
  eden space 38912K, 94% used [0x00000000e1200000,0x00000000e36017a8,0x00000000e3800000)
  from space 3584K, 99% used [0x00000000e3d80000,0x00000000e40ff5a8,0x00000000e4100000)
  to   space 3584K, 0% used [0x00000000e3a00000,0x00000000e3a00000,0x00000000e3d80000)
 ParOldGen       total 39424K, used 14344K [0x00000000a3600000, 0x00000000a5c80000, 0x00000000e1200000)
  object space 39424K, 36% used [0x00000000a3600000,0x00000000a44021f0,0x00000000a5c80000)
 Metaspace       used 31891K, capacity 33194K, committed 33328K, reserved 1079296K
  class space    used 4099K, capacity 4358K, committed 4400K, reserved 1048576K
Event: 3494.968 GC heap after
Heap after GC invocations=6 (full 1):
 PSYoungGen      total 41472K, used 3581K [0x00000000e1200000, 0x00000000e4b00000, 0x0000000100000000)
  eden space 37888K, 0% used [0x00000000e1200000,0x00000000e1200000,0x00000000e3700000)
  from space 3584K, 99% used [0x00000000e3a00000,0x00000000e3d7f5a8,0x00000000e3d80000)
  to   space 10240K, 0% used [0x00000000e4100000,0x00000000e4100000,0x00000000e4b00000)
 ParOldGen       total 39424K, used 19112K [0x00000000a3600000, 0x00000000a5c80000, 0x00000000e1200000)
  object space 39424K, 48% used [0x00000000a3600000,0x00000000a48aa1e0,0x00000000a5c80000)
 Metaspace       used 31891K, capacity 33194K, committed 33328K, reserved 1079296K
  class space    used 4099K, capacity 4358K, committed 4400K, reserved 1048576K
}

Deoptimization events (10 events):
Event: 339.627 Thread 0x00007fb0dc04a000 Uncommon trap: reason=unstable_if action=reinterpret pc=0x00007fb115dabb74 method=com.sun.javafx.geom.BoxBounds.isEmpty()Z @ 9
Event: 339.627 Thread 0x00007fb0dc04a000 Uncommon trap: reason=unstable_if action=reinterpret pc=0x00007fb115ef5f74 method=com.sun.javafx.geom.RectBounds.intersects(Lcom/sun/javafx/geom/BaseBounds;)Z @ 8
Event: 416.594 Thread 0x00007fb0dc109800 Uncommon trap: reason=unstable_if action=reinterpret pc=0x00007fb115fbcefc method=com.sun.scenario.animation.shared.InfiniteClipEnvelope.timePulse(J)V @ 245
Event: 629.117 Thread 0x00007fb0dc04a000 Uncommon trap: reason=unstable_if action=reinterpret pc=0x00007fb1155c784c method=com.sun.prism.impl.ManagedResource.bumpAge(I)V @ 7
Event: 3467.341 Thread 0x00007fb0dc04a000 Uncommon trap: reason=unstable_if action=reinterpret pc=0x00007fb11600db20 method=com.sun.javafx.sg.prism.NGNode.accumulateGroupDirtyRegion(Lcom/sun/javafx/geom/RectBounds;Lcom/sun/javafx/geom/RectBounds;Lcom/sun/javafx/geom/DirtyRegionPool;Lcom/sun/javaf
Event: 3468.731 Thread 0x00007fb0dc04a000 Uncommon trap: reason=unstable_if action=reinterpret pc=0x00007fb115fe66c0 method=com.sun.javafx.sg.prism.NGGroup.computeRenderRoot(Lcom/sun/javafx/sg/prism/NodePath;Lcom/sun/javafx/geom/RectBounds;ILcom/sun/javafx/geom/transform/BaseTransform;Lcom/sun/ja
Event: 3495.056 Thread 0x00007fb0e0836000 Uncommon trap: reason=unstable_if action=reinterpret pc=0x00007fb115dda46c method=javax.swing.SwingUtilities.computeIntersection(IIIILjava/awt/Rectangle;)Ljava/awt/Rectangle; @ 151
Event: 3497.902 Thread 0x00007fb0e0836000 Uncommon trap: reason=unstable_if action=reinterpret pc=0x00007fb115b41524 method=sun.java2d.xr.XRDrawLine.clipCoordinates(IIIIZIIII)Z @ 57
Event: 3509.698 Thread 0x00007fb0dc04a000 Uncommon trap: reason=unstable_if action=reinterpret pc=0x00007fb11557ea70 method=java.util.concurrent.locks.AbstractQueuedSynchronizer$ConditionObject.checkInterruptWhileWaiting(Ljava/util/concurrent/locks/AbstractQueuedSynchronizer$Node;)I @ 3
Event: 3509.702 Thread 0x00007fb12400d800 Uncommon trap: reason=unstable_if action=reinterpret pc=0x00007fb1155f23d8 method=java.security.AccessControlContext.optimize()Ljava/security/AccessControlContext; @ 49

Internal exceptions (10 events):
Event: 69.139 Thread 0x00007fb0e0104800 Exception <a 'java/awt/dnd/InvalidDnDOperationException'> (0x00000000e23e0918) thrown at [/HUDSON3/workspace/8-2-build-linux-amd64/jdk8u101/7261/hotspot/src/share/vm/prims/jvm.cpp, line 1390]
Event: 69.139 Thread 0x00007fb0e0104800 Exception <a 'java/awt/dnd/InvalidDnDOperationException'> (0x00000000e23e0918) thrown at [/HUDSON3/workspace/8-2-build-linux-amd64/jdk8u101/7261/hotspot/src/share/vm/prims/jvm.cpp, line 1390]
Event: 72.184 Thread 0x00007fb0e0104800 Exception <a 'java/lang/UnsupportedOperationException': > (0x00000000e2506ca0) thrown at [/HUDSON3/workspace/8-2-build-linux-amd64/jdk8u101/7261/hotspot/src/share/vm/prims/jni.cpp, line 735]
Event: 87.183 Thread 0x00007fb0e0104800 Exception <a 'java/lang/UnsupportedOperationException': > (0x00000000e2727918) thrown at [/HUDSON3/workspace/8-2-build-linux-amd64/jdk8u101/7261/hotspot/src/share/vm/prims/jni.cpp, line 735]
Event: 92.710 Thread 0x00007fb0e0104800 Exception <a 'java/lang/UnsupportedOperationException': > (0x00000000e294af30) thrown at [/HUDSON3/workspace/8-2-build-linux-amd64/jdk8u101/7261/hotspot/src/share/vm/prims/jni.cpp, line 735]
Event: 136.583 Thread 0x00007fb0e0104800 Exception <a 'java/awt/dnd/InvalidDnDOperationException'> (0x00000000e1c3d478) thrown at [/HUDSON3/workspace/8-2-build-linux-amd64/jdk8u101/7261/hotspot/src/share/vm/prims/jvm.cpp, line 1390]
Event: 136.583 Thread 0x00007fb0e0104800 Exception <a 'java/awt/dnd/InvalidDnDOperationException'> (0x00000000e1c3d478) thrown at [/HUDSON3/workspace/8-2-build-linux-amd64/jdk8u101/7261/hotspot/src/share/vm/prims/jvm.cpp, line 1390]
Event: 3497.901 Thread 0x00007fb0e0836000 Exception <a 'java/lang/UnsupportedOperationException': > (0x00000000e176d4c8) thrown at [/HUDSON3/workspace/8-2-build-linux-amd64/jdk8u101/7261/hotspot/src/share/vm/prims/jni.cpp, line 735]
Event: 3501.827 Thread 0x00007fb0e0836000 Exception <a 'java/lang/UnsupportedOperationException': > (0x00000000e17ce320) thrown at [/HUDSON3/workspace/8-2-build-linux-amd64/jdk8u101/7261/hotspot/src/share/vm/prims/jni.cpp, line 735]
Event: 3509.702 Thread 0x00007fb12400d800 Implicit null exception at 0x00007fb1155f1cf0 to 0x00007fb1155f23c1

Events (10 events):
Event: 12288.411 Executing VM operation: ChangeBreakpoints
Event: 12288.413 Executing VM operation: ChangeBreakpoints done
Event: 12288.417 Executing VM operation: ChangeBreakpoints
Event: 12288.418 Executing VM operation: ChangeBreakpoints done
Event: 12288.734 Executing VM operation: RedefineClasses
Event: 12292.510 Executing VM operation: RedefineClasses done
Event: 12292.518 Executing VM operation: ChangeBreakpoints
Event: 12292.520 Executing VM operation: ChangeBreakpoints done
Event: 12292.533 Executing VM operation: ChangeBreakpoints
Event: 12292.536 Executing VM operation: ChangeBreakpoints done


Dynamic libraries:
00400000-00401000 r-xp 00000000 08:01 2369467                            /usr/lib/jvm/java-8-oracle/bin/java
00600000-00601000 rw-p 00000000 08:01 2369467                            /usr/lib/jvm/java-8-oracle/bin/java
008bc000-027be000 rw-p 00000000 00:00 0                                  [heap]
a3600000-a5c80000 rw-p 00000000 00:00 0 
a5c80000-e1200000 ---p 00000000 00:00 0 
e1200000-e4b00000 rw-p 00000000 00:00 0 
e4b00000-100000000 ---p 00000000 00:00 0 
100000000-10044c000 rw-p 00000000 00:00 0 
10044c000-140000000 ---p 00000000 00:00 0 
7fb0c6f5e000-7fb0c7169000 rw-s 00000000 00:05 113901626                  /SYSV00000000 (deleted)
7fb0c7169000-7fb0c74e9000 rw-s 10cec0000 00:06 461                       /dev/dri/card0
7fb0c7509000-7fb0c75c9000 rw-p 00000000 00:00 0 
7fb0c75c9000-7fb0c7709000 ---p 00000000 00:00 0 
7fb0c7709000-7fb0c7a89000 rw-s 105830000 00:06 461                       /dev/dri/card0
7fb0c7a89000-7fb0c7ac4000 r-xp 00000000 08:01 2369641                    /usr/lib/jvm/java-8-oracle/jre/lib/amd64/libjpeg.so
7fb0c7ac4000-7fb0c7cc3000 ---p 0003b000 08:01 2369641                    /usr/lib/jvm/java-8-oracle/jre/lib/amd64/libjpeg.so
7fb0c7cc3000-7fb0c7cc4000 rw-p 0003a000 08:01 2369641                    /usr/lib/jvm/java-8-oracle/jre/lib/amd64/libjpeg.so
7fb0c7cc4000-7fb0c7ec4000 rw-p 00000000 00:00 0 
7fb0c7ec4000-7fb0c8244000 rw-s 10a170000 00:06 461                       /dev/dri/card0
7fb0c8244000-7fb0c8444000 rw-p 00000000 00:00 0 
7fb0c84f4000-7fb0c8874000 rw-s 10773a000 00:06 461                       /dev/dri/card0
7fb0c8874000-7fb0c8877000 rw-s 10c618000 00:06 461                       /dev/dri/card0
7fb0c8877000-7fb0c887a000 rw-s 10c615000 00:06 461                       /dev/dri/card0
7fb0c887a000-7fb0c887d000 rw-s 10c612000 00:06 461                       /dev/dri/card0
7fb0c887d000-7fb0c89fd000 rw-s 10c492000 00:06 461                       /dev/dri/card0
7fb0c89fd000-7fb0c8b7d000 rw-s 10c312000 00:06 461                       /dev/dri/card0
7fb0c8b81000-7fb0c8b89000 rw-s 00000000 00:05 146492                     /drm mm object (deleted)
7fb0c8b8f000-7fb0c8b91000 rw-p 00000000 00:00 0 
7fb0c8b91000-7fb0c8bf1000 rw-s 10c2a2000 00:06 461                       /dev/dri/card0
7fb0c8bf1000-7fb0c8c21000 rw-s 10c272000 00:06 461                       /dev/dri/card0
7fb0c8c21000-7fb0c8c25000 r--s 00097000 08:01 2369918                    /usr/lib/jvm/java-8-oracle/jre/lib/jsse.jar
7fb0c8c25000-7fb0c8c31000 rw-s 00000000 00:05 145195                     /drm mm object (deleted)
7fb0c8c31000-7fb0c8c5b000 r-xp 00000000 08:01 2369630                    /usr/lib/jvm/java-8-oracle/jre/lib/amd64/libdcpr.so
7fb0c8c5b000-7fb0c8e5b000 ---p 0002a000 08:01 2369630                    /usr/lib/jvm/java-8-oracle/jre/lib/amd64/libdcpr.so
7fb0c8e5b000-7fb0c8e5e000 rw-p 0002a000 08:01 2369630                    /usr/lib/jvm/java-8-oracle/jre/lib/amd64/libdcpr.so
7fb0c8e5e000-7fb0c8e6e000 rw-s 10d268000 00:06 461                       /dev/dri/card0
7fb0c8e6e000-7fb0c906e000 rw-p 00000000 00:00 0 
7fb0c906e000-7fb0c9071000 ---p 00000000 00:00 0 
7fb0c9071000-7fb0c916f000 rw-p 00000000 00:00 0 
7fb0c916f000-7fb0c9225000 r--p 00000000 08:01 12584079                   /usr/share/fonts/truetype/dejavu/DejaVuSans.ttf
7fb0c9225000-7fb0c9425000 rw-p 00000000 00:00 0 
7fb0c9425000-7fb0c9625000 rw-p 00000000 00:00 0 
7fb0c9625000-7fb0c9638000 r--p 00000000 08:01 2369813                    /usr/lib/jvm/java-8-oracle/jre/lib/fonts/LucidaBrightDemiBold.ttf
7fb0c9638000-7fb0c9674000 r--p 00000000 08:01 2369812                    /usr/lib/jvm/java-8-oracle/jre/lib/fonts/LucidaTypewriterRegular.ttf
7fb0c9674000-7fb0c96c2000 r--p 00000000 08:01 2369811                    /usr/lib/jvm/java-8-oracle/jre/lib/fonts/LucidaSansDemiBold.ttf
7fb0c96c2000-7fb0c9717000 r--p 00000000 08:01 2369810                    /usr/lib/jvm/java-8-oracle/jre/lib/fonts/LucidaBrightRegular.ttf
7fb0c9717000-7fb0c9751000 r--p 00000000 08:01 2369809                    /usr/lib/jvm/java-8-oracle/jre/lib/fonts/LucidaTypewriterBold.ttf
7fb0c9751000-7fb0c9765000 r--p 00000000 08:01 2369807                    /usr/lib/jvm/java-8-oracle/jre/lib/fonts/LucidaBrightItalic.ttf
7fb0c9765000-7fb0c9810000 r--p 00000000 08:01 2369806                    /usr/lib/jvm/java-8-oracle/jre/lib/fonts/LucidaSansRegular.ttf
7fb0c9810000-7fb0c9814000 r-xp 00000000 08:01 2369626                    /usr/lib/jvm/java-8-oracle/jre/lib/amd64/libjavafx_font_pango.so
7fb0c9814000-7fb0c9a13000 ---p 00004000 08:01 2369626                    /usr/lib/jvm/java-8-oracle/jre/lib/amd64/libjavafx_font_pango.so
7fb0c9a13000-7fb0c9a14000 rw-p 00003000 08:01 2369626                    /usr/lib/jvm/java-8-oracle/jre/lib/amd64/libjavafx_font_pango.so
7fb0c9a14000-7fb0c9a17000 ---p 00000000 00:00 0 
7fb0c9a17000-7fb0c9b15000 rw-p 00000000 00:00 0 
7fb0c9b15000-7fb0c9b7e000 r-xp 00000000 08:01 2369670                    /usr/lib/jvm/java-8-oracle/jre/lib/amd64/libt2k.so
7fb0c9b7e000-7fb0c9d7e000 ---p 00069000 08:01 2369670                    /usr/lib/jvm/java-8-oracle/jre/lib/amd64/libt2k.so
7fb0c9d7e000-7fb0c9d85000 rw-p 00069000 08:01 2369670                    /usr/lib/jvm/java-8-oracle/jre/lib/amd64/libt2k.so
7fb0c9d85000-7fb0c9d95000 rw-p 00000000 00:00 0 
7fb0c9d95000-7fb0c9da6000 r-xp 00000000 08:01 2369661                    /usr/lib/jvm/java-8-oracle/jre/lib/amd64/libnio.so
7fb0c9da6000-7fb0c9fa5000 ---p 00011000 08:01 2369661                    /usr/lib/jvm/java-8-oracle/jre/lib/amd64/libnio.so
7fb0c9fa5000-7fb0c9fa6000 rw-p 00010000 08:01 2369661                    /usr/lib/jvm/java-8-oracle/jre/lib/amd64/libnio.so
7fb0c9fa6000-7fb0c9fbc000 r-xp 00000000 08:01 2369631                    /usr/lib/jvm/java-8-oracle/jre/lib/amd64/libnet.so
7fb0c9fbc000-7fb0ca1bc000 ---p 00016000 08:01 2369631                    /usr/lib/jvm/java-8-oracle/jre/lib/amd64/libnet.so
7fb0ca1bc000-7fb0ca1bd000 rw-p 00016000 08:01 2369631                    /usr/lib/jvm/java-8-oracle/jre/lib/amd64/libnet.so
7fb0ca1bd000-7fb0ca3bd000 rw-p 00000000 00:00 0 
7fb0ca3bd000-7fb0ca3c0000 ---p 00000000 00:00 0 
7fb0ca3c0000-7fb0ca4be000 rw-p 00000000 00:00 0 
7fb0ca4be000-7fb0ca4c1000 ---p 00000000 00:00 0 
7fb0ca4c1000-7fb0ca7bf000 rw-p 00000000 00:00 0 
7fb0ca7bf000-7fb0ca7c2000 ---p 00000000 00:00 0 
7fb0ca7c2000-7fb0ca8c0000 rw-p 00000000 00:00 0 
7fb0ca8c0000-7fb0ca8c3000 ---p 00000000 00:00 0 
7fb0ca8c3000-7fb0ca9c1000 rw-p 00000000 00:00 0 
7fb0ca9c1000-7fb0ca9c4000 ---p 00000000 00:00 0 
7fb0ca9c4000-7fb0caac2000 rw-p 00000000 00:00 0 
7fb0caac2000-7fb0caac5000 ---p 00000000 00:00 0 
7fb0caac5000-7fb0cadc3000 rw-p 00000000 00:00 0 
7fb0cadc3000-7fb0cae28000 r-xp 00000000 08:01 2369632                    /usr/lib/jvm/java-8-oracle/jre/lib/amd64/libfontmanager.so
7fb0cae28000-7fb0cb027000 ---p 00065000 08:01 2369632                    /usr/lib/jvm/java-8-oracle/jre/lib/amd64/libfontmanager.so
7fb0cb027000-7fb0cb02c000 rw-p 00064000 08:01 2369632                    /usr/lib/jvm/java-8-oracle/jre/lib/amd64/libfontmanager.so
7fb0cb02c000-7fb0cb03c000 rw-p 00000000 00:00 0 
7fb0cb03c000-7fb0cb090000 r-xp 00000000 08:01 2369668                    /usr/lib/jvm/java-8-oracle/jre/lib/amd64/libawt_xawt.so
7fb0cb090000-7fb0cb290000 ---p 00054000 08:01 2369668                    /usr/lib/jvm/java-8-oracle/jre/lib/amd64/libawt_xawt.so
7fb0cb290000-7fb0cb294000 rw-p 00054000 08:01 2369668                    /usr/lib/jvm/java-8-oracle/jre/lib/amd64/libawt_xawt.so
7fb0cb294000-7fb0cb295000 rw-p 00000000 00:00 0 
7fb0cb295000-7fb0cb337000 r-xp 00000000 08:01 2369651                    /usr/lib/jvm/java-8-oracle/jre/lib/amd64/libawt.so
7fb0cb337000-7fb0cb537000 ---p 000a2000 08:01 2369651                    /usr/lib/jvm/java-8-oracle/jre/lib/amd64/libawt.so
7fb0cb537000-7fb0cb543000 rw-p 000a2000 08:01 2369651                    /usr/lib/jvm/java-8-oracle/jre/lib/amd64/libawt.so
7fb0cb543000-7fb0cb767000 rw-p 00000000 00:00 0 
7fb0cb767000-7fb0cb76c000 r-xp 00000000 08:01 2369616                    /usr/lib/jvm/java-8-oracle/jre/lib/amd64/libjavafx_font_freetype.so
7fb0cb76c000-7fb0cb96b000 ---p 00005000 08:01 2369616                    /usr/lib/jvm/java-8-oracle/jre/lib/amd64/libjavafx_font_freetype.so
7fb0cb96b000-7fb0cb96c000 rw-p 00004000 08:01 2369616                    /usr/lib/jvm/java-8-oracle/jre/lib/amd64/libjavafx_font_freetype.so
7fb0cb96c000-7fb0cb96f000 r-xp 00000000 08:01 2369625                    /usr/lib/jvm/java-8-oracle/jre/lib/amd64/libjavafx_font.so
7fb0cb96f000-7fb0cbb6e000 ---p 00003000 08:01 2369625                    /usr/lib/jvm/java-8-oracle/jre/lib/amd64/libjavafx_font.so
7fb0cbb6e000-7fb0cbb6f000 rw-p 00002000 08:01 2369625                    /usr/lib/jvm/java-8-oracle/jre/lib/amd64/libjavafx_font.so
7fb0cbb6f000-7fb0cbd6f000 rw-p 00000000 00:00 0 
7fb0cbd6f000-7fb0cbd72000 ---p 00000000 00:00 0 
7fb0cbd72000-7fb0cbe70000 rw-p 00000000 00:00 0 
7fb0cbe70000-7fb0cbe71000 ---p 00000000 00:00 0 
7fb0cbe71000-7fb0cc671000 rw-p 00000000 00:00 0 
7fb0cc671000-7fb0cc672000 ---p 00000000 00:00 0 
7fb0cc672000-7fb0cce72000 rw-p 00000000 00:00 0 
7fb0cce72000-7fb0cce7d000 r-xp 00000000 08:01 11928628                   /usr/lib/x86_64-linux-gnu/gio/modules/libdconfsettings.so
7fb0cce7d000-7fb0cd07d000 ---p 0000b000 08:01 11928628                   /usr/lib/x86_64-linux-gnu/gio/modules/libdconfsettings.so
7fb0cd07d000-7fb0cd07e000 r--p 0000b000 08:01 11928628                   /usr/lib/x86_64-linux-gnu/gio/modules/libdconfsettings.so
7fb0cd07e000-7fb0cd07f000 rw-p 0000c000 08:01 11928628                   /usr/lib/x86_64-linux-gnu/gio/modules/libdconfsettings.so
7fb0cd07f000-7fb0cd086000 r-xp 00000000 08:01 11543059                   /usr/lib/x86_64-linux-gnu/libogg.so.0.8.1
7fb0cd086000-7fb0cd286000 ---p 00007000 08:01 11543059                   /usr/lib/x86_64-linux-gnu/libogg.so.0.8.1
7fb0cd286000-7fb0cd287000 r--p 00007000 08:01 11543059                   /usr/lib/x86_64-linux-gnu/libogg.so.0.8.1
7fb0cd287000-7fb0cd288000 rw-p 00008000 08:01 11543059                   /usr/lib/x86_64-linux-gnu/libogg.so.0.8.1
7fb0cd288000-7fb0cd2b4000 r-xp 00000000 08:01 11543331                   /usr/lib/x86_64-linux-gnu/libvorbis.so.0.4.5
7fb0cd2b4000-7fb0cd4b3000 ---p 0002c000 08:01 11543331                   /usr/lib/x86_64-linux-gnu/libvorbis.so.0.4.5
7fb0cd4b3000-7fb0cd4b4000 r--p 0002b000 08:01 11543331                   /usr/lib/x86_64-linux-gnu/libvorbis.so.0.4.5
7fb0cd4b4000-7fb0cd4b5000 rw-p 0002c000 08:01 11543331                   /usr/lib/x86_64-linux-gnu/libvorbis.so.0.4.5
7fb0cd4b5000-7fb0cd4be000 r-xp 00000000 08:01 11542965                   /usr/lib/x86_64-linux-gnu/libltdl.so.7.3.0
7fb0cd4be000-7fb0cd6bd000 ---p 00009000 08:01 11542965                   /usr/lib/x86_64-linux-gnu/libltdl.so.7.3.0
7fb0cd6bd000-7fb0cd6be000 r--p 00008000 08:01 11542965                   /usr/lib/x86_64-linux-gnu/libltdl.so.7.3.0
7fb0cd6be000-7fb0cd6bf000 rw-p 00009000 08:01 11542965                   /usr/lib/x86_64-linux-gnu/libltdl.so.7.3.0
7fb0cd6bf000-7fb0cd6d3000 r-xp 00000000 08:01 11535504                   /usr/lib/x86_64-linux-gnu/libtdb.so.1.3.8
7fb0cd6d3000-7fb0cd8d2000 ---p 00014000 08:01 11535504                   /usr/lib/x86_64-linux-gnu/libtdb.so.1.3.8
7fb0cd8d2000-7fb0cd8d3000 r--p 00013000 08:01 11535504                   /usr/lib/x86_64-linux-gnu/libtdb.so.1.3.8
7fb0cd8d3000-7fb0cd8d4000 rw-p 00014000 08:01 11535504                   /usr/lib/x86_64-linux-gnu/libtdb.so.1.3.8
7fb0cd8d4000-7fb0cd8db000 r-xp 00000000 08:01 11543335                   /usr/lib/x86_64-linux-gnu/libvorbisfile.so.3.3.4
7fb0cd8db000-7fb0cdada000 ---p 00007000 08:01 11543335                   /usr/lib/x86_64-linux-gnu/libvorbisfile.so.3.3.4
7fb0cdada000-7fb0cdadb000 r--p 00006000 08:01 11543335                   /usr/lib/x86_64-linux-gnu/libvorbisfile.so.3.3.4
7fb0cdadb000-7fb0cdadc000 rw-p 00007000 08:01 11543335                   /usr/lib/x86_64-linux-gnu/libvorbisfile.so.3.3.4
7fb0cdadc000-7fb0cdaeb000 r-xp 00000000 08:01 11542477                   /usr/lib/x86_64-linux-gnu/libcanberra.so.0.2.5
7fb0cdaeb000-7fb0cdcea000 ---p 0000f000 08:01 11542477                   /usr/lib/x86_64-linux-gnu/libcanberra.so.0.2.5
7fb0cdcea000-7fb0cdceb000 r--p 0000e000 08:01 11542477                   /usr/lib/x86_64-linux-gnu/libcanberra.so.0.2.5
7fb0cdceb000-7fb0cdcec000 rw-p 0000f000 08:01 11542477                   /usr/lib/x86_64-linux-gnu/libcanberra.so.0.2.5
7fb0cdcec000-7fb0cdcf0000 r-xp 00000000 08:01 11542473                   /usr/lib/x86_64-linux-gnu/libcanberra-gtk.so.0.1.9
7fb0cdcf0000-7fb0cdeef000 ---p 00004000 08:01 11542473                   /usr/lib/x86_64-linux-gnu/libcanberra-gtk.so.0.1.9
7fb0cdeef000-7fb0cdef0000 r--p 00003000 08:01 11542473                   /usr/lib/x86_64-linux-gnu/libcanberra-gtk.so.0.1.9
7fb0cdef0000-7fb0cdef1000 rw-p 00004000 08:01 11542473                   /usr/lib/x86_64-linux-gnu/libcanberra-gtk.so.0.1.9
7fb0cdef1000-7fb0cdef6000 r-xp 00000000 08:01 11928883                   /usr/lib/x86_64-linux-gnu/gtk-2.0/modules/libcanberra-gtk-module.so
7fb0cdef6000-7fb0ce0f5000 ---p 00005000 08:01 11928883                   /usr/lib/x86_64-linux-gnu/gtk-2.0/modules/libcanberra-gtk-module.so
7fb0ce0f5000-7fb0ce0f6000 r--p 00004000 08:01 11928883                   /usr/lib/x86_64-linux-gnu/gtk-2.0/modules/libcanberra-gtk-module.so
7fb0ce0f6000-7fb0ce0f7000 rw-p 00005000 08:01 11928883                   /usr/lib/x86_64-linux-gnu/gtk-2.0/modules/libcanberra-gtk-module.so
7fb0ce0f7000-7fb0ce126000 r-xp 00000000 08:01 11928865                   /usr/lib/x86_64-linux-gnu/gtk-2.0/2.10.0/engines/libmurrine.so
7fb0ce126000-7fb0ce326000 ---p 0002f000 08:01 11928865                   /usr/lib/x86_64-linux-gnu/gtk-2.0/2.10.0/engines/libmurrine.so
7fb0ce326000-7fb0ce327000 r--p 0002f000 08:01 11928865                   /usr/lib/x86_64-linux-gnu/gtk-2.0/2.10.0/engines/libmurrine.so
7fb0ce327000-7fb0ce328000 rw-p 00030000 08:01 11928865                   /usr/lib/x86_64-linux-gnu/gtk-2.0/2.10.0/engines/libmurrine.so
7fb0ce328000-7fb0ce338000 r-xp 00000000 08:01 11543301                   /usr/lib/x86_64-linux-gnu/libunity-gtk2-parser.so.0.0.0
7fb0ce338000-7fb0ce537000 ---p 00010000 08:01 11543301                   /usr/lib/x86_64-linux-gnu/libunity-gtk2-parser.so.0.0.0
7fb0ce537000-7fb0ce538000 r--p 0000f000 08:01 11543301                   /usr/lib/x86_64-linux-gnu/libunity-gtk2-parser.so.0.0.0
7fb0ce538000-7fb0ce539000 rw-p 00010000 08:01 11543301                   /usr/lib/x86_64-linux-gnu/libunity-gtk2-parser.so.0.0.0
7fb0ce539000-7fb0ce53e000 r-xp 00000000 08:01 11928887                   /usr/lib/x86_64-linux-gnu/gtk-2.0/modules/libunity-gtk-module.so
7fb0ce53e000-7fb0ce73d000 ---p 00005000 08:01 11928887                   /usr/lib/x86_64-linux-gnu/gtk-2.0/modules/libunity-gtk-module.so
7fb0ce73d000-7fb0ce73e000 r--p 00004000 08:01 11928887                   /usr/lib/x86_64-linux-gnu/gtk-2.0/modules/libunity-gtk-module.so
7fb0ce73e000-7fb0ce73f000 rw-p 00005000 08:01 11928887                   /usr/lib/x86_64-linux-gnu/gtk-2.0/modules/libunity-gtk-module.so
7fb0ce73f000-7fb0ce750000 r-xp 00000000 08:01 11928886                   /usr/lib/x86_64-linux-gnu/gtk-2.0/modules/liboverlay-scrollbar.so
7fb0ce750000-7fb0ce94f000 ---p 00011000 08:01 11928886                   /usr/lib/x86_64-linux-gnu/gtk-2.0/modules/liboverlay-scrollbar.so
7fb0ce94f000-7fb0ce950000 r--p 00010000 08:01 11928886                   /usr/lib/x86_64-linux-gnu/gtk-2.0/modules/liboverlay-scrollbar.so
7fb0ce950000-7fb0ce951000 rw-p 00011000 08:01 11928886                   /usr/lib/x86_64-linux-gnu/gtk-2.0/modules/liboverlay-scrollbar.so
7fb0ce951000-7fb0ce97a000 r-xp 00000000 08:01 2369629                    /usr/lib/jvm/java-8-oracle/jre/lib/amd64/libglass.so
7fb0ce97a000-7fb0ceb79000 ---p 00029000 08:01 2369629                    /usr/lib/jvm/java-8-oracle/jre/lib/amd64/libglass.so
7fb0ceb79000-7fb0ceb7c000 rw-p 00028000 08:01 2369629                    /usr/lib/jvm/java-8-oracle/jre/lib/amd64/libglass.so
7fb0ceb7c000-7fb0cebb3000 r-xp 00000000 08:01 11543286                   /usr/lib/x86_64-linux-gnu/libtxc_dxtn_s2tc.so.0.0.0
7fb0cebb3000-7fb0cedb2000 ---p 00037000 08:01 11543286                   /usr/lib/x86_64-linux-gnu/libtxc_dxtn_s2tc.so.0.0.0
7fb0cedb2000-7fb0cedb3000 r--p 00036000 08:01 11543286                   /usr/lib/x86_64-linux-gnu/libtxc_dxtn_s2tc.so.0.0.0
7fb0cedb3000-7fb0cedb4000 rw-p 00037000 08:01 11543286                   /usr/lib/x86_64-linux-gnu/libtxc_dxtn_s2tc.so.0.0.0
7fb0cedb4000-7fb0cedbc000 r-xp 00000000 08:01 11543091                   /usr/lib/x86_64-linux-gnu/libpciaccess.so.0.11.1
7fb0cedbc000-7fb0cefbb000 ---p 00008000 08:01 11543091                   /usr/lib/x86_64-linux-gnu/libpciaccess.so.0.11.1
7fb0cefbb000-7fb0cefbc000 r--p 00007000 08:01 11543091                   /usr/lib/x86_64-linux-gnu/libpciaccess.so.0.11.1
7fb0cefbc000-7fb0cefbd000 rw-p 00008000 08:01 11543091                   /usr/lib/x86_64-linux-gnu/libpciaccess.so.0.11.1
7fb0cefbd000-7fb0cefc8000 r-xp 00000000 08:01 11542583                   /usr/lib/x86_64-linux-gnu/libdrm_radeon.so.1.0.1
7fb0cefc8000-7fb0cf1c7000 ---p 0000b000 08:01 11542583                   /usr/lib/x86_64-linux-gnu/libdrm_radeon.so.1.0.1
7fb0cf1c7000-7fb0cf1c8000 r--p 0000a000 08:01 11542583                   /usr/lib/x86_64-linux-gnu/libdrm_radeon.so.1.0.1
7fb0cf1c8000-7fb0cf1c9000 rw-p 0000b000 08:01 11542583                   /usr/lib/x86_64-linux-gnu/libdrm_radeon.so.1.0.1
7fb0cf1c9000-7fb0cf1d0000 r-xp 00000000 08:01 11542587                   /usr/lib/x86_64-linux-gnu/libdrm_nouveau.so.2.0.0
7fb0cf1d0000-7fb0cf3cf000 ---p 00007000 08:01 11542587                   /usr/lib/x86_64-linux-gnu/libdrm_nouveau.so.2.0.0
7fb0cf3cf000-7fb0cf3d0000 r--p 00006000 08:01 11542587                   /usr/lib/x86_64-linux-gnu/libdrm_nouveau.so.2.0.0
7fb0cf3d0000-7fb0cf3d1000 rw-p 00007000 08:01 11542587                   /usr/lib/x86_64-linux-gnu/libdrm_nouveau.so.2.0.0
7fb0cf3d1000-7fb0cf3f1000 r-xp 00000000 08:01 11544419                   /usr/lib/x86_64-linux-gnu/libdrm_intel.so.1.0.0
7fb0cf3f1000-7fb0cf5f0000 ---p 00020000 08:01 11544419                   /usr/lib/x86_64-linux-gnu/libdrm_intel.so.1.0.0
7fb0cf5f0000-7fb0cf5f1000 r--p 0001f000 08:01 11544419                   /usr/lib/x86_64-linux-gnu/libdrm_intel.so.1.0.0
7fb0cf5f1000-7fb0cf5f2000 rw-p 00020000 08:01 11544419                   /usr/lib/x86_64-linux-gnu/libdrm_intel.so.1.0.0
7fb0cf5f2000-7fb0cfbeb000 r-xp 00000000 08:01 11927971                   /usr/lib/x86_64-linux-gnu/dri/i965_dri.so
7fb0cfbeb000-7fb0cfdea000 ---p 005f9000 08:01 11927971                   /usr/lib/x86_64-linux-gnu/dri/i965_dri.so
7fb0cfdea000-7fb0cfe21000 r--p 005f8000 08:01 11927971                   /usr/lib/x86_64-linux-gnu/dri/i965_dri.so
7fb0cfe21000-7fb0cfe28000 rw-p 0062f000 08:01 11927971                   /usr/lib/x86_64-linux-gnu/dri/i965_dri.so
7fb0cfe28000-7fb0cfe30000 rw-p 00000000 00:00 0 
7fb0cfe30000-7fb0cfe74000 r-xp 00000000 08:01 659690                     /lib/x86_64-linux-gnu/libdbus-1.so.3.7.6
7fb0cfe74000-7fb0d0073000 ---p 00044000 08:01 659690                     /lib/x86_64-linux-gnu/libdbus-1.so.3.7.6
7fb0d0073000-7fb0d0074000 r--p 00043000 08:01 659690                     /lib/x86_64-linux-gnu/libdbus-1.so.3.7.6
7fb0d0074000-7fb0d0075000 rw-p 00044000 08:01 659690                     /lib/x86_64-linux-gnu/libdbus-1.so.3.7.6
7fb0d0075000-7fb0d007d000 r-xp 00000000 08:01 659738                     /lib/x86_64-linux-gnu/libnih-dbus.so.1.0.0
7fb0d007d000-7fb0d027d000 ---p 00008000 08:01 659738                     /lib/x86_64-linux-gnu/libnih-dbus.so.1.0.0
7fb0d027d000-7fb0d027e000 r--p 00008000 08:01 659738                     /lib/x86_64-linux-gnu/libnih-dbus.so.1.0.0
7fb0d027e000-7fb0d027f000 rw-p 00009000 08:01 659738                     /lib/x86_64-linux-gnu/libnih-dbus.so.1.0.0
7fb0d027f000-7fb0d0296000 r-xp 00000000 08:01 659740                     /lib/x86_64-linux-gnu/libnih.so.1.0.0
7fb0d0296000-7fb0d0495000 ---p 00017000 08:01 659740                     /lib/x86_64-linux-gnu/libnih.so.1.0.0
7fb0d0495000-7fb0d0496000 r--p 00016000 08:01 659740                     /lib/x86_64-linux-gnu/libnih.so.1.0.0
7fb0d0496000-7fb0d0497000 rw-p 00017000 08:01 659740                     /lib/x86_64-linux-gnu/libnih.so.1.0.0
7fb0d0497000-7fb0d04b0000 r-xp 00000000 08:01 659681                     /lib/x86_64-linux-gnu/libcgmanager.so.0.0.0
7fb0d04b0000-7fb0d06af000 ---p 00019000 08:01 659681                     /lib/x86_64-linux-gnu/libcgmanager.so.0.0.0
7fb0d06af000-7fb0d06b1000 r--p 00018000 08:01 659681                     /lib/x86_64-linux-gnu/libcgmanager.so.0.0.0
7fb0d06b1000-7fb0d06b2000 rw-p 0001a000 08:01 659681                     /lib/x86_64-linux-gnu/libcgmanager.so.0.0.0
7fb0d06b2000-7fb0d06c2000 r-xp 00000000 08:01 655464                     /lib/x86_64-linux-gnu/libudev.so.1.3.5
7fb0d06c2000-7fb0d08c1000 ---p 00010000 08:01 655464                     /lib/x86_64-linux-gnu/libudev.so.1.3.5
7fb0d08c1000-7fb0d08c2000 r--p 0000f000 08:01 655464                     /lib/x86_64-linux-gnu/libudev.so.1.3.5
7fb0d08c2000-7fb0d08c3000 rw-p 00010000 08:01 655464                     /lib/x86_64-linux-gnu/libudev.so.1.3.5
7fb0d08c3000-7fb0d08c9000 r-xp 00000000 08:01 11542541                   /usr/lib/x86_64-linux-gnu/libdatrie.so.1.3.1
7fb0d08c9000-7fb0d0ac8000 ---p 00006000 08:01 11542541                   /usr/lib/x86_64-linux-gnu/libdatrie.so.1.3.1
7fb0d0ac8000-7fb0d0ac9000 r--p 00005000 08:01 11542541                   /usr/lib/x86_64-linux-gnu/libdatrie.so.1.3.1
7fb0d0ac9000-7fb0d0aca000 rw-p 00006000 08:01 11542541                   /usr/lib/x86_64-linux-gnu/libdatrie.so.1.3.1
7fb0d0aca000-7fb0d0acf000 r-xp 00000000 08:01 11542347                   /usr/lib/x86_64-linux-gnu/libXdmcp.so.6.0.0
7fb0d0acf000-7fb0d0cce000 ---p 00005000 08:01 11542347                   /usr/lib/x86_64-linux-gnu/libXdmcp.so.6.0.0
7fb0d0cce000-7fb0d0ccf000 r--p 00004000 08:01 11542347                   /usr/lib/x86_64-linux-gnu/libXdmcp.so.6.0.0
7fb0d0ccf000-7fb0d0cd0000 rw-p 00005000 08:01 11542347                   /usr/lib/x86_64-linux-gnu/libXdmcp.so.6.0.0
7fb0d0cd0000-7fb0d0cd2000 r-xp 00000000 08:01 11542336                   /usr/lib/x86_64-linux-gnu/libXau.so.6.0.0
7fb0d0cd2000-7fb0d0ed2000 ---p 00002000 08:01 11542336                   /usr/lib/x86_64-linux-gnu/libXau.so.6.0.0
7fb0d0ed2000-7fb0d0ed3000 r--p 00002000 08:01 11542336                   /usr/lib/x86_64-linux-gnu/libXau.so.6.0.0
7fb0d0ed3000-7fb0d0ed4000 rw-p 00003000 08:01 11542336                   /usr/lib/x86_64-linux-gnu/libXau.so.6.0.0
7fb0d0ed4000-7fb0d0ef8000 r-xp 00000000 08:01 11535398                   /usr/lib/x86_64-linux-gnu/libgraphite2.so.3.0.1
7fb0d0ef8000-7fb0d10f7000 ---p 00024000 08:01 11535398                   /usr/lib/x86_64-linux-gnu/libgraphite2.so.3.0.1
7fb0d10f7000-7fb0d10f9000 r--p 00023000 08:01 11535398                   /usr/lib/x86_64-linux-gnu/libgraphite2.so.3.0.1
7fb0d10f9000-7fb0d10fa000 rw-p 00025000 08:01 11535398                   /usr/lib/x86_64-linux-gnu/libgraphite2.so.3.0.1
7fb0d10fa000-7fb0d1107000 r-xp 00000000 08:01 11542581                   /usr/lib/x86_64-linux-gnu/libdrm.so.2.4.0
7fb0d1107000-7fb0d1306000 ---p 0000d000 08:01 11542581                   /usr/lib/x86_64-linux-gnu/libdrm.so.2.4.0
7fb0d1306000-7fb0d1307000 r--p 0000c000 08:01 11542581                   /usr/lib/x86_64-linux-gnu/libdrm.so.2.4.0
7fb0d1307000-7fb0d1308000 rw-p 0000d000 08:01 11542581                   /usr/lib/x86_64-linux-gnu/libdrm.so.2.4.0
7fb0d1308000-7fb0d130b000 r-xp 00000000 08:01 11543372                   /usr/lib/x86_64-linux-gnu/libxcb-dri2.so.0.0.0
7fb0d130b000-7fb0d150b000 ---p 00003000 08:01 11543372                   /usr/lib/x86_64-linux-gnu/libxcb-dri2.so.0.0.0
7fb0d150b000-7fb0d150c000 r--p 00003000 08:01 11543372                   /usr/lib/x86_64-linux-gnu/libxcb-dri2.so.0.0.0
7fb0d150c000-7fb0d150d000 rw-p 00004000 08:01 11543372                   /usr/lib/x86_64-linux-gnu/libxcb-dri2.so.0.0.0
7fb0d150d000-7fb0d1522000 r-xp 00000000 08:01 11543376                   /usr/lib/x86_64-linux-gnu/libxcb-glx.so.0.0.0
7fb0d1522000-7fb0d1721000 ---p 00015000 08:01 11543376                   /usr/lib/x86_64-linux-gnu/libxcb-glx.so.0.0.0
7fb0d1721000-7fb0d1723000 r--p 00014000 08:01 11543376                   /usr/lib/x86_64-linux-gnu/libxcb-glx.so.0.0.0
7fb0d1723000-7fb0d1724000 rw-p 00016000 08:01 11543376                   /usr/lib/x86_64-linux-gnu/libxcb-glx.so.0.0.0
7fb0d1724000-7fb0d1725000 r-xp 00000000 08:01 11542330                   /usr/lib/x86_64-linux-gnu/libX11-xcb.so.1.0.0
7fb0d1725000-7fb0d1924000 ---p 00001000 08:01 11542330                   /usr/lib/x86_64-linux-gnu/libX11-xcb.so.1.0.0
7fb0d1924000-7fb0d1925000 r--p 00000000 08:01 11542330                   /usr/lib/x86_64-linux-gnu/libX11-xcb.so.1.0.0
7fb0d1925000-7fb0d1926000 rw-p 00001000 08:01 11542330                   /usr/lib/x86_64-linux-gnu/libX11-xcb.so.1.0.0
7fb0d1926000-7fb0d194f000 r-xp 00000000 08:01 11535768                   /usr/lib/x86_64-linux-gnu/libglapi.so.0.0.0
7fb0d194f000-7fb0d1b4e000 ---p 00029000 08:01 11535768                   /usr/lib/x86_64-linux-gnu/libglapi.so.0.0.0
7fb0d1b4e000-7fb0d1b52000 r--p 00028000 08:01 11535768                   /usr/lib/x86_64-linux-gnu/libglapi.so.0.0.0
7fb0d1b52000-7fb0d1b53000 rw-p 0002c000 08:01 11535768                   /usr/lib/x86_64-linux-gnu/libglapi.so.0.0.0
7fb0d1b53000-7fb0d1b54000 rw-p 00000000 00:00 0 
7fb0d1b54000-7fb0d1b55000 r-xp 00000000 08:01 11543414                   /usr/lib/x86_64-linux-gnu/libxshmfence.so.1.0.0
7fb0d1b55000-7fb0d1d54000 ---p 00001000 08:01 11543414                   /usr/lib/x86_64-linux-gnu/libxshmfence.so.1.0.0
7fb0d1d54000-7fb0d1d55000 r--p 00000000 08:01 11543414                   /usr/lib/x86_64-linux-gnu/libxshmfence.so.1.0.0
7fb0d1d55000-7fb0d1d56000 rw-p 00001000 08:01 11543414                   /usr/lib/x86_64-linux-gnu/libxshmfence.so.1.0.0
7fb0d1d56000-7fb0d1d5b000 r-xp 00000000 08:01 11543396                   /usr/lib/x86_64-linux-gnu/libxcb-sync.so.1.0.0
7fb0d1d5b000-7fb0d1f5a000 ---p 00005000 08:01 11543396                   /usr/lib/x86_64-linux-gnu/libxcb-sync.so.1.0.0
7fb0d1f5a000-7fb0d1f5b000 r--p 00004000 08:01 11543396                   /usr/lib/x86_64-linux-gnu/libxcb-sync.so.1.0.0
7fb0d1f5b000-7fb0d1f5c000 rw-p 00005000 08:01 11543396                   /usr/lib/x86_64-linux-gnu/libxcb-sync.so.1.0.0
7fb0d1f5c000-7fb0d1f5e000 r-xp 00000000 08:01 11543384                   /usr/lib/x86_64-linux-gnu/libxcb-present.so.0.0.0
7fb0d1f5e000-7fb0d215d000 ---p 00002000 08:01 11543384                   /usr/lib/x86_64-linux-gnu/libxcb-present.so.0.0.0
7fb0d215d000-7fb0d215e000 r--p 00001000 08:01 11543384                   /usr/lib/x86_64-linux-gnu/libxcb-present.so.0.0.0
7fb0d215e000-7fb0d215f000 rw-p 00002000 08:01 11543384                   /usr/lib/x86_64-linux-gnu/libxcb-present.so.0.0.0
7fb0d215f000-7fb0d2161000 r-xp 00000000 08:01 11543374                   /usr/lib/x86_64-linux-gnu/libxcb-dri3.so.0.0.0
7fb0d2161000-7fb0d2360000 ---p 00002000 08:01 11543374                   /usr/lib/x86_64-linux-gnu/libxcb-dri3.so.0.0.0
7fb0d2360000-7fb0d2361000 r--p 00001000 08:01 11543374                   /usr/lib/x86_64-linux-gnu/libxcb-dri3.so.0.0.0
7fb0d2361000-7fb0d2362000 rw-p 00002000 08:01 11543374                   /usr/lib/x86_64-linux-gnu/libxcb-dri3.so.0.0.0
7fb0d2362000-7fb0d239f000 r-xp 00000000 08:01 655389                     /lib/x86_64-linux-gnu/libpcre.so.3.13.1
7fb0d239f000-7fb0d259e000 ---p 0003d000 08:01 655389                     /lib/x86_64-linux-gnu/libpcre.so.3.13.1
7fb0d259e000-7fb0d259f000 r--p 0003c000 08:01 655389                     /lib/x86_64-linux-gnu/libpcre.so.3.13.1
7fb0d259f000-7fb0d25a0000 rw-p 0003d000 08:01 655389                     /lib/x86_64-linux-gnu/libpcre.so.3.13.1
7fb0d25a0000-7fb0d25a7000 r-xp 00000000 08:01 11542622                   /usr/lib/x86_64-linux-gnu/libffi.so.6.0.1
7fb0d25a7000-7fb0d27a6000 ---p 00007000 08:01 11542622                   /usr/lib/x86_64-linux-gnu/libffi.so.6.0.1
7fb0d27a6000-7fb0d27a7000 r--p 00006000 08:01 11542622                   /usr/lib/x86_64-linux-gnu/libffi.so.6.0.1
7fb0d27a7000-7fb0d27a8000 rw-p 00007000 08:01 11542622                   /usr/lib/x86_64-linux-gnu/libffi.so.6.0.1
7fb0d27a8000-7fb0d27cf000 r-xp 00000000 08:01 655755                     /lib/x86_64-linux-gnu/libexpat.so.1.6.0
7fb0d27cf000-7fb0d29cf000 ---p 00027000 08:01 655755                     /lib/x86_64-linux-gnu/libexpat.so.1.6.0
7fb0d29cf000-7fb0d29d1000 r--p 00027000 08:01 655755                     /lib/x86_64-linux-gnu/libexpat.so.1.6.0
7fb0d29d1000-7fb0d29d2000 rw-p 00029000 08:01 655755                     /lib/x86_64-linux-gnu/libexpat.so.1.6.0
7fb0d29d2000-7fb0d29da000 r-xp 00000000 08:01 11543266                   /usr/lib/x86_64-linux-gnu/libthai.so.0.2.0
7fb0d29da000-7fb0d2bd9000 ---p 00008000 08:01 11543266                   /usr/lib/x86_64-linux-gnu/libthai.so.0.2.0
7fb0d2bd9000-7fb0d2bda000 r--p 00007000 08:01 11543266                   /usr/lib/x86_64-linux-gnu/libthai.so.0.2.0
7fb0d2bda000-7fb0d2bdb000 rw-p 00008000 08:01 11543266                   /usr/lib/x86_64-linux-gnu/libthai.so.0.2.0
7fb0d2bdb000-7fb0d2bf8000 r-xp 00000000 08:01 11543404                   /usr/lib/x86_64-linux-gnu/libxcb.so.1.1.0
7fb0d2bf8000-7fb0d2df8000 ---p 0001d000 08:01 11543404                   /usr/lib/x86_64-linux-gnu/libxcb.so.1.1.0
7fb0d2df8000-7fb0d2df9000 r--p 0001d000 08:01 11543404                   /usr/lib/x86_64-linux-gnu/libxcb.so.1.1.0
7fb0d2df9000-7fb0d2dfa000 rw-p 0001e000 08:01 11543404                   /usr/lib/x86_64-linux-gnu/libxcb.so.1.1.0
7fb0d2dfa000-7fb0d2e02000 r-xp 00000000 08:01 11543390                   /usr/lib/x86_64-linux-gnu/libxcb-render.so.0.0.0
7fb0d2e02000-7fb0d3001000 ---p 00008000 08:01 11543390                   /usr/lib/x86_64-linux-gnu/libxcb-render.so.0.0.0
7fb0d3001000-7fb0d3002000 r--p 00007000 08:01 11543390                   /usr/lib/x86_64-linux-gnu/libxcb-render.so.0.0.0
7fb0d3002000-7fb0d3003000 rw-p 00008000 08:01 11543390                   /usr/lib/x86_64-linux-gnu/libxcb-render.so.0.0.0
7fb0d3003000-7fb0d3005000 r-xp 00000000 08:01 11543394                   /usr/lib/x86_64-linux-gnu/libxcb-shm.so.0.0.0
7fb0d3005000-7fb0d3204000 ---p 00002000 08:01 11543394                   /usr/lib/x86_64-linux-gnu/libxcb-shm.so.0.0.0
7fb0d3204000-7fb0d3205000 r--p 00001000 08:01 11543394                   /usr/lib/x86_64-linux-gnu/libxcb-shm.so.0.0.0
7fb0d3205000-7fb0d3206000 rw-p 00002000 08:01 11543394                   /usr/lib/x86_64-linux-gnu/libxcb-shm.so.0.0.0
7fb0d3206000-7fb0d322b000 r-xp 00000000 08:01 659791                     /lib/x86_64-linux-gnu/libpng12.so.0.50.0
7fb0d322b000-7fb0d342a000 ---p 00025000 08:01 659791                     /lib/x86_64-linux-gnu/libpng12.so.0.50.0
7fb0d342a000-7fb0d342b000 r--p 00024000 08:01 659791                     /lib/x86_64-linux-gnu/libpng12.so.0.50.0
7fb0d342b000-7fb0d342c000 rw-p 00025000 08:01 659791                     /lib/x86_64-linux-gnu/libpng12.so.0.50.0
7fb0d342c000-7fb0d34cc000 r-xp 00000000 08:01 11542407                   /usr/lib/x86_64-linux-gnu/libpixman-1.so.0.30.2
7fb0d34cc000-7fb0d36cc000 ---p 000a0000 08:01 11542407                   /usr/lib/x86_64-linux-gnu/libpixman-1.so.0.30.2
7fb0d36cc000-7fb0d36d3000 r--p 000a0000 08:01 11542407                   /usr/lib/x86_64-linux-gnu/libpixman-1.so.0.30.2
7fb0d36d3000-7fb0d36d4000 rw-p 000a7000 08:01 11542407                   /usr/lib/x86_64-linux-gnu/libpixman-1.so.0.30.2
7fb0d36d4000-7fb0d3727000 r-xp 00000000 08:01 11536863                   /usr/lib/x86_64-linux-gnu/libharfbuzz.so.0.927.0
7fb0d3727000-7fb0d3927000 ---p 00053000 08:01 11536863                   /usr/lib/x86_64-linux-gnu/libharfbuzz.so.0.927.0
7fb0d3927000-7fb0d3928000 r--p 00053000 08:01 11536863                   /usr/lib/x86_64-linux-gnu/libharfbuzz.so.0.927.0
7fb0d3928000-7fb0d3929000 rw-p 00054000 08:01 11536863                   /usr/lib/x86_64-linux-gnu/libharfbuzz.so.0.927.0
7fb0d3929000-7fb0d3940000 r-xp 00000000 08:01 655750                     /lib/x86_64-linux-gnu/libresolv-2.19.so
7fb0d3940000-7fb0d3b40000 ---p 00017000 08:01 655750                     /lib/x86_64-linux-gnu/libresolv-2.19.so
7fb0d3b40000-7fb0d3b41000 r--p 00017000 08:01 655750                     /lib/x86_64-linux-gnu/libresolv-2.19.so
7fb0d3b41000-7fb0d3b42000 rw-p 00018000 08:01 655750                     /lib/x86_64-linux-gnu/libresolv-2.19.so
7fb0d3b42000-7fb0d3b44000 rw-p 00000000 00:00 0 
7fb0d3b44000-7fb0d3b64000 r-xp 00000000 08:01 659806                     /lib/x86_64-linux-gnu/libselinux.so.1
7fb0d3b64000-7fb0d3d63000 ---p 00020000 08:01 659806                     /lib/x86_64-linux-gnu/libselinux.so.1
7fb0d3d63000-7fb0d3d64000 r--p 0001f000 08:01 659806                     /lib/x86_64-linux-gnu/libselinux.so.1
7fb0d3d64000-7fb0d3d65000 rw-p 00020000 08:01 659806                     /lib/x86_64-linux-gnu/libselinux.so.1
7fb0d3d65000-7fb0d3d67000 rw-p 00000000 00:00 0 
7fb0d3d67000-7fb0d3d7f000 r-xp 00000000 08:01 659839                     /lib/x86_64-linux-gnu/libz.so.1.2.8
7fb0d3d7f000-7fb0d3f7e000 ---p 00018000 08:01 659839                     /lib/x86_64-linux-gnu/libz.so.1.2.8
7fb0d3f7e000-7fb0d3f7f000 r--p 00017000 08:01 659839                     /lib/x86_64-linux-gnu/libz.so.1.2.8
7fb0d3f7f000-7fb0d3f80000 rw-p 00018000 08:01 659839                     /lib/x86_64-linux-gnu/libz.so.1.2.8
7fb0d3f80000-7fb0d3f91000 r-xp 00000000 08:01 11542349                   /usr/lib/x86_64-linux-gnu/libXext.so.6.4.0
7fb0d3f91000-7fb0d4190000 ---p 00011000 08:01 11542349                   /usr/lib/x86_64-linux-gnu/libXext.so.6.4.0
7fb0d4190000-7fb0d4191000 r--p 00010000 08:01 11542349                   /usr/lib/x86_64-linux-gnu/libXext.so.6.4.0
7fb0d4191000-7fb0d4192000 rw-p 00011000 08:01 11542349                   /usr/lib/x86_64-linux-gnu/libXext.so.6.4.0
7fb0d4192000-7fb0d4194000 r-xp 00000000 08:01 11542345                   /usr/lib/x86_64-linux-gnu/libXdamage.so.1.1.0
7fb0d4194000-7fb0d4393000 ---p 00002000 08:01 11542345                   /usr/lib/x86_64-linux-gnu/libXdamage.so.1.1.0
7fb0d4393000-7fb0d4394000 r--p 00001000 08:01 11542345                   /usr/lib/x86_64-linux-gnu/libXdamage.so.1.1.0
7fb0d4394000-7fb0d4395000 rw-p 00002000 08:01 11542345                   /usr/lib/x86_64-linux-gnu/libXdamage.so.1.1.0
7fb0d4395000-7fb0d4397000 r-xp 00000000 08:01 11542341                   /usr/lib/x86_64-linux-gnu/libXcomposite.so.1.0.0
7fb0d4397000-7fb0d4596000 ---p 00002000 08:01 11542341                   /usr/lib/x86_64-linux-gnu/libXcomposite.so.1.0.0
7fb0d4596000-7fb0d4597000 r--p 00001000 08:01 11542341                   /usr/lib/x86_64-linux-gnu/libXcomposite.so.1.0.0
7fb0d4597000-7fb0d4598000 rw-p 00002000 08:01 11542341                   /usr/lib/x86_64-linux-gnu/libXcomposite.so.1.0.0
7fb0d4598000-7fb0d45a1000 r-xp 00000000 08:01 11542343                   /usr/lib/x86_64-linux-gnu/libXcursor.so.1.0.2
7fb0d45a1000-7fb0d47a0000 ---p 00009000 08:01 11542343                   /usr/lib/x86_64-linux-gnu/libXcursor.so.1.0.2
7fb0d47a0000-7fb0d47a1000 r--p 00008000 08:01 11542343                   /usr/lib/x86_64-linux-gnu/libXcursor.so.1.0.2
7fb0d47a1000-7fb0d47a2000 rw-p 00009000 08:01 11542343                   /usr/lib/x86_64-linux-gnu/libXcursor.so.1.0.2
7fb0d47a2000-7fb0d47ab000 r-xp 00000000 08:01 11544463                   /usr/lib/x86_64-linux-gnu/libXrandr.so.2.2.0
7fb0d47ab000-7fb0d49aa000 ---p 00009000 08:01 11544463                   /usr/lib/x86_64-linux-gnu/libXrandr.so.2.2.0
7fb0d49aa000-7fb0d49ab000 r--p 00008000 08:01 11544463                   /usr/lib/x86_64-linux-gnu/libXrandr.so.2.2.0
7fb0d49ab000-7fb0d49ac000 rw-p 00009000 08:01 11544463                   /usr/lib/x86_64-linux-gnu/libXrandr.so.2.2.0
7fb0d49ac000-7fb0d49bb000 r-xp 00000000 08:01 11542357                   /usr/lib/x86_64-linux-gnu/libXi.so.6.1.0
7fb0d49bb000-7fb0d4bba000 ---p 0000f000 08:01 11542357                   /usr/lib/x86_64-linux-gnu/libXi.so.6.1.0
7fb0d4bba000-7fb0d4bbb000 r--p 0000e000 08:01 11542357                   /usr/lib/x86_64-linux-gnu/libXi.so.6.1.0
7fb0d4bbb000-7fb0d4bbc000 rw-p 0000f000 08:01 11542357                   /usr/lib/x86_64-linux-gnu/libXi.so.6.1.0
7fb0d4bbc000-7fb0d4bbe000 r-xp 00000000 08:01 11542359                   /usr/lib/x86_64-linux-gnu/libXinerama.so.1.0.0
7fb0d4bbe000-7fb0d4dbd000 ---p 00002000 08:01 11542359                   /usr/lib/x86_64-linux-gnu/libXinerama.so.1.0.0
7fb0d4dbd000-7fb0d4dbe000 r--p 00001000 08:01 11542359                   /usr/lib/x86_64-linux-gnu/libXinerama.so.1.0.0
7fb0d4dbe000-7fb0d4dbf000 rw-p 00002000 08:01 11542359                   /usr/lib/x86_64-linux-gnu/libXinerama.so.1.0.0
7fb0d4dbf000-7fb0d4dc8000 r-xp 00000000 08:01 11542371                   /usr/lib/x86_64-linux-gnu/libXrender.so.1.3.0
7fb0d4dc8000-7fb0d4fc7000 ---p 00009000 08:01 11542371                   /usr/lib/x86_64-linux-gnu/libXrender.so.1.3.0
7fb0d4fc7000-7fb0d4fc8000 r--p 00008000 08:01 11542371                   /usr/lib/x86_64-linux-gnu/libXrender.so.1.3.0
7fb0d4fc8000-7fb0d4fc9000 rw-p 00009000 08:01 11542371                   /usr/lib/x86_64-linux-gnu/libXrender.so.1.3.0
7fb0d4fc9000-7fb0d4fce000 r-xp 00000000 08:01 11542351                   /usr/lib/x86_64-linux-gnu/libXfixes.so.3.1.0
7fb0d4fce000-7fb0d51cd000 ---p 00005000 08:01 11542351                   /usr/lib/x86_64-linux-gnu/libXfixes.so.3.1.0
7fb0d51cd000-7fb0d51ce000 r--p 00004000 08:01 11542351                   /usr/lib/x86_64-linux-gnu/libXfixes.so.3.1.0
7fb0d51ce000-7fb0d51cf000 rw-p 00005000 08:01 11542351                   /usr/lib/x86_64-linux-gnu/libXfixes.so.3.1.0
7fb0d51cf000-7fb0d51e5000 r-xp 00000000 08:01 659703                     /lib/x86_64-linux-gnu/libgcc_s.so.1
7fb0d51e5000-7fb0d53e4000 ---p 00016000 08:01 659703                     /lib/x86_64-linux-gnu/libgcc_s.so.1
7fb0d53e4000-7fb0d53e5000 rw-p 00015000 08:01 659703                     /lib/x86_64-linux-gnu/libgcc_s.so.1
7fb0d53e5000-7fb0d54cb000 r-xp 00000000 08:01 11538585                   /usr/lib/x86_64-linux-gnu/libstdc++.so.6.0.19
7fb0d54cb000-7fb0d56ca000 ---p 000e6000 08:01 11538585                   /usr/lib/x86_64-linux-gnu/libstdc++.so.6.0.19
7fb0d56ca000-7fb0d56d2000 r--p 000e5000 08:01 11538585                   /usr/lib/x86_64-linux-gnu/libstdc++.so.6.0.19
7fb0d56d2000-7fb0d56d4000 rw-p 000ed000 08:01 11538585                   /usr/lib/x86_64-linux-gnu/libstdc++.so.6.0.19
7fb0d56d4000-7fb0d56e9000 rw-p 00000000 00:00 0 
7fb0d56e9000-7fb0d574c000 r-xp 00000000 08:01 11534816                   /usr/lib/x86_64-linux-gnu/mesa/libGL.so.1.2.0
7fb0d574c000-7fb0d594c000 ---p 00063000 08:01 11534816                   /usr/lib/x86_64-linux-gnu/mesa/libGL.so.1.2.0
7fb0d594c000-7fb0d594f000 r--p 00063000 08:01 11534816                   /usr/lib/x86_64-linux-gnu/mesa/libGL.so.1.2.0
7fb0d594f000-7fb0d5950000 rw-p 00066000 08:01 11534816                   /usr/lib/x86_64-linux-gnu/mesa/libGL.so.1.2.0
7fb0d5950000-7fb0d5951000 rw-p 00000000 00:00 0 
7fb0d5951000-7fb0d5955000 r-xp 00000000 08:01 11542387                   /usr/lib/x86_64-linux-gnu/libXxf86vm.so.1.0.0
7fb0d5955000-7fb0d5b55000 ---p 00004000 08:01 11542387                   /usr/lib/x86_64-linux-gnu/libXxf86vm.so.1.0.0
7fb0d5b55000-7fb0d5b56000 r--p 00004000 08:01 11542387                   /usr/lib/x86_64-linux-gnu/libXxf86vm.so.1.0.0
7fb0d5b56000-7fb0d5b57000 rw-p 00005000 08:01 11542387                   /usr/lib/x86_64-linux-gnu/libXxf86vm.so.1.0.0
7fb0d5b57000-7fb0d5c87000 r-xp 00000000 08:01 11542332                   /usr/lib/x86_64-linux-gnu/libX11.so.6.3.0
7fb0d5c87000-7fb0d5e87000 ---p 00130000 08:01 11542332                   /usr/lib/x86_64-linux-gnu/libX11.so.6.3.0
7fb0d5e87000-7fb0d5e88000 r--p 00130000 08:01 11542332                   /usr/lib/x86_64-linux-gnu/libX11.so.6.3.0
7fb0d5e88000-7fb0d5e8c000 rw-p 00131000 08:01 11542332                   /usr/lib/x86_64-linux-gnu/libX11.so.6.3.0
7fb0d5e8c000-7fb0d5e91000 r-xp 00000000 08:01 11542377                   /usr/lib/x86_64-linux-gnu/libXtst.so.6.1.0
7fb0d5e91000-7fb0d6090000 ---p 00005000 08:01 11542377                   /usr/lib/x86_64-linux-gnu/libXtst.so.6.1.0
7fb0d6090000-7fb0d6091000 r--p 00004000 08:01 11542377                   /usr/lib/x86_64-linux-gnu/libXtst.so.6.1.0
7fb0d6091000-7fb0d6092000 rw-p 00005000 08:01 11542377                   /usr/lib/x86_64-linux-gnu/libXtst.so.6.1.0
7fb0d6092000-7fb0d6198000 r-xp 00000000 08:01 659707                     /lib/x86_64-linux-gnu/libglib-2.0.so.0.4002.0
7fb0d6198000-7fb0d6397000 ---p 00106000 08:01 659707                     /lib/x86_64-linux-gnu/libglib-2.0.so.0.4002.0
7fb0d6397000-7fb0d6398000 r--p 00105000 08:01 659707                     /lib/x86_64-linux-gnu/libglib-2.0.so.0.4002.0
7fb0d6398000-7fb0d6399000 rw-p 00106000 08:01 659707                     /lib/x86_64-linux-gnu/libglib-2.0.so.0.4002.0
7fb0d6399000-7fb0d639a000 rw-p 00000000 00:00 0 
7fb0d639a000-7fb0d639b000 r-xp 00000000 08:01 11542858                   /usr/lib/x86_64-linux-gnu/libgthread-2.0.so.0.4002.0
7fb0d639b000-7fb0d659a000 ---p 00001000 08:01 11542858                   /usr/lib/x86_64-linux-gnu/libgthread-2.0.so.0.4002.0
7fb0d659a000-7fb0d659b000 r--p 00000000 08:01 11542858                   /usr/lib/x86_64-linux-gnu/libgthread-2.0.so.0.4002.0
7fb0d659b000-7fb0d659c000 rw-p 00001000 08:01 11542858                   /usr/lib/x86_64-linux-gnu/libgthread-2.0.so.0.4002.0
7fb0d659c000-7fb0d659f000 r-xp 00000000 08:01 11542735                   /usr/lib/x86_64-linux-gnu/libgmodule-2.0.so.0.4002.0
7fb0d659f000-7fb0d679e000 ---p 00003000 08:01 11542735                   /usr/lib/x86_64-linux-gnu/libgmodule-2.0.so.0.4002.0
7fb0d679e000-7fb0d679f000 r--p 00002000 08:01 11542735                   /usr/lib/x86_64-linux-gnu/libgmodule-2.0.so.0.4002.0
7fb0d679f000-7fb0d67a0000 rw-p 00003000 08:01 11542735                   /usr/lib/x86_64-linux-gnu/libgmodule-2.0.so.0.4002.0
7fb0d67a0000-7fb0d67ef000 r-xp 00000000 08:01 11542751                   /usr/lib/x86_64-linux-gnu/libgobject-2.0.so.0.4002.0
7fb0d67ef000-7fb0d69ef000 ---p 0004f000 08:01 11542751                   /usr/lib/x86_64-linux-gnu/libgobject-2.0.so.0.4002.0
7fb0d69ef000-7fb0d69f0000 r--p 0004f000 08:01 11542751                   /usr/lib/x86_64-linux-gnu/libgobject-2.0.so.0.4002.0
7fb0d69f0000-7fb0d69f1000 rw-p 00050000 08:01 11542751                   /usr/lib/x86_64-linux-gnu/libgobject-2.0.so.0.4002.0
7fb0d69f1000-7fb0d6a2b000 r-xp 00000000 08:01 11538784                   /usr/lib/x86_64-linux-gnu/libfontconfig.so.1.8.0
7fb0d6a2b000-7fb0d6c2a000 ---p 0003a000 08:01 11538784                   /usr/lib/x86_64-linux-gnu/libfontconfig.so.1.8.0
7fb0d6c2a000-7fb0d6c2c000 r--p 00039000 08:01 11538784                   /usr/lib/x86_64-linux-gnu/libfontconfig.so.1.8.0
7fb0d6c2c000-7fb0d6c2d000 rw-p 0003b000 08:01 11538784                   /usr/lib/x86_64-linux-gnu/libfontconfig.so.1.8.0
7fb0d6c2d000-7fb0d6cca000 r-xp 00000000 08:01 11542664                   /usr/lib/x86_64-linux-gnu/libfreetype.so.6.11.1
7fb0d6cca000-7fb0d6ec9000 ---p 0009d000 08:01 11542664                   /usr/lib/x86_64-linux-gnu/libfreetype.so.6.11.1
7fb0d6ec9000-7fb0d6ecf000 r--p 0009c000 08:01 11542664                   /usr/lib/x86_64-linux-gnu/libfreetype.so.6.11.1
7fb0d6ecf000-7fb0d6ed0000 rw-p 000a2000 08:01 11542664                   /usr/lib/x86_64-linux-gnu/libfreetype.so.6.11.1
7fb0d6ed0000-7fb0d6f1a000 r-xp 00000000 08:01 11543075                   /usr/lib/x86_64-linux-gnu/libpango-1.0.so.0.3600.3
7fb0d6f1a000-7fb0d711a000 ---p 0004a000 08:01 11543075                   /usr/lib/x86_64-linux-gnu/libpango-1.0.so.0.3600.3
7fb0d711a000-7fb0d711c000 r--p 0004a000 08:01 11543075                   /usr/lib/x86_64-linux-gnu/libpango-1.0.so.0.3600.3
7fb0d711c000-7fb0d711d000 rw-p 0004c000 08:01 11543075                   /usr/lib/x86_64-linux-gnu/libpango-1.0.so.0.3600.3
7fb0d711d000-7fb0d7223000 r-xp 00000000 08:01 11542469                   /usr/lib/x86_64-linux-gnu/libcairo.so.2.11301.0
7fb0d7223000-7fb0d7422000 ---p 00106000 08:01 11542469                   /usr/lib/x86_64-linux-gnu/libcairo.so.2.11301.0
7fb0d7422000-7fb0d7425000 r--p 00105000 08:01 11542469                   /usr/lib/x86_64-linux-gnu/libcairo.so.2.11301.0
7fb0d7425000-7fb0d7426000 rw-p 00108000 08:01 11542469                   /usr/lib/x86_64-linux-gnu/libcairo.so.2.11301.0
7fb0d7426000-7fb0d7428000 rw-p 00000000 00:00 0 
7fb0d7428000-7fb0d7433000 r-xp 00000000 08:01 11543077                   /usr/lib/x86_64-linux-gnu/libpangocairo-1.0.so.0.3600.3
7fb0d7433000-7fb0d7633000 ---p 0000b000 08:01 11543077                   /usr/lib/x86_64-linux-gnu/libpangocairo-1.0.so.0.3600.3
7fb0d7633000-7fb0d7634000 r--p 0000b000 08:01 11543077                   /usr/lib/x86_64-linux-gnu/libpangocairo-1.0.so.0.3600.3
7fb0d7634000-7fb0d7635000 rw-p 0000c000 08:01 11543077                   /usr/lib/x86_64-linux-gnu/libpangocairo-1.0.so.0.3600.3
7fb0d7635000-7fb0d7655000 r-xp 00000000 08:01 11542699                   /usr/lib/x86_64-linux-gnu/libgdk_pixbuf-2.0.so.0.3000.7
7fb0d7655000-7fb0d7854000 ---p 00020000 08:01 11542699                   /usr/lib/x86_64-linux-gnu/libgdk_pixbuf-2.0.so.0.3000.7
7fb0d7854000-7fb0d7855000 r--p 0001f000 08:01 11542699                   /usr/lib/x86_64-linux-gnu/libgdk_pixbuf-2.0.so.0.3000.7
7fb0d7855000-7fb0d7856000 rw-p 00020000 08:01 11542699                   /usr/lib/x86_64-linux-gnu/libgdk_pixbuf-2.0.so.0.3000.7
7fb0d7856000-7fb0d786a000 r-xp 00000000 08:01 11543079                   /usr/lib/x86_64-linux-gnu/libpangoft2-1.0.so.0.3600.3
7fb0d786a000-7fb0d7a69000 ---p 00014000 08:01 11543079                   /usr/lib/x86_64-linux-gnu/libpangoft2-1.0.so.0.3600.3
7fb0d7a69000-7fb0d7a6a000 r--p 00013000 08:01 11543079                   /usr/lib/x86_64-linux-gnu/libpangoft2-1.0.so.0.3600.3
7fb0d7a6a000-7fb0d7a6b000 rw-p 00014000 08:01 11543079                   /usr/lib/x86_64-linux-gnu/libpangoft2-1.0.so.0.3600.3
7fb0d7a6b000-7fb0d7bd7000 r-xp 00000000 08:01 11542723                   /usr/lib/x86_64-linux-gnu/libgio-2.0.so.0.4002.0
7fb0d7bd7000-7fb0d7dd6000 ---p 0016c000 08:01 11542723                   /usr/lib/x86_64-linux-gnu/libgio-2.0.so.0.4002.0
7fb0d7dd6000-7fb0d7dda000 r--p 0016b000 08:01 11542723                   /usr/lib/x86_64-linux-gnu/libgio-2.0.so.0.4002.0
7fb0d7dda000-7fb0d7ddc000 rw-p 0016f000 08:01 11542723                   /usr/lib/x86_64-linux-gnu/libgio-2.0.so.0.4002.0
7fb0d7ddc000-7fb0d7dde000 rw-p 00000000 00:00 0 
7fb0d7dde000-7fb0d7dfd000 r-xp 00000000 08:01 11542430                   /usr/lib/x86_64-linux-gnu/libatk-1.0.so.0.21009.1
7fb0d7dfd000-7fb0d7ffd000 ---p 0001f000 08:01 11542430                   /usr/lib/x86_64-linux-gnu/libatk-1.0.so.0.21009.1
7fb0d7ffd000-7fb0d7fff000 r--p 0001f000 08:01 11542430                   /usr/lib/x86_64-linux-gnu/libatk-1.0.so.0.21009.1
7fb0d7fff000-7fb0d8000000 rw-p 00021000 08:01 11542430                   /usr/lib/x86_64-linux-gnu/libatk-1.0.so.0.21009.1
7fb0d8000000-7fb0d8021000 rw-p 00000000 00:00 0 
7fb0d8021000-7fb0dc000000 ---p 00000000 00:00 0 
7fb0dc000000-7fb0dc28d000 rw-p 00000000 00:00 0 
7fb0dc28d000-7fb0e0000000 ---p 00000000 00:00 0 
7fb0e0000000-7fb0e0d07000 rw-p 00000000 00:00 0 
7fb0e0d07000-7fb0e4000000 ---p 00000000 00:00 0 
7fb0e4000000-7fb0e4021000 rw-p 00000000 00:00 0 
7fb0e4021000-7fb0e8000000 ---p 00000000 00:00 0 
7fb0e8000000-7fb0e8033000 rw-p 00000000 00:00 0 
7fb0e8033000-7fb0ec000000 ---p 00000000 00:00 0 
7fb0ec000000-7fb0ed792000 rw-p 00000000 00:00 0 
7fb0ed792000-7fb0f0000000 ---p 00000000 00:00 0 
7fb0f0000000-7fb0f02e9000 rw-p 00000000 00:00 0 
7fb0f02e9000-7fb0f4000000 ---p 00000000 00:00 0 
7fb0f4000000-7fb0f4086000 rw-p 00000000 00:00 0 
7fb0f4086000-7fb0f8000000 ---p 00000000 00:00 0 
7fb0f8000000-7fb0f80a8000 rw-p 00000000 00:00 0 
7fb0f80a8000-7fb0fc000000 ---p 00000000 00:00 0 
7fb0fc000000-7fb0fc29e000 rw-p 00000000 00:00 0 
7fb0fc29e000-7fb100000000 ---p 00000000 00:00 0 
7fb100000000-7fb10003a000 rw-p 00000000 00:00 0 
7fb10003a000-7fb104000000 ---p 00000000 00:00 0 
7fb104000000-7fb104021000 rw-p 00000000 00:00 0 
7fb104021000-7fb108000000 ---p 00000000 00:00 0 
7fb108000000-7fb108021000 rw-p 00000000 00:00 0 
7fb108021000-7fb10c000000 ---p 00000000 00:00 0 
7fb10c000000-7fb10c001000 rw-p 00000000 00:00 0 
7fb10c001000-7fb10c002000 rw-s 00000000 00:05 150981                     /drm mm object (deleted)
7fb10c002000-7fb10c003000 rw-s 00000000 00:05 150198                     /drm mm object (deleted)
7fb10c003000-7fb10c008000 r--s 00084000 08:01 2369736                    /usr/lib/jvm/java-8-oracle/jre/lib/jfr.jar
7fb10c008000-7fb10c01b000 r--p 00000000 08:01 2369805                    /usr/lib/jvm/java-8-oracle/jre/lib/fonts/LucidaBrightDemiItalic.ttf
7fb10c01b000-7fb10c01c000 r--s 00000000 08:01 11017070                   /var/cache/fontconfig/c05880de57d1f5e948fdfacc138775d9-le64.cache-4
7fb10c01c000-7fb10c027000 r--s 00000000 08:01 11010149                   /var/cache/fontconfig/945677eb7aeaf62f1d50efc3fb3ec7d8-le64.cache-4
7fb10c027000-7fb10c02d000 r--s 00000000 08:01 11016057                   /var/cache/fontconfig/2cd17615ca594fa2959ae173292e504c-le64.cache-4
7fb10c02d000-7fb10c02e000 r--s 00000000 08:01 11016055                   /var/cache/fontconfig/e7071f4a29fa870f4323321c154eba04-le64.cache-4
7fb10c02e000-7fb10c02f000 r--s 00000000 08:01 11015763                   /var/cache/fontconfig/0d8c3b2ac0904cb8a57a757ad11a4a08-le64.cache-4
7fb10c02f000-7fb10c036000 r--s 00000000 08:01 11015760                   /var/cache/fontconfig/a755afe4a08bf5b97852ceb7400b47bc-le64.cache-4
7fb10c036000-7fb10c03a000 r--s 00000000 08:01 11015759                   /var/cache/fontconfig/de156ccd2eddbdc19d37a45b8b2aac9c-le64.cache-4
7fb10c03a000-7fb10c04e000 r--s 00000000 08:01 11015459                   /var/cache/fontconfig/04aabc0a78ac019cf9454389977116d2-le64.cache-4
7fb10c04e000-7fb10c04f000 r--s 00000000 08:01 11015458                   /var/cache/fontconfig/1ac9eb803944fde146138c791f5cc56a-le64.cache-4
7fb10c04f000-7fb10c053000 r--s 00000000 08:01 11015457                   /var/cache/fontconfig/385c0604a188198f04d133e54aba7fe7-le64.cache-4
7fb10c053000-7fb10c054000 r--s 00000000 08:01 11015456                   /var/cache/fontconfig/dc05db6664285cc2f12bf69c139ae4c3-le64.cache-4
7fb10c054000-7fb10c059000 r--s 00000000 08:01 11014430                   /var/cache/fontconfig/8801497958630a81b71ace7c5f9b32a8-le64.cache-4
7fb10c059000-7fb10c094000 r--s 00000000 08:01 11013829                   /var/cache/fontconfig/365b55f210c0a22e9a19e35191240f32-le64.cache-4
7fb10c094000-7fb10c09b000 r--s 00000000 08:01 11013755                   /var/cache/fontconfig/3047814df9a2f067bd2d96a2b9c36e5a-le64.cache-4
7fb10c09b000-7fb10c0ae000 r--s 00000000 08:01 11013304                   /var/cache/fontconfig/d52a8644073d54c13679302ca1180695-le64.cache-4
7fb10c0ae000-7fb10c0b1000 ---p 00000000 00:00 0 
7fb10c0b1000-7fb10c1af000 rw-p 00000000 00:00 0 
7fb10c1af000-7fb10c25c000 r-xp 00000000 08:01 11542697                   /usr/lib/x86_64-linux-gnu/libgdk-x11-2.0.so.0.2400.23
7fb10c25c000-7fb10c45c000 ---p 000ad000 08:01 11542697                   /usr/lib/x86_64-linux-gnu/libgdk-x11-2.0.so.0.2400.23
7fb10c45c000-7fb10c460000 r--p 000ad000 08:01 11542697                   /usr/lib/x86_64-linux-gnu/libgdk-x11-2.0.so.0.2400.23
7fb10c460000-7fb10c462000 rw-p 000b1000 08:01 11542697                   /usr/lib/x86_64-linux-gnu/libgdk-x11-2.0.so.0.2400.23
7fb10c462000-7fb10c892000 r-xp 00000000 08:01 11542862                   /usr/lib/x86_64-linux-gnu/libgtk-x11-2.0.so.0.2400.23
7fb10c892000-7fb10ca91000 ---p 00430000 08:01 11542862                   /usr/lib/x86_64-linux-gnu/libgtk-x11-2.0.so.0.2400.23
7fb10ca91000-7fb10ca98000 r--p 0042f000 08:01 11542862                   /usr/lib/x86_64-linux-gnu/libgtk-x11-2.0.so.0.2400.23
7fb10ca98000-7fb10ca9c000 rw-p 00436000 08:01 11542862                   /usr/lib/x86_64-linux-gnu/libgtk-x11-2.0.so.0.2400.23
7fb10ca9c000-7fb10ca9f000 rw-p 00000000 00:00 0 
7fb10ca9f000-7fb10caab000 r-xp 00000000 08:01 2369628                    /usr/lib/jvm/java-8-oracle/jre/lib/amd64/libprism_es2.so
7fb10caab000-7fb10ccaa000 ---p 0000c000 08:01 2369628                    /usr/lib/jvm/java-8-oracle/jre/lib/amd64/libprism_es2.so
7fb10ccaa000-7fb10ccab000 rw-p 0000b000 08:01 2369628                    /usr/lib/jvm/java-8-oracle/jre/lib/amd64/libprism_es2.so
7fb10ccab000-7fb10ccae000 ---p 00000000 00:00 0 
7fb10ccae000-7fb10cdac000 rw-p 00000000 00:00 0 
7fb10cdac000-7fb10cdaf000 ---p 00000000 00:00 0 
7fb10cdaf000-7fb10cead000 rw-p 00000000 00:00 0 
7fb10cead000-7fb10ceae000 ---p 00000000 00:00 0 
7fb10ceae000-7fb10cfae000 rw-p 00000000 00:00 0 
7fb10cfae000-7fb10cfb1000 ---p 00000000 00:00 0 
7fb10cfb1000-7fb10d0af000 rw-p 00000000 00:00 0 
7fb10d0af000-7fb10d0b2000 ---p 00000000 00:00 0 
7fb10d0b2000-7fb110000000 rw-p 00000000 00:00 0 
7fb110000000-7fb11002a000 rw-p 00000000 00:00 0 
7fb11002a000-7fb114000000 ---p 00000000 00:00 0 
7fb114000000-7fb114002000 r--s 00000000 08:01 11014453                   /var/cache/fontconfig/767a8244fc0220cfb567a839d0392e0b-le64.cache-4
7fb114002000-7fb114003000 r--s 00000000 08:01 11014451                   /var/cache/fontconfig/4794a0821666d79190d59a36cb4f44b5-le64.cache-4
7fb114003000-7fb114004000 r--s 00000000 08:01 11013750                   /var/cache/fontconfig/56cf4f4769d0f4abc89a4895d7bd3ae1-le64.cache-4
7fb114004000-7fb11400a000 r--s 00000000 08:01 11013305                   /var/cache/fontconfig/b47c4e1ecd0709278f4910c18777a504-le64.cache-4
7fb11400a000-7fb114013000 r--s 00000000 08:01 11013301                   /var/cache/fontconfig/3f7329c5293ffd510edef78f73874cfd-le64.cache-4
7fb114013000-7fb11401e000 r--s 00000000 08:01 11012956                   /var/cache/fontconfig/d589a48862398ed80a3d6066f4f56f4c-le64.cache-4
7fb11401e000-7fb11402b000 r--s 00000000 08:01 11012107                   /var/cache/fontconfig/e13b20fdb08344e0e664864cc2ede53d-le64.cache-4
7fb11402b000-7fb114059000 r--s 00207000 08:01 11295286                   /home/lex/.IdeaIC2016.1/config/plugins/Kotlin/kotlinc/lib/kotlin-reflect.jar
7fb114059000-7fb1140ef000 r--s 01102000 08:01 2369927                    /usr/lib/jvm/java-8-oracle/jre/lib/ext/jfxrt.jar
7fb1140ef000-7fb1140f2000 ---p 00000000 00:00 0 
7fb1140f2000-7fb1141f0000 rw-p 00000000 00:00 0 
7fb1141f0000-7fb1141f3000 ---p 00000000 00:00 0 
7fb1141f3000-7fb1142f1000 rw-p 00000000 00:00 0 
7fb1142f1000-7fb1142f4000 ---p 00000000 00:00 0 
7fb1142f4000-7fb1143f2000 rw-p 00000000 00:00 0 
7fb1143f2000-7fb1143f5000 ---p 00000000 00:00 0 
7fb1143f5000-7fb1144f3000 rw-p 00000000 00:00 0 
7fb1144f3000-7fb1144f7000 r-xp 00000000 08:01 2369636                    /usr/lib/jvm/java-8-oracle/jre/lib/amd64/libdt_socket.so
7fb1144f7000-7fb1146f6000 ---p 00004000 08:01 2369636                    /usr/lib/jvm/java-8-oracle/jre/lib/amd64/libdt_socket.so
7fb1146f6000-7fb1146f7000 rw-p 00003000 08:01 2369636                    /usr/lib/jvm/java-8-oracle/jre/lib/amd64/libdt_socket.so
7fb1146f7000-7fb1146fa000 ---p 00000000 00:00 0 
7fb1146fa000-7fb1147f8000 rw-p 00000000 00:00 0 
7fb1147f8000-7fb1147fb000 ---p 00000000 00:00 0 
7fb1147fb000-7fb1148f9000 rw-p 00000000 00:00 0 
7fb1148f9000-7fb1148fc000 ---p 00000000 00:00 0 
7fb1148fc000-7fb1149fa000 rw-p 00000000 00:00 0 
7fb1149fa000-7fb1149fb000 ---p 00000000 00:00 0 
7fb1149fb000-7fb115000000 rw-p 00000000 00:00 0 
7fb115000000-7fb116060000 rwxp 00000000 00:00 0 
7fb116060000-7fb124000000 ---p 00000000 00:00 0 
7fb124000000-7fb12423f000 rw-p 00000000 00:00 0 
7fb12423f000-7fb128000000 ---p 00000000 00:00 0 
7fb128000000-7fb128001000 r--s 00000000 08:01 11013309                   /var/cache/fontconfig/b9d506c9ac06c20b433354fa67a72993-le64.cache-4
7fb128001000-7fb128002000 r--s 00000000 08:01 11012951                   /var/cache/fontconfig/0c9eb80ebd1c36541ebe2852d3bb0c49-le64.cache-4
7fb128002000-7fb128006000 r--s 00000000 08:01 11010131                   /var/cache/fontconfig/7ef2298fde41cc6eeb7af42e48b7d293-le64.cache-4
7fb128006000-7fb128008000 r--s 0001e000 08:01 10363109                   /usr/local/share/idea/lib/idea_rt.jar
7fb128008000-7fb128013000 r--s 000b6000 08:01 13255872                   /home/lex/Documents/TeoriaDeComputadoras/Automatas/lib/jgraphx-3.4.1.3.jar
7fb128013000-7fb128018000 r--p 00000000 08:01 10224639                   /home/lex/.config/dconf/user (deleted)
7fb128018000-7fb128019000 r--s 00000000 00:17 33                         /run/user/1000/dconf/user (deleted)
7fb128019000-7fb12805a000 r--p 00000000 08:01 12583533                   /usr/share/glib-2.0/schemas/gschemas.compiled
7fb12805a000-7fb128066000 r--s 000ac000 08:01 11295289                   /home/lex/.IdeaIC2016.1/config/plugins/Kotlin/kotlinc/lib/kotlin-runtime.jar
7fb128066000-7fb128079000 r--s 00345000 08:01 2369747                    /usr/lib/jvm/java-8-oracle/jre/lib/resources.jar
7fb128079000-7fb12808c000 r--s 000d6000 08:01 2369734                    /usr/lib/jvm/java-8-oracle/jre/lib/plugin.jar
7fb12808c000-7fb128090000 r--s 00097000 08:01 2369918                    /usr/lib/jvm/java-8-oracle/jre/lib/jsse.jar
7fb128090000-7fb128095000 r--s 00084000 08:01 2369736                    /usr/lib/jvm/java-8-oracle/jre/lib/jfr.jar
7fb128095000-7fb128098000 r--s 0001a000 08:01 2369737                    /usr/lib/jvm/java-8-oracle/jre/lib/jce.jar
7fb128098000-7fb12852d000 rw-p 00000000 00:00 0 
7fb12852d000-7fb128706000 r--s 03d29000 08:01 2369906                    /usr/lib/jvm/java-8-oracle/jre/lib/rt.jar
7fb128706000-7fb129261000 rw-p 00000000 00:00 0 
7fb129261000-7fb129262000 ---p 00000000 00:00 0 
7fb129262000-7fb129362000 rw-p 00000000 00:00 0 
7fb129362000-7fb129363000 ---p 00000000 00:00 0 
7fb129363000-7fb129477000 rw-p 00000000 00:00 0 
7fb129477000-7fb129651000 ---p 00000000 00:00 0 
7fb129651000-7fb129665000 rw-p 00000000 00:00 0 
7fb129665000-7fb12983f000 ---p 00000000 00:00 0 
7fb12983f000-7fb12985c000 rw-p 00000000 00:00 0 
7fb12985c000-7fb129936000 ---p 00000000 00:00 0 
7fb129936000-7fb129979000 rw-p 00000000 00:00 0 
7fb129979000-7fb129cf7000 ---p 00000000 00:00 0 
7fb129cf7000-7fb129d11000 r-xp 00000000 08:01 2369659                    /usr/lib/jvm/java-8-oracle/jre/lib/amd64/libzip.so
7fb129d11000-7fb129f11000 ---p 0001a000 08:01 2369659                    /usr/lib/jvm/java-8-oracle/jre/lib/amd64/libzip.so
7fb129f11000-7fb129f12000 rw-p 0001a000 08:01 2369659                    /usr/lib/jvm/java-8-oracle/jre/lib/amd64/libzip.so
7fb129f12000-7fb129f1c000 r-xp 00000000 08:01 655807                     /lib/x86_64-linux-gnu/libnss_files-2.19.so
7fb129f1c000-7fb12a11b000 ---p 0000a000 08:01 655807                     /lib/x86_64-linux-gnu/libnss_files-2.19.so
7fb12a11b000-7fb12a11c000 r--p 00009000 08:01 655807                     /lib/x86_64-linux-gnu/libnss_files-2.19.so
7fb12a11c000-7fb12a11d000 rw-p 0000a000 08:01 655807                     /lib/x86_64-linux-gnu/libnss_files-2.19.so
7fb12a11d000-7fb12a128000 r-xp 00000000 08:01 655792                     /lib/x86_64-linux-gnu/libnss_nis-2.19.so
7fb12a128000-7fb12a327000 ---p 0000b000 08:01 655792                     /lib/x86_64-linux-gnu/libnss_nis-2.19.so
7fb12a327000-7fb12a328000 r--p 0000a000 08:01 655792                     /lib/x86_64-linux-gnu/libnss_nis-2.19.so
7fb12a328000-7fb12a329000 rw-p 0000b000 08:01 655792                     /lib/x86_64-linux-gnu/libnss_nis-2.19.so
7fb12a329000-7fb12a340000 r-xp 00000000 08:01 655788                     /lib/x86_64-linux-gnu/libnsl-2.19.so
7fb12a340000-7fb12a53f000 ---p 00017000 08:01 655788                     /lib/x86_64-linux-gnu/libnsl-2.19.so
7fb12a53f000-7fb12a540000 r--p 00016000 08:01 655788                     /lib/x86_64-linux-gnu/libnsl-2.19.so
7fb12a540000-7fb12a541000 rw-p 00017000 08:01 655788                     /lib/x86_64-linux-gnu/libnsl-2.19.so
7fb12a541000-7fb12a543000 rw-p 00000000 00:00 0 
7fb12a543000-7fb12a54c000 r-xp 00000000 08:01 655787                     /lib/x86_64-linux-gnu/libnss_compat-2.19.so
7fb12a54c000-7fb12a74b000 ---p 00009000 08:01 655787                     /lib/x86_64-linux-gnu/libnss_compat-2.19.so
7fb12a74b000-7fb12a74c000 r--p 00008000 08:01 655787                     /lib/x86_64-linux-gnu/libnss_compat-2.19.so
7fb12a74c000-7fb12a74d000 rw-p 00009000 08:01 655787                     /lib/x86_64-linux-gnu/libnss_compat-2.19.so
7fb12a74d000-7fb12ae2f000 r--p 00000000 08:01 11541334                   /usr/lib/locale/locale-archive
7fb12ae2f000-7fb12ae31000 r-xp 00000000 08:01 2369634                    /usr/lib/jvm/java-8-oracle/jre/lib/amd64/libnpt.so
7fb12ae31000-7fb12b031000 ---p 00002000 08:01 2369634                    /usr/lib/jvm/java-8-oracle/jre/lib/amd64/libnpt.so
7fb12b031000-7fb12b032000 rw-p 00002000 08:01 2369634                    /usr/lib/jvm/java-8-oracle/jre/lib/amd64/libnpt.so
7fb12b032000-7fb12b06b000 r-xp 00000000 08:01 2369656                    /usr/lib/jvm/java-8-oracle/jre/lib/amd64/libjdwp.so
7fb12b06b000-7fb12b26a000 ---p 00039000 08:01 2369656                    /usr/lib/jvm/java-8-oracle/jre/lib/amd64/libjdwp.so
7fb12b26a000-7fb12b26c000 rw-p 00038000 08:01 2369656                    /usr/lib/jvm/java-8-oracle/jre/lib/amd64/libjdwp.so
7fb12b26c000-7fb12b296000 r-xp 00000000 08:01 2369653                    /usr/lib/jvm/java-8-oracle/jre/lib/amd64/libjava.so
7fb12b296000-7fb12b496000 ---p 0002a000 08:01 2369653                    /usr/lib/jvm/java-8-oracle/jre/lib/amd64/libjava.so
7fb12b496000-7fb12b498000 rw-p 0002a000 08:01 2369653                    /usr/lib/jvm/java-8-oracle/jre/lib/amd64/libjava.so
7fb12b498000-7fb12b4a5000 r-xp 00000000 08:01 2369613                    /usr/lib/jvm/java-8-oracle/jre/lib/amd64/libverify.so
7fb12b4a5000-7fb12b6a5000 ---p 0000d000 08:01 2369613                    /usr/lib/jvm/java-8-oracle/jre/lib/amd64/libverify.so
7fb12b6a5000-7fb12b6a7000 rw-p 0000d000 08:01 2369613                    /usr/lib/jvm/java-8-oracle/jre/lib/amd64/libverify.so
7fb12b6a7000-7fb12b6ae000 r-xp 00000000 08:01 655803                     /lib/x86_64-linux-gnu/librt-2.19.so
7fb12b6ae000-7fb12b8ad000 ---p 00007000 08:01 655803                     /lib/x86_64-linux-gnu/librt-2.19.so
7fb12b8ad000-7fb12b8ae000 r--p 00006000 08:01 655803                     /lib/x86_64-linux-gnu/librt-2.19.so
7fb12b8ae000-7fb12b8af000 rw-p 00007000 08:01 655803                     /lib/x86_64-linux-gnu/librt-2.19.so
7fb12b8af000-7fb12b9b4000 r-xp 00000000 08:01 655782                     /lib/x86_64-linux-gnu/libm-2.19.so
7fb12b9b4000-7fb12bbb3000 ---p 00105000 08:01 655782                     /lib/x86_64-linux-gnu/libm-2.19.so
7fb12bbb3000-7fb12bbb4000 r--p 00104000 08:01 655782                     /lib/x86_64-linux-gnu/libm-2.19.so
7fb12bbb4000-7fb12bbb5000 rw-p 00105000 08:01 655782                     /lib/x86_64-linux-gnu/libm-2.19.so
7fb12bbb5000-7fb12c880000 r-xp 00000000 08:01 2369646                    /usr/lib/jvm/java-8-oracle/jre/lib/amd64/server/libjvm.so
7fb12c880000-7fb12ca7f000 ---p 00ccb000 08:01 2369646                    /usr/lib/jvm/java-8-oracle/jre/lib/amd64/server/libjvm.so
7fb12ca7f000-7fb12cb58000 rw-p 00cca000 08:01 2369646                    /usr/lib/jvm/java-8-oracle/jre/lib/amd64/server/libjvm.so
7fb12cb58000-7fb12cba3000 rw-p 00000000 00:00 0 
7fb12cba3000-7fb12cd5d000 r-xp 00000000 08:01 655804                     /lib/x86_64-linux-gnu/libc-2.19.so
7fb12cd5d000-7fb12cf5d000 ---p 001ba000 08:01 655804                     /lib/x86_64-linux-gnu/libc-2.19.so
7fb12cf5d000-7fb12cf61000 r--p 001ba000 08:01 655804                     /lib/x86_64-linux-gnu/libc-2.19.so
7fb12cf61000-7fb12cf63000 rw-p 001be000 08:01 655804                     /lib/x86_64-linux-gnu/libc-2.19.so
7fb12cf63000-7fb12cf68000 rw-p 00000000 00:00 0 
7fb12cf68000-7fb12cf6b000 r-xp 00000000 08:01 655784                     /lib/x86_64-linux-gnu/libdl-2.19.so
7fb12cf6b000-7fb12d16a000 ---p 00003000 08:01 655784                     /lib/x86_64-linux-gnu/libdl-2.19.so
7fb12d16a000-7fb12d16b000 r--p 00002000 08:01 655784                     /lib/x86_64-linux-gnu/libdl-2.19.so
7fb12d16b000-7fb12d16c000 rw-p 00003000 08:01 655784                     /lib/x86_64-linux-gnu/libdl-2.19.so
7fb12d16c000-7fb12d181000 r-xp 00000000 08:01 2369936                    /usr/lib/jvm/java-8-oracle/lib/amd64/jli/libjli.so
7fb12d181000-7fb12d381000 ---p 00015000 08:01 2369936                    /usr/lib/jvm/java-8-oracle/lib/amd64/jli/libjli.so
7fb12d381000-7fb12d382000 rw-p 00015000 08:01 2369936                    /usr/lib/jvm/java-8-oracle/lib/amd64/jli/libjli.so
7fb12d382000-7fb12d39b000 r-xp 00000000 08:01 655789                     /lib/x86_64-linux-gnu/libpthread-2.19.so
7fb12d39b000-7fb12d59a000 ---p 00019000 08:01 655789                     /lib/x86_64-linux-gnu/libpthread-2.19.so
7fb12d59a000-7fb12d59b000 r--p 00018000 08:01 655789                     /lib/x86_64-linux-gnu/libpthread-2.19.so
7fb12d59b000-7fb12d59c000 rw-p 00019000 08:01 655789                     /lib/x86_64-linux-gnu/libpthread-2.19.so
7fb12d59c000-7fb12d5a0000 rw-p 00000000 00:00 0 
7fb12d5a0000-7fb12d5c3000 r-xp 00000000 08:01 655790                     /lib/x86_64-linux-gnu/ld-2.19.so
7fb12d5c3000-7fb12d5c4000 r--s 00000000 08:01 2369815                    /usr/lib/jvm/java-8-oracle/jre/lib/management-agent.jar
7fb12d5c4000-7fb12d5df000 r--s 00208000 08:01 2369732                    /usr/lib/jvm/java-8-oracle/jre/lib/deploy.jar
7fb12d5df000-7fb12d6a0000 rw-p 00000000 00:00 0 
7fb12d6a0000-7fb12d6a3000 ---p 00000000 00:00 0 
7fb12d6a3000-7fb12d7a5000 rw-p 00000000 00:00 0 
7fb12d7a5000-7fb12d7a7000 r--s 00007000 08:01 2369674                    /usr/lib/jvm/java-8-oracle/jre/lib/jfxswt.jar
7fb12d7a7000-7fb12d7b1000 r--s 0006c000 08:01 2369741                    /usr/lib/jvm/java-8-oracle/jre/lib/javaws.jar
7fb12d7b1000-7fb12d7b6000 r--s 002f9000 08:01 2369905                    /usr/lib/jvm/java-8-oracle/jre/lib/charsets.jar
7fb12d7b6000-7fb12d7be000 rw-s 00000000 08:01 4195215                    /tmp/hsperfdata_lex/21064
7fb12d7be000-7fb12d7bf000 rw-p 00000000 00:00 0 
7fb12d7bf000-7fb12d7c0000 r--p 00000000 00:00 0 
7fb12d7c0000-7fb12d7c2000 rw-p 00000000 00:00 0 
7fb12d7c2000-7fb12d7c3000 r--p 00022000 08:01 655790                     /lib/x86_64-linux-gnu/ld-2.19.so
7fb12d7c3000-7fb12d7c4000 rw-p 00023000 08:01 655790                     /lib/x86_64-linux-gnu/ld-2.19.so
7fb12d7c4000-7fb12d7c5000 rw-p 00000000 00:00 0 
7ffcca8b8000-7ffcca8d9000 rw-p 00000000 00:00 0                          [stack]
7ffcca9c3000-7ffcca9c5000 r--p 00000000 00:00 0                          [vvar]
7ffcca9c5000-7ffcca9c7000 r-xp 00000000 00:00 0                          [vdso]
ffffffffff600000-ffffffffff601000 r-xp 00000000 00:00 0                  [vsyscall]

VM Arguments:
jvm_args: -agentlib:jdwp=transport=dt_socket,address=127.0.0.1:42140,suspend=y,server=n -Dfile.encoding=UTF-8 
java_command: GUIKt
java_class_path (initial): /usr/lib/jvm/java-8-oracle/jre/lib/charsets.jar:/usr/lib/jvm/java-8-oracle/jre/lib/deploy.jar:/usr/lib/jvm/java-8-oracle/jre/lib/ext/cldrdata.jar:/usr/lib/jvm/java-8-oracle/jre/lib/ext/dnsns.jar:/usr/lib/jvm/java-8-oracle/jre/lib/ext/jaccess.jar:/usr/lib/jvm/java-8-oracle/jre/lib/ext/jfxrt.jar:/usr/lib/jvm/java-8-oracle/jre/lib/ext/localedata.jar:/usr/lib/jvm/java-8-oracle/jre/lib/ext/nashorn.jar:/usr/lib/jvm/java-8-oracle/jre/lib/ext/sunec.jar:/usr/lib/jvm/java-8-oracle/jre/lib/ext/sunjce_provider.jar:/usr/lib/jvm/java-8-oracle/jre/lib/ext/sunpkcs11.jar:/usr/lib/jvm/java-8-oracle/jre/lib/ext/zipfs.jar:/usr/lib/jvm/java-8-oracle/jre/lib/javaws.jar:/usr/lib/jvm/java-8-oracle/jre/lib/jce.jar:/usr/lib/jvm/java-8-oracle/jre/lib/jfr.jar:/usr/lib/jvm/java-8-oracle/jre/lib/jfxswt.jar:/usr/lib/jvm/java-8-oracle/jre/lib/jsse.jar:/usr/lib/jvm/java-8-oracle/jre/lib/management-agent.jar:/usr/lib/jvm/java-8-oracle/jre/lib/plugin.jar:/usr/lib/jvm/java-8-oracle/jre/lib/resources.jar:/usr/lib/jvm/java-8-oracle/jre/lib/rt.jar:/home/lex/Documents/TeoriaDeComputadoras/Automatas/out/production/Automatas:/home/lex/.IdeaIC2016.1/config/plugins/Kotlin/kotlinc/lib/kotlin-runtime.jar:/home/lex/.IdeaIC2016.1/config/plugins/Kotlin/kotlinc/lib/kotlin-reflect.jar:/home/lex/Documents/TeoriaDeComputadoras/Automatas/lib/jgraphx-3.4.1.3.jar:/usr/local/share/idea/lib/idea_rt.jar
Launcher Type: SUN_STANDARD

Environment Variables:
PATH=/usr/local/sbin:/usr/local/bin:/usr/sbin:/usr/bin:/sbin:/bin:/usr/games:/usr/local/games
LD_LIBRARY_PATH=/usr/local/share/idea/bin:
SHELL=/bin/bash
DISPLAY=:0

Signal Handlers:
SIGSEGV: [libjvm.so+0xac4790], sa_mask[0]=11111111011111111101111111111110, sa_flags=SA_RESTART|SA_SIGINFO
SIGBUS: [libjvm.so+0xac4790], sa_mask[0]=11111111011111111101111111111110, sa_flags=SA_RESTART|SA_SIGINFO
SIGFPE: [libjvm.so+0x91f140], sa_mask[0]=11111111011111111101111111111110, sa_flags=SA_RESTART|SA_SIGINFO
SIGPIPE: SIG_IGN, sa_mask[0]=00000000000010000000000000000000, sa_flags=SA_RESTART
SIGXFSZ: [libjvm.so+0x91f140], sa_mask[0]=11111111011111111101111111111110, sa_flags=SA_RESTART|SA_SIGINFO
SIGILL: [libjvm.so+0x91f140], sa_mask[0]=11111111011111111101111111111110, sa_flags=SA_RESTART|SA_SIGINFO
SIGUSR1: SIG_DFL, sa_mask[0]=00000000000000000000000000000000, sa_flags=none
SIGUSR2: [libjvm.so+0x920770], sa_mask[0]=00100000000000000000000000000000, sa_flags=SA_RESTART|SA_SIGINFO
SIGHUP: [libjvm.so+0x921b70], sa_mask[0]=11111111011111111101111111111110, sa_flags=SA_RESTART|SA_SIGINFO
SIGINT: [libjvm.so+0x921b70], sa_mask[0]=11111111011111111101111111111110, sa_flags=SA_RESTART|SA_SIGINFO
SIGTERM: [libjvm.so+0x921b70], sa_mask[0]=11111111011111111101111111111110, sa_flags=SA_RESTART|SA_SIGINFO
SIGQUIT: [libjvm.so+0x921b70], sa_mask[0]=11111111011111111101111111111110, sa_flags=SA_RESTART|SA_SIGINFO


---------------  S Y S T E M  ---------------

OS:DISTRIB_ID=Ubuntu
DISTRIB_RELEASE=14.04
DISTRIB_CODENAME=trusty
DISTRIB_DESCRIPTION="Ubuntu 14.04.5 LTS"

uname:Linux 4.4.0-36-generic #55~14.04.1-Ubuntu SMP Fri Aug 12 11:49:30 UTC 2016 x86_64
libc:glibc 2.19 NPTL 2.19 
rlimit: STACK 8192k, CORE 0k, NPROC 23593, NOFILE 4096, AS infinity
load average:1.26 0.96 0.86

/proc/meminfo:
MemTotal:        6062440 kB
MemFree:          996528 kB
MemAvailable:    2799716 kB
Buffers:          530996 kB
Cached:          1411392 kB
SwapCached:       245820 kB
Active:          2674852 kB
Inactive:        1777176 kB
Active(anon):    1545596 kB
Inactive(anon):  1275956 kB
Active(file):    1129256 kB
Inactive(file):   501220 kB
Unevictable:          32 kB
Mlocked:              32 kB
SwapTotal:       6241276 kB
SwapFree:        4111724 kB
Dirty:             16528 kB
Writeback:             0 kB
AnonPages:       2411184 kB
Mapped:           228144 kB
Shmem:            311888 kB
Slab:             515564 kB
SReclaimable:     468500 kB
SUnreclaim:        47064 kB
KernelStack:       11200 kB
PageTables:        40804 kB
NFS_Unstable:          0 kB
Bounce:                0 kB
WritebackTmp:          0 kB
CommitLimit:     9272496 kB
Committed_AS:    8704460 kB
VmallocTotal:   34359738367 kB
VmallocUsed:           0 kB
VmallocChunk:          0 kB
HardwareCorrupted:     0 kB
AnonHugePages:    661504 kB
CmaTotal:              0 kB
CmaFree:               0 kB
HugePages_Total:       0
HugePages_Free:        0
HugePages_Rsvd:        0
HugePages_Surp:        0
Hugepagesize:       2048 kB
DirectMap4k:      149812 kB
DirectMap2M:     6092800 kB


CPU:total 2 (2 cores per cpu, 1 threads per core) family 6 model 23 stepping 10, cmov, cx8, fxsr, mmx, sse, sse2, sse3, ssse3, sse4.1, tsc

/proc/cpuinfo:
processor	: 0
vendor_id	: GenuineIntel
cpu family	: 6
model		: 23
model name	: Intel(R) Core(TM)2 Duo CPU     P9600  @ 2.53GHz
stepping	: 10
microcode	: 0xa07
cpu MHz		: 2535.000
cache size	: 6144 KB
physical id	: 0
siblings	: 2
core id		: 0
cpu cores	: 2
apicid		: 0
initial apicid	: 0
fpu		: yes
fpu_exception	: yes
cpuid level	: 13
wp		: yes
flags		: fpu vme de pse tsc msr pae mce cx8 apic sep mtrr pge mca cmov pat pse36 clflush dts acpi mmx fxsr sse sse2 ss ht tm pbe syscall nx lm constant_tsc arch_perfmon pebs bts rep_good nopl aperfmperf pni dtes64 monitor ds_cpl vmx smx est tm2 ssse3 cx16 xtpr pdcm sse4_1 xsave lahf_lm tpr_shadow vnmi flexpriority dtherm ida
bugs		:
bogomips	: 5054.17
clflush size	: 64
cache_alignment	: 64
address sizes	: 36 bits physical, 48 bits virtual
power management:

processor	: 1
vendor_id	: GenuineIntel
cpu family	: 6
model		: 23
model name	: Intel(R) Core(TM)2 Duo CPU     P9600  @ 2.53GHz
stepping	: 10
microcode	: 0xa07
cpu MHz		: 2535.000
cache size	: 6144 KB
physical id	: 0
siblings	: 2
core id		: 1
cpu cores	: 2
apicid		: 1
initial apicid	: 1
fpu		: yes
fpu_exception	: yes
cpuid level	: 13
wp		: yes
flags		: fpu vme de pse tsc msr pae mce cx8 apic sep mtrr pge mca cmov pat pse36 clflush dts acpi mmx fxsr sse sse2 ss ht tm pbe syscall nx lm constant_tsc arch_perfmon pebs bts rep_good nopl aperfmperf pni dtes64 monitor ds_cpl vmx smx est tm2 ssse3 cx16 xtpr pdcm sse4_1 xsave lahf_lm tpr_shadow vnmi flexpriority dtherm ida
bugs		:
bogomips	: 5054.17
clflush size	: 64
cache_alignment	: 64
address sizes	: 36 bits physical, 48 bits virtual
power management:



Memory: 4k page, physical 6062440k(996528k free), swap 6241276k(4111724k free)

vm_info: Java HotSpot(TM) 64-Bit Server VM (25.101-b13) for linux-amd64 JRE (1.8.0_101-b13), built on Jun 22 2016 02:59:44 by "java_re" with gcc 4.3.0 20080428 (Red Hat 4.3.0-8)

time: Wed Sep 14 02:45:03 2016
elapsed time: 12575 seconds (0d 3h 29m 35s)

